xilinx rtfpga
rt::do_reinfer_area_combined 1
WARNING: [Synth 8-3936] Found unconnected internal register 'u_ctrl/u_last_in_delay/GEN_DELAY[2].reg_i/q_reg' and it is trimmed from '32' to '1' bits. [/ecel/UFAD/miguel.sanchez1/BNN_actual/rtl/Used/Not_Divided/Register_ALWAYS.sv:10]
WARNING: [Synth 8-3936] Found unconnected internal register 'u_ctrl/u_last_in_delay/GEN_DELAY[1].reg_i/q_reg' and it is trimmed from '32' to '1' bits. [/ecel/UFAD/miguel.sanchez1/BNN_actual/rtl/Used/Not_Divided/Register_ALWAYS.sv:10]
WARNING: [Synth 8-3936] Found unconnected internal register 'u_ctrl/u_last_in_delay/GEN_DELAY[0].reg_i/q_reg' and it is trimmed from '32' to '1' bits. [/ecel/UFAD/miguel.sanchez1/BNN_actual/rtl/Used/Not_Divided/Register_ALWAYS.sv:10]
INFO: [Synth 8-7082] The signal gen_wr_a.gen_word_narrow.mem_reg is implemented as Block RAM but is better mapped onto distributed LUT RAM for the following reason(s): The depth (3 address bits) is shallow. Please use attribute (* ram_style = "distributed" *) to instruct Vivado to infer distributed LUT RAM.
INFO: [Synth 8-7082] The signal gen_wr_a.gen_word_narrow.mem_reg is implemented as Block RAM but is better mapped onto distributed LUT RAM for the following reason(s): The depth (3 address bits) is shallow. Please use attribute (* ram_style = "distributed" *) to instruct Vivado to infer distributed LUT RAM.
INFO: [Synth 8-7082] The signal gen_wr_a.gen_word_narrow.mem_reg is implemented as Block RAM but is better mapped onto distributed LUT RAM for the following reason(s): The depth (3 address bits) is shallow. Please use attribute (* ram_style = "distributed" *) to instruct Vivado to infer distributed LUT RAM.
INFO: [Synth 8-7082] The signal gen_wr_a.gen_word_narrow.mem_reg is implemented as Block RAM but is better mapped onto distributed LUT RAM for the following reason(s): The depth (3 address bits) is shallow. Please use attribute (* ram_style = "distributed" *) to instruct Vivado to infer distributed LUT RAM.
INFO: [Synth 8-7082] The signal gen_wr_a.gen_word_narrow.mem_reg is implemented as Block RAM but is better mapped onto distributed LUT RAM for the following reason(s): The depth (3 address bits) is shallow. Please use attribute (* ram_style = "distributed" *) to instruct Vivado to infer distributed LUT RAM.
INFO: [Synth 8-7082] The signal gen_wr_a.gen_word_narrow.mem_reg is implemented as Block RAM but is better mapped onto distributed LUT RAM for the following reason(s): The depth (3 address bits) is shallow. Please use attribute (* ram_style = "distributed" *) to instruct Vivado to infer distributed LUT RAM.
INFO: [Synth 8-7082] The signal gen_wr_a.gen_word_narrow.mem_reg is implemented as Block RAM but is better mapped onto distributed LUT RAM for the following reason(s): The depth (3 address bits) is shallow. Please use attribute (* ram_style = "distributed" *) to instruct Vivado to infer distributed LUT RAM.
INFO: [Synth 8-7082] The signal gen_wr_a.gen_word_narrow.mem_reg is implemented as Block RAM but is better mapped onto distributed LUT RAM for the following reason(s): The depth (3 address bits) is shallow. Please use attribute (* ram_style = "distributed" *) to instruct Vivado to infer distributed LUT RAM.
INFO: [Synth 8-7082] The signal gen_wr_a.gen_word_narrow.mem_reg is implemented as Block RAM but is better mapped onto distributed LUT RAM for the following reason(s): The depth (3 address bits) is shallow. Please use attribute (* ram_style = "distributed" *) to instruct Vivado to infer distributed LUT RAM.
INFO: [Synth 8-7082] The signal gen_wr_a.gen_word_narrow.mem_reg is implemented as Block RAM but is better mapped onto distributed LUT RAM for the following reason(s): The depth (3 address bits) is shallow. Please use attribute (* ram_style = "distributed" *) to instruct Vivado to infer distributed LUT RAM.
INFO: [Synth 8-3333] propagating constant 0 across sequential element (\GEN_LAYERS[2].GEN_HN.GEN_HN_FINAL.u_bnn_layer/u_cfg_ctrl/u_build_w/base_byte_s1_reg[1] )
INFO: [Synth 8-3333] propagating constant 0 across sequential element (\GEN_LAYERS[2].GEN_HN.GEN_HN_FINAL.u_bnn_layer/u_cfg_ctrl/u_build_w/base_byte_s1_reg[0] )
INFO: [Synth 8-3886] merging instance 'GEN_LAYERS[2].GEN_HN.GEN_HN_FINAL.u_bnn_layer/u_input_buffer/raddr_reg0_reg[2]' (FD) to 'GEN_LAYERS[2].GEN_HN.GEN_HN_FINAL.u_bnn_layer/u_layer/u_ctrl/w_ram_b_addr_reg1_reg[2]'
INFO: [Synth 8-3886] merging instance 'GEN_LAYERS[2].GEN_HN.GEN_HN_FINAL.u_bnn_layer/u_input_buffer/raddr_reg0_reg[1]' (FD) to 'GEN_LAYERS[2].GEN_HN.GEN_HN_FINAL.u_bnn_layer/u_layer/u_ctrl/w_ram_b_addr_reg1_reg[1]'
INFO: [Synth 8-3886] merging instance 'GEN_LAYERS[2].GEN_HN.GEN_HN_FINAL.u_bnn_layer/u_input_buffer/raddr_reg0_reg[0]' (FD) to 'GEN_LAYERS[2].GEN_HN.GEN_HN_FINAL.u_bnn_layer/u_layer/u_ctrl/w_ram_b_addr_reg1_reg[0]'
INFO: [Synth 8-3886] merging instance 'GEN_LAYERS[2].GEN_HN.GEN_HN_FINAL.u_bnn_layer/u_layer/u_np_layer/GEN_NP[0].u_np_mem/last_in_r_reg' (FD) to 'GEN_LAYERS[2].GEN_HN.GEN_HN_FINAL.u_bnn_layer/u_layer/u_np_layer/GEN_NP[9].u_np_mem/last_in_r_reg'
INFO: [Synth 8-3886] merging instance 'GEN_LAYERS[2].GEN_HN.GEN_HN_FINAL.u_bnn_layer/u_layer/u_np_layer/GEN_NP[1].u_np_mem/last_in_r_reg' (FD) to 'GEN_LAYERS[2].GEN_HN.GEN_HN_FINAL.u_bnn_layer/u_layer/u_np_layer/GEN_NP[9].u_np_mem/last_in_r_reg'
INFO: [Synth 8-3886] merging instance 'GEN_LAYERS[2].GEN_HN.GEN_HN_FINAL.u_bnn_layer/u_layer/u_np_layer/GEN_NP[2].u_np_mem/last_in_r_reg' (FD) to 'GEN_LAYERS[2].GEN_HN.GEN_HN_FINAL.u_bnn_layer/u_layer/u_np_layer/GEN_NP[9].u_np_mem/last_in_r_reg'
INFO: [Synth 8-3886] merging instance 'GEN_LAYERS[2].GEN_HN.GEN_HN_FINAL.u_bnn_layer/u_layer/u_np_layer/GEN_NP[3].u_np_mem/last_in_r_reg' (FD) to 'GEN_LAYERS[2].GEN_HN.GEN_HN_FINAL.u_bnn_layer/u_layer/u_np_layer/GEN_NP[9].u_np_mem/last_in_r_reg'
INFO: [Synth 8-3886] merging instance 'GEN_LAYERS[2].GEN_HN.GEN_HN_FINAL.u_bnn_layer/u_layer/u_np_layer/GEN_NP[4].u_np_mem/last_in_r_reg' (FD) to 'GEN_LAYERS[2].GEN_HN.GEN_HN_FINAL.u_bnn_layer/u_layer/u_np_layer/GEN_NP[9].u_np_mem/last_in_r_reg'
INFO: [Synth 8-3886] merging instance 'GEN_LAYERS[2].GEN_HN.GEN_HN_FINAL.u_bnn_layer/u_layer/u_np_layer/GEN_NP[5].u_np_mem/last_in_r_reg' (FD) to 'GEN_LAYERS[2].GEN_HN.GEN_HN_FINAL.u_bnn_layer/u_layer/u_np_layer/GEN_NP[9].u_np_mem/last_in_r_reg'
INFO: [Synth 8-3886] merging instance 'GEN_LAYERS[2].GEN_HN.GEN_HN_FINAL.u_bnn_layer/u_layer/u_np_layer/GEN_NP[6].u_np_mem/last_in_r_reg' (FD) to 'GEN_LAYERS[2].GEN_HN.GEN_HN_FINAL.u_bnn_layer/u_layer/u_np_layer/GEN_NP[9].u_np_mem/last_in_r_reg'
INFO: [Synth 8-3886] merging instance 'GEN_LAYERS[2].GEN_HN.GEN_HN_FINAL.u_bnn_layer/u_layer/u_np_layer/GEN_NP[7].u_np_mem/last_in_r_reg' (FD) to 'GEN_LAYERS[2].GEN_HN.GEN_HN_FINAL.u_bnn_layer/u_layer/u_np_layer/GEN_NP[9].u_np_mem/last_in_r_reg'
INFO: [Synth 8-3886] merging instance 'GEN_LAYERS[2].GEN_HN.GEN_HN_FINAL.u_bnn_layer/u_layer/u_np_layer/GEN_NP[8].u_np_mem/last_in_r_reg' (FD) to 'GEN_LAYERS[2].GEN_HN.GEN_HN_FINAL.u_bnn_layer/u_layer/u_np_layer/GEN_NP[9].u_np_mem/last_in_r_reg'
INFO: [Synth 8-3886] merging instance 'GEN_LAYERS[2].GEN_HN.GEN_HN_FINAL.u_bnn_layer/u_layer/u_np_layer/GEN_NP[0].u_np_mem/x_in_r_reg[31]' (FD) to 'GEN_LAYERS[2].GEN_HN.GEN_HN_FINAL.u_bnn_layer/u_layer/u_np_layer/GEN_NP[9].u_np_mem/x_in_r_reg[31]'
INFO: [Synth 8-3886] merging instance 'GEN_LAYERS[2].GEN_HN.GEN_HN_FINAL.u_bnn_layer/u_layer/u_np_layer/GEN_NP[0].u_np_mem/x_in_r_reg[30]' (FD) to 'GEN_LAYERS[2].GEN_HN.GEN_HN_FINAL.u_bnn_layer/u_layer/u_np_layer/GEN_NP[9].u_np_mem/x_in_r_reg[30]'
INFO: [Synth 8-3886] merging instance 'GEN_LAYERS[2].GEN_HN.GEN_HN_FINAL.u_bnn_layer/u_layer/u_np_layer/GEN_NP[0].u_np_mem/x_in_r_reg[29]' (FD) to 'GEN_LAYERS[2].GEN_HN.GEN_HN_FINAL.u_bnn_layer/u_layer/u_np_layer/GEN_NP[9].u_np_mem/x_in_r_reg[29]'
INFO: [Synth 8-3886] merging instance 'GEN_LAYERS[2].GEN_HN.GEN_HN_FINAL.u_bnn_layer/u_layer/u_np_layer/GEN_NP[0].u_np_mem/x_in_r_reg[28]' (FD) to 'GEN_LAYERS[2].GEN_HN.GEN_HN_FINAL.u_bnn_layer/u_layer/u_np_layer/GEN_NP[9].u_np_mem/x_in_r_reg[28]'
INFO: [Synth 8-3886] merging instance 'GEN_LAYERS[2].GEN_HN.GEN_HN_FINAL.u_bnn_layer/u_layer/u_np_layer/GEN_NP[0].u_np_mem/x_in_r_reg[27]' (FD) to 'GEN_LAYERS[2].GEN_HN.GEN_HN_FINAL.u_bnn_layer/u_layer/u_np_layer/GEN_NP[9].u_np_mem/x_in_r_reg[27]'
INFO: [Synth 8-3886] merging instance 'GEN_LAYERS[2].GEN_HN.GEN_HN_FINAL.u_bnn_layer/u_layer/u_np_layer/GEN_NP[0].u_np_mem/x_in_r_reg[26]' (FD) to 'GEN_LAYERS[2].GEN_HN.GEN_HN_FINAL.u_bnn_layer/u_layer/u_np_layer/GEN_NP[9].u_np_mem/x_in_r_reg[26]'
INFO: [Synth 8-3886] merging instance 'GEN_LAYERS[2].GEN_HN.GEN_HN_FINAL.u_bnn_layer/u_layer/u_np_layer/GEN_NP[0].u_np_mem/x_in_r_reg[25]' (FD) to 'GEN_LAYERS[2].GEN_HN.GEN_HN_FINAL.u_bnn_layer/u_layer/u_np_layer/GEN_NP[9].u_np_mem/x_in_r_reg[25]'
INFO: [Synth 8-3886] merging instance 'GEN_LAYERS[2].GEN_HN.GEN_HN_FINAL.u_bnn_layer/u_layer/u_np_layer/GEN_NP[0].u_np_mem/x_in_r_reg[24]' (FD) to 'GEN_LAYERS[2].GEN_HN.GEN_HN_FINAL.u_bnn_layer/u_layer/u_np_layer/GEN_NP[9].u_np_mem/x_in_r_reg[24]'
INFO: [Synth 8-3886] merging instance 'GEN_LAYERS[2].GEN_HN.GEN_HN_FINAL.u_bnn_layer/u_layer/u_np_layer/GEN_NP[0].u_np_mem/x_in_r_reg[23]' (FD) to 'GEN_LAYERS[2].GEN_HN.GEN_HN_FINAL.u_bnn_layer/u_layer/u_np_layer/GEN_NP[9].u_np_mem/x_in_r_reg[23]'
INFO: [Synth 8-3886] merging instance 'GEN_LAYERS[2].GEN_HN.GEN_HN_FINAL.u_bnn_layer/u_layer/u_np_layer/GEN_NP[0].u_np_mem/x_in_r_reg[22]' (FD) to 'GEN_LAYERS[2].GEN_HN.GEN_HN_FINAL.u_bnn_layer/u_layer/u_np_layer/GEN_NP[9].u_np_mem/x_in_r_reg[22]'
INFO: [Synth 8-3886] merging instance 'GEN_LAYERS[2].GEN_HN.GEN_HN_FINAL.u_bnn_layer/u_layer/u_np_layer/GEN_NP[0].u_np_mem/x_in_r_reg[21]' (FD) to 'GEN_LAYERS[2].GEN_HN.GEN_HN_FINAL.u_bnn_layer/u_layer/u_np_layer/GEN_NP[9].u_np_mem/x_in_r_reg[21]'
INFO: [Synth 8-3886] merging instance 'GEN_LAYERS[2].GEN_HN.GEN_HN_FINAL.u_bnn_layer/u_layer/u_np_layer/GEN_NP[0].u_np_mem/x_in_r_reg[20]' (FD) to 'GEN_LAYERS[2].GEN_HN.GEN_HN_FINAL.u_bnn_layer/u_layer/u_np_layer/GEN_NP[9].u_np_mem/x_in_r_reg[20]'
INFO: [Synth 8-3886] merging instance 'GEN_LAYERS[2].GEN_HN.GEN_HN_FINAL.u_bnn_layer/u_layer/u_np_layer/GEN_NP[0].u_np_mem/x_in_r_reg[19]' (FD) to 'GEN_LAYERS[2].GEN_HN.GEN_HN_FINAL.u_bnn_layer/u_layer/u_np_layer/GEN_NP[9].u_np_mem/x_in_r_reg[19]'
INFO: [Synth 8-3886] merging instance 'GEN_LAYERS[2].GEN_HN.GEN_HN_FINAL.u_bnn_layer/u_layer/u_np_layer/GEN_NP[0].u_np_mem/x_in_r_reg[18]' (FD) to 'GEN_LAYERS[2].GEN_HN.GEN_HN_FINAL.u_bnn_layer/u_layer/u_np_layer/GEN_NP[9].u_np_mem/x_in_r_reg[18]'
INFO: [Synth 8-3886] merging instance 'GEN_LAYERS[2].GEN_HN.GEN_HN_FINAL.u_bnn_layer/u_layer/u_np_layer/GEN_NP[0].u_np_mem/x_in_r_reg[17]' (FD) to 'GEN_LAYERS[2].GEN_HN.GEN_HN_FINAL.u_bnn_layer/u_layer/u_np_layer/GEN_NP[9].u_np_mem/x_in_r_reg[17]'
INFO: [Synth 8-3886] merging instance 'GEN_LAYERS[2].GEN_HN.GEN_HN_FINAL.u_bnn_layer/u_layer/u_np_layer/GEN_NP[0].u_np_mem/x_in_r_reg[16]' (FD) to 'GEN_LAYERS[2].GEN_HN.GEN_HN_FINAL.u_bnn_layer/u_layer/u_np_layer/GEN_NP[9].u_np_mem/x_in_r_reg[16]'
INFO: [Synth 8-3886] merging instance 'GEN_LAYERS[2].GEN_HN.GEN_HN_FINAL.u_bnn_layer/u_layer/u_np_layer/GEN_NP[0].u_np_mem/x_in_r_reg[15]' (FD) to 'GEN_LAYERS[2].GEN_HN.GEN_HN_FINAL.u_bnn_layer/u_layer/u_np_layer/GEN_NP[9].u_np_mem/x_in_r_reg[15]'
INFO: [Synth 8-3886] merging instance 'GEN_LAYERS[2].GEN_HN.GEN_HN_FINAL.u_bnn_layer/u_layer/u_np_layer/GEN_NP[0].u_np_mem/x_in_r_reg[14]' (FD) to 'GEN_LAYERS[2].GEN_HN.GEN_HN_FINAL.u_bnn_layer/u_layer/u_np_layer/GEN_NP[9].u_np_mem/x_in_r_reg[14]'
INFO: [Synth 8-3886] merging instance 'GEN_LAYERS[2].GEN_HN.GEN_HN_FINAL.u_bnn_layer/u_layer/u_np_layer/GEN_NP[0].u_np_mem/x_in_r_reg[13]' (FD) to 'GEN_LAYERS[2].GEN_HN.GEN_HN_FINAL.u_bnn_layer/u_layer/u_np_layer/GEN_NP[9].u_np_mem/x_in_r_reg[13]'
INFO: [Synth 8-3886] merging instance 'GEN_LAYERS[2].GEN_HN.GEN_HN_FINAL.u_bnn_layer/u_layer/u_np_layer/GEN_NP[0].u_np_mem/x_in_r_reg[12]' (FD) to 'GEN_LAYERS[2].GEN_HN.GEN_HN_FINAL.u_bnn_layer/u_layer/u_np_layer/GEN_NP[9].u_np_mem/x_in_r_reg[12]'
INFO: [Synth 8-3886] merging instance 'GEN_LAYERS[2].GEN_HN.GEN_HN_FINAL.u_bnn_layer/u_layer/u_np_layer/GEN_NP[0].u_np_mem/x_in_r_reg[11]' (FD) to 'GEN_LAYERS[2].GEN_HN.GEN_HN_FINAL.u_bnn_layer/u_layer/u_np_layer/GEN_NP[9].u_np_mem/x_in_r_reg[11]'
INFO: [Synth 8-3886] merging instance 'GEN_LAYERS[2].GEN_HN.GEN_HN_FINAL.u_bnn_layer/u_layer/u_np_layer/GEN_NP[0].u_np_mem/x_in_r_reg[10]' (FD) to 'GEN_LAYERS[2].GEN_HN.GEN_HN_FINAL.u_bnn_layer/u_layer/u_np_layer/GEN_NP[9].u_np_mem/x_in_r_reg[10]'
INFO: [Synth 8-3886] merging instance 'GEN_LAYERS[2].GEN_HN.GEN_HN_FINAL.u_bnn_layer/u_layer/u_np_layer/GEN_NP[0].u_np_mem/x_in_r_reg[9]' (FD) to 'GEN_LAYERS[2].GEN_HN.GEN_HN_FINAL.u_bnn_layer/u_layer/u_np_layer/GEN_NP[9].u_np_mem/x_in_r_reg[9]'
INFO: [Synth 8-3886] merging instance 'GEN_LAYERS[2].GEN_HN.GEN_HN_FINAL.u_bnn_layer/u_layer/u_np_layer/GEN_NP[0].u_np_mem/x_in_r_reg[8]' (FD) to 'GEN_LAYERS[2].GEN_HN.GEN_HN_FINAL.u_bnn_layer/u_layer/u_np_layer/GEN_NP[9].u_np_mem/x_in_r_reg[8]'
INFO: [Synth 8-3886] merging instance 'GEN_LAYERS[2].GEN_HN.GEN_HN_FINAL.u_bnn_layer/u_layer/u_np_layer/GEN_NP[0].u_np_mem/x_in_r_reg[7]' (FD) to 'GEN_LAYERS[2].GEN_HN.GEN_HN_FINAL.u_bnn_layer/u_layer/u_np_layer/GEN_NP[9].u_np_mem/x_in_r_reg[7]'
INFO: [Synth 8-3886] merging instance 'GEN_LAYERS[2].GEN_HN.GEN_HN_FINAL.u_bnn_layer/u_layer/u_np_layer/GEN_NP[0].u_np_mem/x_in_r_reg[6]' (FD) to 'GEN_LAYERS[2].GEN_HN.GEN_HN_FINAL.u_bnn_layer/u_layer/u_np_layer/GEN_NP[9].u_np_mem/x_in_r_reg[6]'
INFO: [Synth 8-3886] merging instance 'GEN_LAYERS[2].GEN_HN.GEN_HN_FINAL.u_bnn_layer/u_layer/u_np_layer/GEN_NP[0].u_np_mem/x_in_r_reg[5]' (FD) to 'GEN_LAYERS[2].GEN_HN.GEN_HN_FINAL.u_bnn_layer/u_layer/u_np_layer/GEN_NP[9].u_np_mem/x_in_r_reg[5]'
INFO: [Synth 8-3886] merging instance 'GEN_LAYERS[2].GEN_HN.GEN_HN_FINAL.u_bnn_layer/u_layer/u_np_layer/GEN_NP[0].u_np_mem/x_in_r_reg[4]' (FD) to 'GEN_LAYERS[2].GEN_HN.GEN_HN_FINAL.u_bnn_layer/u_layer/u_np_layer/GEN_NP[9].u_np_mem/x_in_r_reg[4]'
INFO: [Synth 8-3886] merging instance 'GEN_LAYERS[2].GEN_HN.GEN_HN_FINAL.u_bnn_layer/u_layer/u_np_layer/GEN_NP[0].u_np_mem/x_in_r_reg[3]' (FD) to 'GEN_LAYERS[2].GEN_HN.GEN_HN_FINAL.u_bnn_layer/u_layer/u_np_layer/GEN_NP[9].u_np_mem/x_in_r_reg[3]'
INFO: [Synth 8-3886] merging instance 'GEN_LAYERS[2].GEN_HN.GEN_HN_FINAL.u_bnn_layer/u_layer/u_np_layer/GEN_NP[0].u_np_mem/x_in_r_reg[2]' (FD) to 'GEN_LAYERS[2].GEN_HN.GEN_HN_FINAL.u_bnn_layer/u_layer/u_np_layer/GEN_NP[9].u_np_mem/x_in_r_reg[2]'
INFO: [Synth 8-3886] merging instance 'GEN_LAYERS[2].GEN_HN.GEN_HN_FINAL.u_bnn_layer/u_layer/u_np_layer/GEN_NP[0].u_np_mem/x_in_r_reg[1]' (FD) to 'GEN_LAYERS[2].GEN_HN.GEN_HN_FINAL.u_bnn_layer/u_layer/u_np_layer/GEN_NP[9].u_np_mem/x_in_r_reg[1]'
INFO: [Synth 8-3886] merging instance 'GEN_LAYERS[2].GEN_HN.GEN_HN_FINAL.u_bnn_layer/u_layer/u_np_layer/GEN_NP[0].u_np_mem/x_in_r_reg[0]' (FD) to 'GEN_LAYERS[2].GEN_HN.GEN_HN_FINAL.u_bnn_layer/u_layer/u_np_layer/GEN_NP[9].u_np_mem/x_in_r_reg[0]'
INFO: [Synth 8-3886] merging instance 'GEN_LAYERS[2].GEN_HN.GEN_HN_FINAL.u_bnn_layer/u_layer/u_np_layer/GEN_NP[0].u_np_mem/valid_in_r_reg' (FDC) to 'GEN_LAYERS[2].GEN_HN.GEN_HN_FINAL.u_bnn_layer/u_layer/u_np_layer/GEN_NP[9].u_np_mem/valid_in_r_reg'
INFO: [Synth 8-3886] merging instance 'GEN_LAYERS[2].GEN_HN.GEN_HN_FINAL.u_bnn_layer/u_layer/u_np_layer/GEN_NP[0].u_np_mem/last_in_np_reg' (FDC) to 'GEN_LAYERS[2].GEN_HN.GEN_HN_FINAL.u_bnn_layer/u_layer/u_np_layer/GEN_NP[8].u_np_mem/last_in_np_reg'
INFO: [Synth 8-3886] merging instance 'GEN_LAYERS[2].GEN_HN.GEN_HN_FINAL.u_bnn_layer/u_layer/u_np_layer/GEN_NP[1].u_np_mem/x_in_r_reg[31]' (FD) to 'GEN_LAYERS[2].GEN_HN.GEN_HN_FINAL.u_bnn_layer/u_layer/u_np_layer/GEN_NP[9].u_np_mem/x_in_r_reg[31]'
INFO: [Synth 8-3886] merging instance 'GEN_LAYERS[2].GEN_HN.GEN_HN_FINAL.u_bnn_layer/u_layer/u_np_layer/GEN_NP[1].u_np_mem/x_in_r_reg[30]' (FD) to 'GEN_LAYERS[2].GEN_HN.GEN_HN_FINAL.u_bnn_layer/u_layer/u_np_layer/GEN_NP[9].u_np_mem/x_in_r_reg[30]'
INFO: [Synth 8-3886] merging instance 'GEN_LAYERS[2].GEN_HN.GEN_HN_FINAL.u_bnn_layer/u_layer/u_np_layer/GEN_NP[1].u_np_mem/x_in_r_reg[29]' (FD) to 'GEN_LAYERS[2].GEN_HN.GEN_HN_FINAL.u_bnn_layer/u_layer/u_np_layer/GEN_NP[9].u_np_mem/x_in_r_reg[29]'
INFO: [Synth 8-3886] merging instance 'GEN_LAYERS[2].GEN_HN.GEN_HN_FINAL.u_bnn_layer/u_layer/u_np_layer/GEN_NP[1].u_np_mem/x_in_r_reg[28]' (FD) to 'GEN_LAYERS[2].GEN_HN.GEN_HN_FINAL.u_bnn_layer/u_layer/u_np_layer/GEN_NP[9].u_np_mem/x_in_r_reg[28]'
INFO: [Synth 8-3886] merging instance 'GEN_LAYERS[2].GEN_HN.GEN_HN_FINAL.u_bnn_layer/u_layer/u_np_layer/GEN_NP[1].u_np_mem/x_in_r_reg[27]' (FD) to 'GEN_LAYERS[2].GEN_HN.GEN_HN_FINAL.u_bnn_layer/u_layer/u_np_layer/GEN_NP[9].u_np_mem/x_in_r_reg[27]'
INFO: [Synth 8-3886] merging instance 'GEN_LAYERS[2].GEN_HN.GEN_HN_FINAL.u_bnn_layer/u_layer/u_np_layer/GEN_NP[1].u_np_mem/x_in_r_reg[26]' (FD) to 'GEN_LAYERS[2].GEN_HN.GEN_HN_FINAL.u_bnn_layer/u_layer/u_np_layer/GEN_NP[9].u_np_mem/x_in_r_reg[26]'
INFO: [Synth 8-3886] merging instance 'GEN_LAYERS[2].GEN_HN.GEN_HN_FINAL.u_bnn_layer/u_layer/u_np_layer/GEN_NP[1].u_np_mem/x_in_r_reg[25]' (FD) to 'GEN_LAYERS[2].GEN_HN.GEN_HN_FINAL.u_bnn_layer/u_layer/u_np_layer/GEN_NP[9].u_np_mem/x_in_r_reg[25]'
INFO: [Synth 8-3886] merging instance 'GEN_LAYERS[2].GEN_HN.GEN_HN_FINAL.u_bnn_layer/u_layer/u_np_layer/GEN_NP[1].u_np_mem/x_in_r_reg[24]' (FD) to 'GEN_LAYERS[2].GEN_HN.GEN_HN_FINAL.u_bnn_layer/u_layer/u_np_layer/GEN_NP[9].u_np_mem/x_in_r_reg[24]'
INFO: [Synth 8-3886] merging instance 'GEN_LAYERS[2].GEN_HN.GEN_HN_FINAL.u_bnn_layer/u_layer/u_np_layer/GEN_NP[1].u_np_mem/x_in_r_reg[23]' (FD) to 'GEN_LAYERS[2].GEN_HN.GEN_HN_FINAL.u_bnn_layer/u_layer/u_np_layer/GEN_NP[9].u_np_mem/x_in_r_reg[23]'
INFO: [Synth 8-3886] merging instance 'GEN_LAYERS[2].GEN_HN.GEN_HN_FINAL.u_bnn_layer/u_layer/u_np_layer/GEN_NP[1].u_np_mem/x_in_r_reg[22]' (FD) to 'GEN_LAYERS[2].GEN_HN.GEN_HN_FINAL.u_bnn_layer/u_layer/u_np_layer/GEN_NP[9].u_np_mem/x_in_r_reg[22]'
INFO: [Synth 8-3886] merging instance 'GEN_LAYERS[2].GEN_HN.GEN_HN_FINAL.u_bnn_layer/u_layer/u_np_layer/GEN_NP[1].u_np_mem/x_in_r_reg[21]' (FD) to 'GEN_LAYERS[2].GEN_HN.GEN_HN_FINAL.u_bnn_layer/u_layer/u_np_layer/GEN_NP[9].u_np_mem/x_in_r_reg[21]'
INFO: [Synth 8-3886] merging instance 'GEN_LAYERS[2].GEN_HN.GEN_HN_FINAL.u_bnn_layer/u_layer/u_np_layer/GEN_NP[1].u_np_mem/x_in_r_reg[20]' (FD) to 'GEN_LAYERS[2].GEN_HN.GEN_HN_FINAL.u_bnn_layer/u_layer/u_np_layer/GEN_NP[9].u_np_mem/x_in_r_reg[20]'
INFO: [Synth 8-3886] merging instance 'GEN_LAYERS[2].GEN_HN.GEN_HN_FINAL.u_bnn_layer/u_layer/u_np_layer/GEN_NP[1].u_np_mem/x_in_r_reg[19]' (FD) to 'GEN_LAYERS[2].GEN_HN.GEN_HN_FINAL.u_bnn_layer/u_layer/u_np_layer/GEN_NP[9].u_np_mem/x_in_r_reg[19]'
INFO: [Synth 8-3886] merging instance 'GEN_LAYERS[2].GEN_HN.GEN_HN_FINAL.u_bnn_layer/u_layer/u_np_layer/GEN_NP[1].u_np_mem/x_in_r_reg[18]' (FD) to 'GEN_LAYERS[2].GEN_HN.GEN_HN_FINAL.u_bnn_layer/u_layer/u_np_layer/GEN_NP[9].u_np_mem/x_in_r_reg[18]'
INFO: [Synth 8-3886] merging instance 'GEN_LAYERS[2].GEN_HN.GEN_HN_FINAL.u_bnn_layer/u_layer/u_np_layer/GEN_NP[1].u_np_mem/x_in_r_reg[17]' (FD) to 'GEN_LAYERS[2].GEN_HN.GEN_HN_FINAL.u_bnn_layer/u_layer/u_np_layer/GEN_NP[9].u_np_mem/x_in_r_reg[17]'
INFO: [Synth 8-3886] merging instance 'GEN_LAYERS[2].GEN_HN.GEN_HN_FINAL.u_bnn_layer/u_layer/u_np_layer/GEN_NP[1].u_np_mem/x_in_r_reg[16]' (FD) to 'GEN_LAYERS[2].GEN_HN.GEN_HN_FINAL.u_bnn_layer/u_layer/u_np_layer/GEN_NP[9].u_np_mem/x_in_r_reg[16]'
INFO: [Synth 8-3886] merging instance 'GEN_LAYERS[2].GEN_HN.GEN_HN_FINAL.u_bnn_layer/u_layer/u_np_layer/GEN_NP[1].u_np_mem/x_in_r_reg[15]' (FD) to 'GEN_LAYERS[2].GEN_HN.GEN_HN_FINAL.u_bnn_layer/u_layer/u_np_layer/GEN_NP[9].u_np_mem/x_in_r_reg[15]'
INFO: [Synth 8-3886] merging instance 'GEN_LAYERS[2].GEN_HN.GEN_HN_FINAL.u_bnn_layer/u_layer/u_np_layer/GEN_NP[1].u_np_mem/x_in_r_reg[14]' (FD) to 'GEN_LAYERS[2].GEN_HN.GEN_HN_FINAL.u_bnn_layer/u_layer/u_np_layer/GEN_NP[9].u_np_mem/x_in_r_reg[14]'
INFO: [Synth 8-3886] merging instance 'GEN_LAYERS[2].GEN_HN.GEN_HN_FINAL.u_bnn_layer/u_layer/u_np_layer/GEN_NP[1].u_np_mem/x_in_r_reg[13]' (FD) to 'GEN_LAYERS[2].GEN_HN.GEN_HN_FINAL.u_bnn_layer/u_layer/u_np_layer/GEN_NP[9].u_np_mem/x_in_r_reg[13]'
INFO: [Synth 8-3886] merging instance 'GEN_LAYERS[2].GEN_HN.GEN_HN_FINAL.u_bnn_layer/u_layer/u_np_layer/GEN_NP[1].u_np_mem/x_in_r_reg[12]' (FD) to 'GEN_LAYERS[2].GEN_HN.GEN_HN_FINAL.u_bnn_layer/u_layer/u_np_layer/GEN_NP[9].u_np_mem/x_in_r_reg[12]'
INFO: [Synth 8-3886] merging instance 'GEN_LAYERS[2].GEN_HN.GEN_HN_FINAL.u_bnn_layer/u_layer/u_np_layer/GEN_NP[1].u_np_mem/x_in_r_reg[11]' (FD) to 'GEN_LAYERS[2].GEN_HN.GEN_HN_FINAL.u_bnn_layer/u_layer/u_np_layer/GEN_NP[9].u_np_mem/x_in_r_reg[11]'
INFO: [Synth 8-3886] merging instance 'GEN_LAYERS[2].GEN_HN.GEN_HN_FINAL.u_bnn_layer/u_layer/u_np_layer/GEN_NP[1].u_np_mem/x_in_r_reg[10]' (FD) to 'GEN_LAYERS[2].GEN_HN.GEN_HN_FINAL.u_bnn_layer/u_layer/u_np_layer/GEN_NP[9].u_np_mem/x_in_r_reg[10]'
INFO: [Synth 8-3886] merging instance 'GEN_LAYERS[2].GEN_HN.GEN_HN_FINAL.u_bnn_layer/u_layer/u_np_layer/GEN_NP[1].u_np_mem/x_in_r_reg[9]' (FD) to 'GEN_LAYERS[2].GEN_HN.GEN_HN_FINAL.u_bnn_layer/u_layer/u_np_layer/GEN_NP[9].u_np_mem/x_in_r_reg[9]'
INFO: [Synth 8-3886] merging instance 'GEN_LAYERS[2].GEN_HN.GEN_HN_FINAL.u_bnn_layer/u_layer/u_np_layer/GEN_NP[1].u_np_mem/x_in_r_reg[8]' (FD) to 'GEN_LAYERS[2].GEN_HN.GEN_HN_FINAL.u_bnn_layer/u_layer/u_np_layer/GEN_NP[9].u_np_mem/x_in_r_reg[8]'
INFO: [Synth 8-3886] merging instance 'GEN_LAYERS[2].GEN_HN.GEN_HN_FINAL.u_bnn_layer/u_layer/u_np_layer/GEN_NP[1].u_np_mem/x_in_r_reg[7]' (FD) to 'GEN_LAYERS[2].GEN_HN.GEN_HN_FINAL.u_bnn_layer/u_layer/u_np_layer/GEN_NP[9].u_np_mem/x_in_r_reg[7]'
INFO: [Synth 8-3886] merging instance 'GEN_LAYERS[2].GEN_HN.GEN_HN_FINAL.u_bnn_layer/u_layer/u_np_layer/GEN_NP[1].u_np_mem/x_in_r_reg[6]' (FD) to 'GEN_LAYERS[2].GEN_HN.GEN_HN_FINAL.u_bnn_layer/u_layer/u_np_layer/GEN_NP[9].u_np_mem/x_in_r_reg[6]'
INFO: [Synth 8-3886] merging instance 'GEN_LAYERS[2].GEN_HN.GEN_HN_FINAL.u_bnn_layer/u_layer/u_np_layer/GEN_NP[1].u_np_mem/x_in_r_reg[5]' (FD) to 'GEN_LAYERS[2].GEN_HN.GEN_HN_FINAL.u_bnn_layer/u_layer/u_np_layer/GEN_NP[9].u_np_mem/x_in_r_reg[5]'
INFO: [Synth 8-3886] merging instance 'GEN_LAYERS[2].GEN_HN.GEN_HN_FINAL.u_bnn_layer/u_layer/u_np_layer/GEN_NP[1].u_np_mem/x_in_r_reg[4]' (FD) to 'GEN_LAYERS[2].GEN_HN.GEN_HN_FINAL.u_bnn_layer/u_layer/u_np_layer/GEN_NP[9].u_np_mem/x_in_r_reg[4]'
INFO: [Synth 8-3886] merging instance 'GEN_LAYERS[2].GEN_HN.GEN_HN_FINAL.u_bnn_layer/u_layer/u_np_layer/GEN_NP[1].u_np_mem/x_in_r_reg[3]' (FD) to 'GEN_LAYERS[2].GEN_HN.GEN_HN_FINAL.u_bnn_layer/u_layer/u_np_layer/GEN_NP[9].u_np_mem/x_in_r_reg[3]'
INFO: [Synth 8-3886] merging instance 'GEN_LAYERS[2].GEN_HN.GEN_HN_FINAL.u_bnn_layer/u_layer/u_np_layer/GEN_NP[1].u_np_mem/x_in_r_reg[2]' (FD) to 'GEN_LAYERS[2].GEN_HN.GEN_HN_FINAL.u_bnn_layer/u_layer/u_np_layer/GEN_NP[9].u_np_mem/x_in_r_reg[2]'
INFO: [Synth 8-3886] merging instance 'GEN_LAYERS[2].GEN_HN.GEN_HN_FINAL.u_bnn_layer/u_layer/u_np_layer/GEN_NP[1].u_np_mem/x_in_r_reg[1]' (FD) to 'GEN_LAYERS[2].GEN_HN.GEN_HN_FINAL.u_bnn_layer/u_layer/u_np_layer/GEN_NP[9].u_np_mem/x_in_r_reg[1]'
INFO: [Synth 8-3886] merging instance 'GEN_LAYERS[2].GEN_HN.GEN_HN_FINAL.u_bnn_layer/u_layer/u_np_layer/GEN_NP[1].u_np_mem/x_in_r_reg[0]' (FD) to 'GEN_LAYERS[2].GEN_HN.GEN_HN_FINAL.u_bnn_layer/u_layer/u_np_layer/GEN_NP[9].u_np_mem/x_in_r_reg[0]'
INFO: [Synth 8-3886] merging instance 'GEN_LAYERS[2].GEN_HN.GEN_HN_FINAL.u_bnn_layer/u_layer/u_np_layer/GEN_NP[1].u_np_mem/valid_in_r_reg' (FDC) to 'GEN_LAYERS[2].GEN_HN.GEN_HN_FINAL.u_bnn_layer/u_layer/u_np_layer/GEN_NP[9].u_np_mem/valid_in_r_reg'
INFO: [Synth 8-3886] merging instance 'GEN_LAYERS[2].GEN_HN.GEN_HN_FINAL.u_bnn_layer/u_layer/u_np_layer/GEN_NP[1].u_np_mem/last_in_np_reg' (FDC) to 'GEN_LAYERS[2].GEN_HN.GEN_HN_FINAL.u_bnn_layer/u_layer/u_np_layer/GEN_NP[8].u_np_mem/last_in_np_reg'
INFO: [Synth 8-3886] merging instance 'GEN_LAYERS[2].GEN_HN.GEN_HN_FINAL.u_bnn_layer/u_layer/u_np_layer/GEN_NP[2].u_np_mem/x_in_r_reg[31]' (FD) to 'GEN_LAYERS[2].GEN_HN.GEN_HN_FINAL.u_bnn_layer/u_layer/u_np_layer/GEN_NP[9].u_np_mem/x_in_r_reg[31]'
INFO: [Synth 8-3886] merging instance 'GEN_LAYERS[2].GEN_HN.GEN_HN_FINAL.u_bnn_layer/u_layer/u_np_layer/GEN_NP[2].u_np_mem/x_in_r_reg[30]' (FD) to 'GEN_LAYERS[2].GEN_HN.GEN_HN_FINAL.u_bnn_layer/u_layer/u_np_layer/GEN_NP[9].u_np_mem/x_in_r_reg[30]'
INFO: [Synth 8-3886] merging instance 'GEN_LAYERS[2].GEN_HN.GEN_HN_FINAL.u_bnn_layer/u_layer/u_np_layer/GEN_NP[2].u_np_mem/x_in_r_reg[29]' (FD) to 'GEN_LAYERS[2].GEN_HN.GEN_HN_FINAL.u_bnn_layer/u_layer/u_np_layer/GEN_NP[9].u_np_mem/x_in_r_reg[29]'
INFO: [Synth 8-3886] merging instance 'GEN_LAYERS[2].GEN_HN.GEN_HN_FINAL.u_bnn_layer/u_layer/u_np_layer/GEN_NP[2].u_np_mem/x_in_r_reg[28]' (FD) to 'GEN_LAYERS[2].GEN_HN.GEN_HN_FINAL.u_bnn_layer/u_layer/u_np_layer/GEN_NP[9].u_np_mem/x_in_r_reg[28]'
INFO: [Synth 8-3886] merging instance 'GEN_LAYERS[2].GEN_HN.GEN_HN_FINAL.u_bnn_layer/u_layer/u_np_layer/GEN_NP[2].u_np_mem/x_in_r_reg[27]' (FD) to 'GEN_LAYERS[2].GEN_HN.GEN_HN_FINAL.u_bnn_layer/u_layer/u_np_layer/GEN_NP[9].u_np_mem/x_in_r_reg[27]'
INFO: [Synth 8-3886] merging instance 'GEN_LAYERS[2].GEN_HN.GEN_HN_FINAL.u_bnn_layer/u_layer/u_np_layer/GEN_NP[2].u_np_mem/x_in_r_reg[26]' (FD) to 'GEN_LAYERS[2].GEN_HN.GEN_HN_FINAL.u_bnn_layer/u_layer/u_np_layer/GEN_NP[9].u_np_mem/x_in_r_reg[26]'
INFO: [Synth 8-3886] merging instance 'GEN_LAYERS[2].GEN_HN.GEN_HN_FINAL.u_bnn_layer/u_layer/u_np_layer/GEN_NP[2].u_np_mem/x_in_r_reg[25]' (FD) to 'GEN_LAYERS[2].GEN_HN.GEN_HN_FINAL.u_bnn_layer/u_layer/u_np_layer/GEN_NP[9].u_np_mem/x_in_r_reg[25]'
INFO: [Synth 8-3886] merging instance 'GEN_LAYERS[2].GEN_HN.GEN_HN_FINAL.u_bnn_layer/u_layer/u_np_layer/GEN_NP[2].u_np_mem/x_in_r_reg[24]' (FD) to 'GEN_LAYERS[2].GEN_HN.GEN_HN_FINAL.u_bnn_layer/u_layer/u_np_layer/GEN_NP[9].u_np_mem/x_in_r_reg[24]'
INFO: [Synth 8-3886] merging instance 'GEN_LAYERS[2].GEN_HN.GEN_HN_FINAL.u_bnn_layer/u_layer/u_np_layer/GEN_NP[2].u_np_mem/x_in_r_reg[23]' (FD) to 'GEN_LAYERS[2].GEN_HN.GEN_HN_FINAL.u_bnn_layer/u_layer/u_np_layer/GEN_NP[9].u_np_mem/x_in_r_reg[23]'
INFO: [Synth 8-3886] merging instance 'GEN_LAYERS[2].GEN_HN.GEN_HN_FINAL.u_bnn_layer/u_layer/u_np_layer/GEN_NP[2].u_np_mem/x_in_r_reg[22]' (FD) to 'GEN_LAYERS[2].GEN_HN.GEN_HN_FINAL.u_bnn_layer/u_layer/u_np_layer/GEN_NP[9].u_np_mem/x_in_r_reg[22]'
INFO: [Synth 8-3886] merging instance 'GEN_LAYERS[2].GEN_HN.GEN_HN_FINAL.u_bnn_layer/u_layer/u_np_layer/GEN_NP[2].u_np_mem/x_in_r_reg[21]' (FD) to 'GEN_LAYERS[2].GEN_HN.GEN_HN_FINAL.u_bnn_layer/u_layer/u_np_layer/GEN_NP[9].u_np_mem/x_in_r_reg[21]'
INFO: [Synth 8-3886] merging instance 'GEN_LAYERS[2].GEN_HN.GEN_HN_FINAL.u_bnn_layer/u_layer/u_np_layer/GEN_NP[2].u_np_mem/x_in_r_reg[20]' (FD) to 'GEN_LAYERS[2].GEN_HN.GEN_HN_FINAL.u_bnn_layer/u_layer/u_np_layer/GEN_NP[9].u_np_mem/x_in_r_reg[20]'
INFO: [Synth 8-3886] merging instance 'GEN_LAYERS[2].GEN_HN.GEN_HN_FINAL.u_bnn_layer/u_layer/u_np_layer/GEN_NP[2].u_np_mem/x_in_r_reg[19]' (FD) to 'GEN_LAYERS[2].GEN_HN.GEN_HN_FINAL.u_bnn_layer/u_layer/u_np_layer/GEN_NP[9].u_np_mem/x_in_r_reg[19]'
INFO: [Synth 8-3886] merging instance 'GEN_LAYERS[2].GEN_HN.GEN_HN_FINAL.u_bnn_layer/u_layer/u_np_layer/GEN_NP[2].u_np_mem/x_in_r_reg[18]' (FD) to 'GEN_LAYERS[2].GEN_HN.GEN_HN_FINAL.u_bnn_layer/u_layer/u_np_layer/GEN_NP[9].u_np_mem/x_in_r_reg[18]'
INFO: [Synth 8-3886] merging instance 'GEN_LAYERS[2].GEN_HN.GEN_HN_FINAL.u_bnn_layer/u_layer/u_np_layer/GEN_NP[2].u_np_mem/x_in_r_reg[17]' (FD) to 'GEN_LAYERS[2].GEN_HN.GEN_HN_FINAL.u_bnn_layer/u_layer/u_np_layer/GEN_NP[9].u_np_mem/x_in_r_reg[17]'
INFO: [Synth 8-3886] merging instance 'GEN_LAYERS[2].GEN_HN.GEN_HN_FINAL.u_bnn_layer/u_layer/u_np_layer/GEN_NP[2].u_np_mem/x_in_r_reg[16]' (FD) to 'GEN_LAYERS[2].GEN_HN.GEN_HN_FINAL.u_bnn_layer/u_layer/u_np_layer/GEN_NP[9].u_np_mem/x_in_r_reg[16]'
INFO: [Synth 8-3886] merging instance 'GEN_LAYERS[2].GEN_HN.GEN_HN_FINAL.u_bnn_layer/u_layer/u_np_layer/GEN_NP[2].u_np_mem/x_in_r_reg[15]' (FD) to 'GEN_LAYERS[2].GEN_HN.GEN_HN_FINAL.u_bnn_layer/u_layer/u_np_layer/GEN_NP[9].u_np_mem/x_in_r_reg[15]'
INFO: [Synth 8-3886] merging instance 'GEN_LAYERS[2].GEN_HN.GEN_HN_FINAL.u_bnn_layer/u_layer/u_np_layer/GEN_NP[2].u_np_mem/x_in_r_reg[14]' (FD) to 'GEN_LAYERS[2].GEN_HN.GEN_HN_FINAL.u_bnn_layer/u_layer/u_np_layer/GEN_NP[9].u_np_mem/x_in_r_reg[14]'
INFO: [Synth 8-3886] merging instance 'GEN_LAYERS[2].GEN_HN.GEN_HN_FINAL.u_bnn_layer/u_layer/u_np_layer/GEN_NP[2].u_np_mem/x_in_r_reg[13]' (FD) to 'GEN_LAYERS[2].GEN_HN.GEN_HN_FINAL.u_bnn_layer/u_layer/u_np_layer/GEN_NP[9].u_np_mem/x_in_r_reg[13]'
INFO: [Synth 8-3886] merging instance 'GEN_LAYERS[2].GEN_HN.GEN_HN_FINAL.u_bnn_layer/u_layer/u_np_layer/GEN_NP[2].u_np_mem/x_in_r_reg[12]' (FD) to 'GEN_LAYERS[2].GEN_HN.GEN_HN_FINAL.u_bnn_layer/u_layer/u_np_layer/GEN_NP[9].u_np_mem/x_in_r_reg[12]'
INFO: [Common 17-14] Message 'Synth 8-3886' appears 100 times and further instances of the messages will be disabled. Use the Tcl command set_msg_config to change the current settings.
INFO: [Synth 8-3333] propagating constant 0 across sequential element (\GEN_LAYERS[2].GEN_HN.GEN_HN_FINAL.u_bnn_layer/u_cfg_ctrl/u_build_w/base_byte_s2_reg[1] )
INFO: [Synth 8-3333] propagating constant 0 across sequential element (\GEN_LAYERS[2].GEN_HN.GEN_HN_FINAL.u_bnn_layer/u_cfg_ctrl/u_build_w/base_byte_s2_reg[0] )
