INST bnn_fcc__GC0 PIN 164: INST bnn_fcc_timing__GC0 PIN 86 TYPE 5
INST bnn_fcc__GC0 PIN 168: INST bnn_fcc_timing__GC0 PIN 89 TYPE 5
INST bnn_fcc__GC0 PIN 169: INST bnn_fcc_timing__GC0 PIN 90 TYPE 5
INST bnn_fcc__GC0 PIN 170: INST bnn_fcc_timing__GC0 PIN 91 TYPE 5
INST bnn_fcc__GC0 PIN 171: INST bnn_fcc_timing__GC0 PIN 92 TYPE 5
INST bnn_fcc__GC0 PIN 172: INST bnn_fcc_timing__GC0 PIN 93 TYPE 5
INST bnn_fcc__GC0 PIN 173: INST bnn_fcc_timing__GC0 PIN 94 TYPE 5
INST bnn_fcc__GC0 PIN 174: INST bnn_fcc_timing__GC0 PIN 95 TYPE 5
INST bnn_fcc__GC0 PIN 176: INST bnn_fcc_timing__GC0 PIN 97 TYPE 5
INST bnn_fcc__GC0 PIN 177: INST bnn_fcc_timing__GC0 PIN 98 TYPE 5
INST bnn_fcc__GC0 PIN 178: INST bnn_fcc_timing__GC0 PIN 99 TYPE 5
INST bnn_fcc__GC0 PIN 179: INST bnn_fcc_timing__GC0 PIN 100 TYPE 5
INST bnn_fcc__GC0 PIN 180: INST bnn_fcc_timing__GC0 PIN 101 TYPE 5
INST bnn_fcc__GC0 PIN 181: INST bnn_fcc_timing__GC0 PIN 102 TYPE 5
INST bnn_fcc__GC0 PIN 182: INST bnn_fcc_timing__GC0 PIN 103 TYPE 5
INST bnn_fcc__GC0 PIN 184: INST bnn_fcc_timing__GC0 PIN 105 TYPE 5
INST bnn_fcc__GC0 PIN 185: INST bnn_fcc_timing__GC0 PIN 106 TYPE 5
INST bnn_fcc__GC0 PIN 186: INST bnn_fcc_timing__GC0 PIN 107 TYPE 5
INST bnn_fcc__GC0 PIN 187: INST bnn_fcc_timing__GC0 PIN 108 TYPE 5
INST bnn_fcc__GC0 PIN 188: INST bnn_fcc_timing__GC0 PIN 109 TYPE 5
INST bnn_fcc__GC0 PIN 189: INST bnn_fcc_timing__GC0 PIN 110 TYPE 5
INST bnn_fcc__GC0 PIN 190: INST bnn_fcc_timing__GC0 PIN 111 TYPE 5
INST bnn_fcc__GC0 PIN 192: INST bnn_fcc_timing__GC0 PIN 113 TYPE 5
INST bnn_fcc__GC0 PIN 193: INST bnn_fcc_timing__GC0 PIN 114 TYPE 5
INST bnn_fcc__GC0 PIN 194: INST bnn_fcc_timing__GC0 PIN 115 TYPE 5
INST bnn_fcc__GC0 PIN 195: INST bnn_fcc_timing__GC0 PIN 116 TYPE 5
INST bnn_fcc__GC0 PIN 196: INST bnn_fcc_timing__GC0 PIN 117 TYPE 5
INST bnn_fcc__GC0 PIN 197: INST bnn_fcc_timing__GC0 PIN 118 TYPE 5
INST bnn_fcc__GC0 PIN 198: INST bnn_fcc_timing__GC0 PIN 119 TYPE 5
INST bnn_fcc__GC0 PIN 200: INST bnn_fcc_timing__GC0 PIN 121 TYPE 5
INST bnn_fcc__GC0 PIN 201: INST bnn_fcc_timing__GC0 PIN 122 TYPE 5
INST bnn_fcc__GC0 PIN 202: INST bnn_fcc_timing__GC0 PIN 123 TYPE 5
INST bnn_fcc__GC0 PIN 203: INST bnn_fcc_timing__GC0 PIN 124 TYPE 5
INST bnn_fcc__GC0 PIN 204: INST bnn_fcc_timing__GC0 PIN 125 TYPE 5
INST bnn_fcc__GC0 PIN 205: INST bnn_fcc_timing__GC0 PIN 126 TYPE 5
INST bnn_fcc__GC0 PIN 206: INST bnn_fcc_timing__GC0 PIN 127 TYPE 5
INST bnn_fcc__GC0 PIN 208: INST bnn_fcc_timing__GC0 PIN 129 TYPE 5
INST bnn_fcc__GC0 PIN 209: INST bnn_fcc_timing__GC0 PIN 130 TYPE 5
INST bnn_fcc__GC0 PIN 210: INST bnn_fcc_timing__GC0 PIN 131 TYPE 5
INST bnn_fcc__GC0 PIN 211: INST bnn_fcc_timing__GC0 PIN 132 TYPE 5
INST bnn_fcc__GC0 PIN 212: INST bnn_fcc_timing__GC0 PIN 133 TYPE 5
INST bnn_fcc__GC0 PIN 213: INST bnn_fcc_timing__GC0 PIN 134 TYPE 5
INST bnn_fcc__GC0 PIN 214: INST bnn_fcc_timing__GC0 PIN 135 TYPE 5
INST bnn_fcc__GC0 PIN 216: INST bnn_fcc_timing__GC0 PIN 137 TYPE 5
INST bnn_fcc__GC0 PIN 217: INST bnn_fcc_timing__GC0 PIN 138 TYPE 5
INST bnn_fcc__GC0 PIN 218: INST bnn_fcc_timing__GC0 PIN 139 TYPE 5
INST bnn_fcc__GC0 PIN 219: INST bnn_fcc_timing__GC0 PIN 140 TYPE 5
INST bnn_fcc__GC0 PIN 220: INST bnn_fcc_timing__GC0 PIN 141 TYPE 5
INST bnn_fcc__GC0 PIN 221: INST bnn_fcc_timing__GC0 PIN 142 TYPE 5
INST bnn_fcc__GC0 PIN 222: INST bnn_fcc_timing__GC0 PIN 143 TYPE 5
INST bnn_fcc__GC0 PIN 224: INST bnn_fcc_timing__GC0 PIN 145 TYPE 5
INST bnn_fcc__GC0 PIN 225: INST bnn_fcc_timing__GC0 PIN 146 TYPE 5
INST bnn_fcc__GC0 PIN 226: INST bnn_fcc_timing__GC0 PIN 147 TYPE 5
INST bnn_fcc__GC0 PIN 227: INST bnn_fcc_timing__GC0 PIN 148 TYPE 5
INST bnn_fcc__GC0 PIN 228: INST bnn_fcc_timing__GC0 PIN 149 TYPE 5
INST bnn_fcc__GC0 PIN 229: INST bnn_fcc_timing__GC0 PIN 150 TYPE 5
INST bnn_fcc__GC0 PIN 230: INST bnn_fcc_timing__GC0 PIN 151 TYPE 5
INST bnn_fcc__GC0 PIN 81: INST bnn_fcc_timing__GC0 PIN 166 TYPE 0 GENOME bnn_fcc__GC0 PIN 81
INST bnn_fcc__GC0 PIN 82: INST bnn_fcc_timing__GC0 PIN 167 TYPE 0 GENOME bnn_fcc__GC0 PIN 82
INST bnn_fcc__GC0 PIN 83: INST bnn_fcc_timing__GC0 PIN 168 TYPE 0 GENOME bnn_fcc__GC0 PIN 83
INST bnn_fcc__GC0 PIN 84: INST bnn_fcc_timing__GC0 PIN 169 TYPE 0 GENOME bnn_fcc__GC0 PIN 84
INST Layer_WithThreshold__GC0 PIN 52: GENOME Layer_WithThreshold__GC0 PIN 52
INST Layer_WithThreshold__GC0 PIN 53: GENOME Layer_WithThreshold__GC0 PIN 53
INST Layer_WithThreshold__GC0 PIN 54: GENOME Layer_WithThreshold__GC0 PIN 54
INST Layer_WithThreshold__GC0 PIN 55: GENOME Layer_WithThreshold__GC0 PIN 55
INST Layer_WithThreshold__GC0 PIN 56: GENOME Layer_WithThreshold__GC0 PIN 56
INST Layer_WithThreshold__GC0 PIN 57: GENOME Layer_WithThreshold__GC0 PIN 57
INST Layer_WithThreshold__GC0 PIN 58: GENOME Layer_WithThreshold__GC0 PIN 58
INST Layer_WithThreshold__GC0 PIN 59: GENOME Layer_WithThreshold__GC0 PIN 59
INST Layer_WithThreshold__GC0 PIN 60: GENOME Layer_WithThreshold__GC0 PIN 60
INST Layer_WithThreshold__GC0 PIN 61: GENOME Layer_WithThreshold__GC0 PIN 61
INST Layer_WithThreshold__GC0 PIN 62: GENOME Layer_WithThreshold__GC0 PIN 62
INST Layer_WithThreshold__GC0 PIN 63: GENOME Layer_WithThreshold__GC0 PIN 63
INST Layer_WithThreshold__GC0 PIN 64: GENOME Layer_WithThreshold__GC0 PIN 64
INST Layer_WithThreshold__GC0 PIN 65: GENOME Layer_WithThreshold__GC0 PIN 65
INST Layer_WithThreshold__GC0 PIN 66: GENOME Layer_WithThreshold__GC0 PIN 66
INST Layer_WithThreshold__GC0 PIN 67: GENOME Layer_WithThreshold__GC0 PIN 67
INST Layer_WithThreshold__GC0 PIN 68: GENOME Layer_WithThreshold__GC0 PIN 68
INST Layer_WithThreshold__GC0 PIN 69: GENOME Layer_WithThreshold__GC0 PIN 69
INST Layer_WithThreshold__GC0 PIN 70: GENOME Layer_WithThreshold__GC0 PIN 70
INST Layer_WithThreshold__GC0 PIN 71: GENOME Layer_WithThreshold__GC0 PIN 71
INST Layer_WithThreshold__GC0 PIN 72: GENOME Layer_WithThreshold__GC0 PIN 72
INST Layer_WithThreshold__GC0 PIN 73: GENOME Layer_WithThreshold__GC0 PIN 73
INST Layer_WithThreshold__GC0 PIN 74: GENOME Layer_WithThreshold__GC0 PIN 74
INST Layer_WithThreshold__GC0 PIN 75: GENOME Layer_WithThreshold__GC0 PIN 75
INST Layer_WithThreshold__GC0 PIN 76: GENOME Layer_WithThreshold__GC0 PIN 76
INST Layer_WithThreshold__GC0 PIN 77: GENOME Layer_WithThreshold__GC0 PIN 77
INST Layer_WithThreshold__GC0 PIN 78: GENOME Layer_WithThreshold__GC0 PIN 78
INST Layer_WithThreshold__GC0 PIN 79: GENOME Layer_WithThreshold__GC0 PIN 79
INST Layer_WithThreshold__GC0 PIN 80: GENOME Layer_WithThreshold__GC0 PIN 80
INST Layer_WithThreshold__GC0 PIN 81: GENOME Layer_WithThreshold__GC0 PIN 81
INST Layer_WithThreshold__GC0 PIN 82: GENOME Layer_WithThreshold__GC0 PIN 82
INST Layer_WithThreshold__GC0 PIN 83: GENOME Layer_WithThreshold__GC0 PIN 83
INST Layer_WithThreshold__GC0 PIN 84: GENOME Layer_WithThreshold__GC0 PIN 84
INST Layer_WithThreshold__GC0 PIN 85: GENOME Layer_WithThreshold__GC0 PIN 85
INST Layer_WithThreshold__GC0 PIN 86: GENOME Layer_WithThreshold__GC0 PIN 86
INST Layer_WithThreshold__GC0 PIN 87: GENOME Layer_WithThreshold__GC0 PIN 87
INST Layer_WithThreshold__GC0 PIN 88: GENOME Layer_WithThreshold__GC0 PIN 88
INST Layer_WithThreshold__GC0 PIN 89: GENOME Layer_WithThreshold__GC0 PIN 89
INST Layer_WithThreshold__GC0 PIN 90: GENOME Layer_WithThreshold__GC0 PIN 90
INST Layer_WithThreshold__GC0 PIN 91: GENOME Layer_WithThreshold__GC0 PIN 91
INST Layer_WithThreshold__GC0 PIN 92: GENOME Layer_WithThreshold__GC0 PIN 92
INST Layer_WithThreshold__GC0 PIN 93: GENOME Layer_WithThreshold__GC0 PIN 93
INST Layer_WithThreshold__GC0 PIN 94: GENOME Layer_WithThreshold__GC0 PIN 94
INST Layer_WithThreshold__GC0 PIN 95: GENOME Layer_WithThreshold__GC0 PIN 95
INST Layer_WithThreshold__GC0 PIN 96: GENOME Layer_WithThreshold__GC0 PIN 96
INST Layer_WithThreshold__GC0 PIN 97: GENOME Layer_WithThreshold__GC0 PIN 97
INST Layer_WithThreshold__GC0 PIN 98: GENOME Layer_WithThreshold__GC0 PIN 98
INST Layer_WithThreshold__GC0 PIN 99: GENOME Layer_WithThreshold__GC0 PIN 99
INST Layer_WithThreshold__GC0 PIN 100: GENOME Layer_WithThreshold__GC0 PIN 100
INST Layer_WithThreshold__GC0 PIN 101: GENOME Layer_WithThreshold__GC0 PIN 101
INST Layer_WithThreshold__GC0 PIN 102: GENOME Layer_WithThreshold__GC0 PIN 102
INST Layer_WithThreshold__GC0 PIN 103: GENOME Layer_WithThreshold__GC0 PIN 103
INST Layer_WithThreshold__GC0 PIN 104: GENOME Layer_WithThreshold__GC0 PIN 104
INST Layer_WithThreshold__GC0 PIN 105: GENOME Layer_WithThreshold__GC0 PIN 105
INST Layer_WithThreshold__GC0 PIN 106: GENOME Layer_WithThreshold__GC0 PIN 106
INST Layer_WithThreshold__GC0 PIN 107: GENOME Layer_WithThreshold__GC0 PIN 107
INST Layer_WithThreshold__GC0 PIN 108: GENOME Layer_WithThreshold__GC0 PIN 108
INST Layer_WithThreshold__GC0 PIN 109: GENOME Layer_WithThreshold__GC0 PIN 109
INST Layer_WithThreshold__GC0 PIN 110: GENOME Layer_WithThreshold__GC0 PIN 110
INST Layer_WithThreshold__GC0 PIN 111: GENOME Layer_WithThreshold__GC0 PIN 111
INST Layer_WithThreshold__GC0 PIN 112: GENOME Layer_WithThreshold__GC0 PIN 112
INST Layer_WithThreshold__GC0 PIN 113: GENOME Layer_WithThreshold__GC0 PIN 113
INST Layer_WithThreshold__GC0 PIN 114: GENOME Layer_WithThreshold__GC0 PIN 114
INST Layer_WithThreshold__GC0 PIN 115: GENOME Layer_WithThreshold__GC0 PIN 115
INST Layer_WithThreshold__GC0 PIN 116: GENOME Layer_WithThreshold__GC0 PIN 116
INST Layer_WithThreshold__GC0 PIN 117: GENOME Layer_WithThreshold__GC0 PIN 117
INST Layer_WithThreshold__GC0 PIN 118: GENOME Layer_WithThreshold__GC0 PIN 118
INST Layer_WithThreshold__GC0 PIN 119: GENOME Layer_WithThreshold__GC0 PIN 119
INST Layer_WithThreshold__GC0 PIN 120: GENOME Layer_WithThreshold__GC0 PIN 120
INST Layer_WithThreshold__GC0 PIN 121: GENOME Layer_WithThreshold__GC0 PIN 121
INST Layer_WithThreshold__GC0 PIN 122: GENOME Layer_WithThreshold__GC0 PIN 122
INST Layer_WithThreshold__GC0 PIN 123: GENOME Layer_WithThreshold__GC0 PIN 123
INST Layer_WithThreshold__GC0 PIN 124: GENOME Layer_WithThreshold__GC0 PIN 124
INST Layer_WithThreshold__GC0 PIN 125: GENOME Layer_WithThreshold__GC0 PIN 125
INST Layer_WithThreshold__GC0 PIN 126: GENOME Layer_WithThreshold__GC0 PIN 126
INST Layer_WithThreshold__GC0 PIN 127: GENOME Layer_WithThreshold__GC0 PIN 127
INST Layer_WithThreshold__GC0 PIN 128: GENOME Layer_WithThreshold__GC0 PIN 128
INST Layer_WithThreshold__GC0 PIN 129: GENOME Layer_WithThreshold__GC0 PIN 129
INST Layer_WithThreshold__GC0 PIN 130: GENOME Layer_WithThreshold__GC0 PIN 130
INST Layer_WithThreshold__GC0 PIN 131: GENOME Layer_WithThreshold__GC0 PIN 131
INST Layer_WithThreshold__GC0 PIN 132: GENOME Layer_WithThreshold__GC0 PIN 132
INST Layer_WithThreshold__GC0 PIN 133: GENOME Layer_WithThreshold__GC0 PIN 133
INST Layer_WithThreshold__GC0 PIN 134: GENOME Layer_WithThreshold__GC0 PIN 134
INST Layer_WithThreshold__GC0 PIN 135: GENOME Layer_WithThreshold__GC0 PIN 135
INST Layer_WithThreshold__GC0 PIN 136: GENOME Layer_WithThreshold__GC0 PIN 136
INST Layer_WithThreshold__GC0 PIN 137: GENOME Layer_WithThreshold__GC0 PIN 137
INST Layer_WithThreshold__GC0 PIN 138: GENOME Layer_WithThreshold__GC0 PIN 138
INST Layer_WithThreshold__GC0 PIN 139: GENOME Layer_WithThreshold__GC0 PIN 139
INST Layer_WithThreshold__GC0 PIN 140: GENOME Layer_WithThreshold__GC0 PIN 140
INST Layer_WithThreshold__GC0 PIN 141: GENOME Layer_WithThreshold__GC0 PIN 141
INST Layer_WithThreshold__GC0 PIN 142: GENOME Layer_WithThreshold__GC0 PIN 142
INST Layer_WithThreshold__GC0 PIN 143: GENOME Layer_WithThreshold__GC0 PIN 143
INST Layer_WithThreshold__GC0 PIN 144: GENOME Layer_WithThreshold__GC0 PIN 144
INST Layer_WithThreshold__GC0 PIN 145: GENOME Layer_WithThreshold__GC0 PIN 145
INST Layer_WithThreshold__GC0 PIN 146: GENOME Layer_WithThreshold__GC0 PIN 146
INST Layer_WithThreshold__GC0 PIN 147: GENOME Layer_WithThreshold__GC0 PIN 147
INST Layer_WithThreshold__GC0 PIN 148: GENOME Layer_WithThreshold__GC0 PIN 148
INST Layer_WithThreshold__GC0 PIN 149: GENOME Layer_WithThreshold__GC0 PIN 149
INST Layer_WithThreshold__GC0 PIN 150: GENOME Layer_WithThreshold__GC0 PIN 150
INST Layer_WithThreshold__GC0 PIN 151: GENOME Layer_WithThreshold__GC0 PIN 151
INST Layer_WithThreshold__GC0 PIN 152: GENOME Layer_WithThreshold__GC0 PIN 152
INST Layer_WithThreshold__GC0 PIN 153: GENOME Layer_WithThreshold__GC0 PIN 153
INST Layer_WithThreshold__GC0 PIN 154: GENOME Layer_WithThreshold__GC0 PIN 154
INST Layer_WithThreshold__GC0 PIN 155: GENOME Layer_WithThreshold__GC0 PIN 155
INST Layer_WithThreshold__GC0 PIN 156: GENOME Layer_WithThreshold__GC0 PIN 156
INST Layer_WithThreshold__GC0 PIN 157: GENOME Layer_WithThreshold__GC0 PIN 157
INST Layer_WithThreshold__GC0 PIN 158: GENOME Layer_WithThreshold__GC0 PIN 158
INST Layer_WithThreshold__GC0 PIN 159: GENOME Layer_WithThreshold__GC0 PIN 159
INST Layer_WithThreshold__GC0 PIN 160: GENOME Layer_WithThreshold__GC0 PIN 160
INST Layer_WithThreshold__GC0 PIN 161: GENOME Layer_WithThreshold__GC0 PIN 161
INST Layer_WithThreshold__GC0 PIN 162: GENOME Layer_WithThreshold__GC0 PIN 162
INST Layer_WithThreshold__GC0 PIN 163: GENOME Layer_WithThreshold__GC0 PIN 163
INST Layer_WithThreshold__GC0 PIN 164: GENOME Layer_WithThreshold__GC0 PIN 164
INST Layer_WithThreshold__GC0 PIN 165: GENOME Layer_WithThreshold__GC0 PIN 165
INST Layer_WithThreshold__GC0 PIN 166: GENOME Layer_WithThreshold__GC0 PIN 166
INST Layer_WithThreshold__GC0 PIN 167: GENOME Layer_WithThreshold__GC0 PIN 167
INST Layer_WithThreshold__GC0 PIN 168: GENOME Layer_WithThreshold__GC0 PIN 168
INST Layer_WithThreshold__GC0 PIN 169: GENOME Layer_WithThreshold__GC0 PIN 169
INST Layer_WithThreshold__GC0 PIN 170: GENOME Layer_WithThreshold__GC0 PIN 170
INST Layer_WithThreshold__GC0 PIN 171: GENOME Layer_WithThreshold__GC0 PIN 171
INST Layer_WithThreshold__GC0 PIN 172: GENOME Layer_WithThreshold__GC0 PIN 172
INST Layer_WithThreshold__GC0 PIN 173: GENOME Layer_WithThreshold__GC0 PIN 173
INST Layer_WithThreshold__GC0 PIN 174: GENOME Layer_WithThreshold__GC0 PIN 174
INST Layer_WithThreshold__GC0 PIN 175: GENOME Layer_WithThreshold__GC0 PIN 175
INST Layer_WithThreshold__GC0 PIN 176: GENOME Layer_WithThreshold__GC0 PIN 176
INST Layer_WithThreshold__GC0 PIN 177: GENOME Layer_WithThreshold__GC0 PIN 177
INST Layer_WithThreshold__GC0 PIN 178: GENOME Layer_WithThreshold__GC0 PIN 178
INST Layer_WithThreshold__GC0 PIN 179: GENOME Layer_WithThreshold__GC0 PIN 179
INST Layer_WithThreshold__GC0 PIN 180: GENOME Layer_WithThreshold__GC0 PIN 180
INST Layer_WithThreshold__GC0 PIN 181: GENOME Layer_WithThreshold__GC0 PIN 181
INST Layer_WithThreshold__GC0 PIN 182: GENOME Layer_WithThreshold__GC0 PIN 182
INST Layer_WithThreshold__GC0 PIN 183: GENOME Layer_WithThreshold__GC0 PIN 183
INST Layer_WithThreshold__GC0 PIN 184: GENOME Layer_WithThreshold__GC0 PIN 184
INST Layer_WithThreshold__GC0 PIN 185: GENOME Layer_WithThreshold__GC0 PIN 185
INST Layer_WithThreshold__GC0 PIN 186: GENOME Layer_WithThreshold__GC0 PIN 186
INST Layer_WithThreshold__GC0 PIN 187: GENOME Layer_WithThreshold__GC0 PIN 187
INST Layer_WithThreshold__GC0 PIN 188: GENOME Layer_WithThreshold__GC0 PIN 188
INST Layer_WithThreshold__GC0 PIN 189: GENOME Layer_WithThreshold__GC0 PIN 189
INST Layer_WithThreshold__GC0 PIN 190: GENOME Layer_WithThreshold__GC0 PIN 190
INST Layer_WithThreshold__GC0 PIN 191: GENOME Layer_WithThreshold__GC0 PIN 191
INST Layer_WithThreshold__GC0 PIN 192: GENOME Layer_WithThreshold__GC0 PIN 192
INST Layer_WithThreshold__GC0 PIN 193: GENOME Layer_WithThreshold__GC0 PIN 193
INST Layer_WithThreshold__GC0 PIN 194: GENOME Layer_WithThreshold__GC0 PIN 194
INST Layer_WithThreshold__GC0 PIN 195: GENOME Layer_WithThreshold__GC0 PIN 195
INST Layer_WithThreshold__GC0 PIN 196: GENOME Layer_WithThreshold__GC0 PIN 196
INST Layer_WithThreshold__GC0 PIN 197: GENOME Layer_WithThreshold__GC0 PIN 197
INST Layer_WithThreshold__GC0 PIN 198: GENOME Layer_WithThreshold__GC0 PIN 198
INST Layer_WithThreshold__GC0 PIN 199: GENOME Layer_WithThreshold__GC0 PIN 199
INST Layer_WithThreshold__GC0 PIN 200: GENOME Layer_WithThreshold__GC0 PIN 200
INST Layer_WithThreshold__GC0 PIN 201: GENOME Layer_WithThreshold__GC0 PIN 201
INST Layer_WithThreshold__GC0 PIN 202: GENOME Layer_WithThreshold__GC0 PIN 202
INST Layer_WithThreshold__GC0 PIN 203: GENOME Layer_WithThreshold__GC0 PIN 203
INST Layer_WithThreshold__GC0 PIN 204: GENOME Layer_WithThreshold__GC0 PIN 204
INST Layer_WithThreshold__GC0 PIN 205: GENOME Layer_WithThreshold__GC0 PIN 205
INST Layer_WithThreshold__GC0 PIN 206: GENOME Layer_WithThreshold__GC0 PIN 206
INST Layer_WithThreshold__GC0 PIN 207: GENOME Layer_WithThreshold__GC0 PIN 207
INST Layer_WithThreshold__GC0 PIN 208: GENOME Layer_WithThreshold__GC0 PIN 208
INST Layer_WithThreshold__GC0 PIN 209: GENOME Layer_WithThreshold__GC0 PIN 209
INST Layer_WithThreshold__GC0 PIN 210: GENOME Layer_WithThreshold__GC0 PIN 210
INST Layer_WithThreshold__GC0 PIN 211: GENOME Layer_WithThreshold__GC0 PIN 211
INST Layer_WithThreshold__GC0 PIN 212: GENOME Layer_WithThreshold__GC0 PIN 212
INST Layer_WithThreshold__GC0 PIN 213: GENOME Layer_WithThreshold__GC0 PIN 213
INST Layer_WithThreshold__GC0 PIN 214: GENOME Layer_WithThreshold__GC0 PIN 214
INST Layer_WithThreshold__GC0 PIN 215: GENOME Layer_WithThreshold__GC0 PIN 215
INST Layer_WithThreshold__GC0 PIN 216: GENOME Layer_WithThreshold__GC0 PIN 216
INST Layer_WithThreshold__GC0 PIN 217: GENOME Layer_WithThreshold__GC0 PIN 217
INST Layer_WithThreshold__GC0 PIN 218: GENOME Layer_WithThreshold__GC0 PIN 218
INST Layer_WithThreshold__GC0 PIN 219: GENOME Layer_WithThreshold__GC0 PIN 219
INST Layer_WithThreshold__GC0 PIN 220: GENOME Layer_WithThreshold__GC0 PIN 220
INST Layer_WithThreshold__GC0 PIN 221: GENOME Layer_WithThreshold__GC0 PIN 221
INST Layer_WithThreshold__GC0 PIN 222: GENOME Layer_WithThreshold__GC0 PIN 222
INST Layer_WithThreshold__GC0 PIN 223: GENOME Layer_WithThreshold__GC0 PIN 223
INST Layer_WithThreshold__GC0 PIN 224: GENOME Layer_WithThreshold__GC0 PIN 224
INST Layer_WithThreshold__GC0 PIN 225: GENOME Layer_WithThreshold__GC0 PIN 225
INST Layer_WithThreshold__GC0 PIN 226: GENOME Layer_WithThreshold__GC0 PIN 226
INST Layer_WithThreshold__GC0 PIN 227: GENOME Layer_WithThreshold__GC0 PIN 227
INST Layer_WithThreshold__GC0 PIN 228: GENOME Layer_WithThreshold__GC0 PIN 228
INST Layer_WithThreshold__GC0 PIN 229: GENOME Layer_WithThreshold__GC0 PIN 229
INST Layer_WithThreshold__GC0 PIN 230: GENOME Layer_WithThreshold__GC0 PIN 230
INST Layer_WithThreshold__GC0 PIN 231: GENOME Layer_WithThreshold__GC0 PIN 231
INST Layer_WithThreshold__GC0 PIN 232: GENOME Layer_WithThreshold__GC0 PIN 232
INST Layer_WithThreshold__GC0 PIN 233: GENOME Layer_WithThreshold__GC0 PIN 233
INST Layer_WithThreshold__GC0 PIN 234: GENOME Layer_WithThreshold__GC0 PIN 234
INST Layer_WithThreshold__GC0 PIN 235: GENOME Layer_WithThreshold__GC0 PIN 235
INST Layer_WithThreshold__GC0 PIN 236: GENOME Layer_WithThreshold__GC0 PIN 236
INST Layer_WithThreshold__GC0 PIN 237: GENOME Layer_WithThreshold__GC0 PIN 237
INST Layer_WithThreshold__GC0 PIN 238: GENOME Layer_WithThreshold__GC0 PIN 238
INST Layer_WithThreshold__GC0 PIN 239: GENOME Layer_WithThreshold__GC0 PIN 239
INST Layer_WithThreshold__GC0 PIN 240: GENOME Layer_WithThreshold__GC0 PIN 240
INST Layer_WithThreshold__GC0 PIN 241: GENOME Layer_WithThreshold__GC0 PIN 241
INST Layer_WithThreshold__GC0 PIN 242: GENOME Layer_WithThreshold__GC0 PIN 242
INST Layer_WithThreshold__GC0 PIN 243: GENOME Layer_WithThreshold__GC0 PIN 243
INST Layer_WithThreshold__GC0 PIN 244: GENOME Layer_WithThreshold__GC0 PIN 244
INST Layer_WithThreshold__GC0 PIN 245: GENOME Layer_WithThreshold__GC0 PIN 245
INST Layer_WithThreshold__GC0 PIN 246: GENOME Layer_WithThreshold__GC0 PIN 246
INST Layer_WithThreshold__GC0 PIN 247: GENOME Layer_WithThreshold__GC0 PIN 247
INST Layer_WithThreshold__GC0 PIN 248: GENOME Layer_WithThreshold__GC0 PIN 248
INST Layer_WithThreshold__GC0 PIN 249: GENOME Layer_WithThreshold__GC0 PIN 249
INST Layer_WithThreshold__GC0 PIN 250: GENOME Layer_WithThreshold__GC0 PIN 250
INST Layer_WithThreshold__GC0 PIN 251: GENOME Layer_WithThreshold__GC0 PIN 251
INST Layer_WithThreshold__GC0 PIN 252: GENOME Layer_WithThreshold__GC0 PIN 252
INST Layer_WithThreshold__GC0 PIN 253: GENOME Layer_WithThreshold__GC0 PIN 253
INST Layer_WithThreshold__GC0 PIN 254: GENOME Layer_WithThreshold__GC0 PIN 254
INST Layer_WithThreshold__GC0 PIN 255: GENOME Layer_WithThreshold__GC0 PIN 255
INST Layer_WithThreshold__GC0 PIN 256: GENOME Layer_WithThreshold__GC0 PIN 256
INST Layer_WithThreshold__GC0 PIN 257: GENOME Layer_WithThreshold__GC0 PIN 257
INST Layer_WithThreshold__GC0 PIN 258: GENOME Layer_WithThreshold__GC0 PIN 258
INST Layer_WithThreshold__GC0 PIN 259: GENOME Layer_WithThreshold__GC0 PIN 259
INST Layer_WithThreshold__GC0 PIN 260: GENOME Layer_WithThreshold__GC0 PIN 260
INST Layer_WithThreshold__GC0 PIN 261: GENOME Layer_WithThreshold__GC0 PIN 261
INST Layer_WithThreshold__GC0 PIN 262: GENOME Layer_WithThreshold__GC0 PIN 262
INST Layer_WithThreshold__GC0 PIN 263: GENOME Layer_WithThreshold__GC0 PIN 263
INST Layer_WithThreshold__GC0 PIN 264: GENOME Layer_WithThreshold__GC0 PIN 264
INST Layer_WithThreshold__GC0 PIN 265: GENOME Layer_WithThreshold__GC0 PIN 265
INST Layer_WithThreshold__GC0 PIN 266: GENOME Layer_WithThreshold__GC0 PIN 266
INST Layer_WithThreshold__GC0 PIN 267: GENOME Layer_WithThreshold__GC0 PIN 267
INST Layer_WithThreshold__GC0 PIN 268: GENOME Layer_WithThreshold__GC0 PIN 268
INST Layer_WithThreshold__GC0 PIN 269: GENOME Layer_WithThreshold__GC0 PIN 269
INST Layer_WithThreshold__GC0 PIN 270: GENOME Layer_WithThreshold__GC0 PIN 270
INST Layer_WithThreshold__GC0 PIN 271: GENOME Layer_WithThreshold__GC0 PIN 271
INST Layer_WithThreshold__GC0 PIN 272: GENOME Layer_WithThreshold__GC0 PIN 272
INST Layer_WithThreshold__GC0 PIN 273: GENOME Layer_WithThreshold__GC0 PIN 273
INST Layer_WithThreshold__GC0 PIN 274: GENOME Layer_WithThreshold__GC0 PIN 274
INST Layer_WithThreshold__GC0 PIN 275: GENOME Layer_WithThreshold__GC0 PIN 275
INST Layer_WithThreshold__GC0 PIN 276: GENOME Layer_WithThreshold__GC0 PIN 276
INST Layer_WithThreshold__GC0 PIN 277: GENOME Layer_WithThreshold__GC0 PIN 277
INST Layer_WithThreshold__GC0 PIN 278: GENOME Layer_WithThreshold__GC0 PIN 278
INST Layer_WithThreshold__GC0 PIN 279: GENOME Layer_WithThreshold__GC0 PIN 279
INST Layer_WithThreshold__GC0 PIN 280: GENOME Layer_WithThreshold__GC0 PIN 280
INST Layer_WithThreshold__GC0 PIN 281: GENOME Layer_WithThreshold__GC0 PIN 281
INST Layer_WithThreshold__GC0 PIN 282: GENOME Layer_WithThreshold__GC0 PIN 282
INST Layer_WithThreshold__GC0 PIN 283: GENOME Layer_WithThreshold__GC0 PIN 283
INST Layer_WithThreshold__GC0 PIN 284: GENOME Layer_WithThreshold__GC0 PIN 284
INST Layer_WithThreshold__GC0 PIN 285: GENOME Layer_WithThreshold__GC0 PIN 285
INST Layer_WithThreshold__GC0 PIN 286: GENOME Layer_WithThreshold__GC0 PIN 286
INST Layer_WithThreshold__GC0 PIN 287: GENOME Layer_WithThreshold__GC0 PIN 287
INST Layer_WithThreshold__GC0 PIN 288: GENOME Layer_WithThreshold__GC0 PIN 288
INST Layer_WithThreshold__GC0 PIN 289: GENOME Layer_WithThreshold__GC0 PIN 289
INST Layer_WithThreshold__GC0 PIN 290: GENOME Layer_WithThreshold__GC0 PIN 290
INST Layer_WithThreshold__GC0 PIN 291: GENOME Layer_WithThreshold__GC0 PIN 291
INST Layer_WithThreshold__GC0 PIN 292: GENOME Layer_WithThreshold__GC0 PIN 292
INST Layer_WithThreshold__GC0 PIN 293: GENOME Layer_WithThreshold__GC0 PIN 293
INST Layer_WithThreshold__GC0 PIN 294: GENOME Layer_WithThreshold__GC0 PIN 294
INST Layer_WithThreshold__GC0 PIN 295: GENOME Layer_WithThreshold__GC0 PIN 295
INST Layer_WithThreshold__GC0 PIN 296: GENOME Layer_WithThreshold__GC0 PIN 296
INST Layer_WithThreshold__GC0 PIN 297: GENOME Layer_WithThreshold__GC0 PIN 297
INST Layer_WithThreshold__GC0 PIN 298: GENOME Layer_WithThreshold__GC0 PIN 298
INST Layer_WithThreshold__GC0 PIN 299: GENOME Layer_WithThreshold__GC0 PIN 299
INST Layer_WithThreshold__GC0 PIN 300: GENOME Layer_WithThreshold__GC0 PIN 300
INST Layer_WithThreshold__GC0 PIN 301: GENOME Layer_WithThreshold__GC0 PIN 301
INST Layer_WithThreshold__GC0 PIN 302: GENOME Layer_WithThreshold__GC0 PIN 302
INST Layer_WithThreshold__GC0 PIN 303: GENOME Layer_WithThreshold__GC0 PIN 303
INST Layer_WithThreshold__GC0 PIN 304: GENOME Layer_WithThreshold__GC0 PIN 304
INST Layer_WithThreshold__GC0 PIN 305: GENOME Layer_WithThreshold__GC0 PIN 305
INST Layer_WithThreshold__GC0 PIN 306: GENOME Layer_WithThreshold__GC0 PIN 306
INST Layer_WithThreshold__GC0 PIN 307: GENOME Layer_WithThreshold__GC0 PIN 307
INST Layer_WithThreshold__GC0 PIN 308: GENOME Layer_WithThreshold__GC0 PIN 308
INST Layer_WithThreshold__GC0 PIN 309: GENOME Layer_WithThreshold__GC0 PIN 309
INST Layer_WithThreshold__GC0 PIN 310: GENOME Layer_WithThreshold__GC0 PIN 310
INST Layer_WithThreshold__GC0 PIN 311: GENOME Layer_WithThreshold__GC0 PIN 311
INST Layer_WithThreshold__GC0 PIN 312: GENOME Layer_WithThreshold__GC0 PIN 312
INST Layer_WithThreshold__GC0 PIN 313: GENOME Layer_WithThreshold__GC0 PIN 313
INST Layer_WithThreshold__GC0 PIN 314: GENOME Layer_WithThreshold__GC0 PIN 314
INST Layer_WithThreshold__GC0 PIN 315: GENOME Layer_WithThreshold__GC0 PIN 315
INST Layer_WithThreshold__GC0 PIN 316: GENOME Layer_WithThreshold__GC0 PIN 316
INST Layer_WithThreshold__GC0 PIN 317: GENOME Layer_WithThreshold__GC0 PIN 317
INST Layer_WithThreshold__GC0 PIN 318: GENOME Layer_WithThreshold__GC0 PIN 318
INST Layer_WithThreshold__GC0 PIN 319: GENOME Layer_WithThreshold__GC0 PIN 319
INST Layer_WithThreshold__GC0 PIN 320: GENOME Layer_WithThreshold__GC0 PIN 320
INST Layer_WithThreshold__GC0 PIN 321: GENOME Layer_WithThreshold__GC0 PIN 321
INST Layer_WithThreshold__GC0 PIN 322: GENOME Layer_WithThreshold__GC0 PIN 322
INST Layer_WithThreshold__GC0 PIN 323: GENOME Layer_WithThreshold__GC0 PIN 323
INST Layer_WithThreshold__GC0 PIN 324: GENOME Layer_WithThreshold__GC0 PIN 324
INST Layer_WithThreshold__GC0 PIN 325: GENOME Layer_WithThreshold__GC0 PIN 325
INST Layer_WithThreshold__GC0 PIN 326: GENOME Layer_WithThreshold__GC0 PIN 326
INST Layer_WithThreshold__GC0 PIN 327: GENOME Layer_WithThreshold__GC0 PIN 327
INST Layer_WithThreshold__GC0 PIN 328: GENOME Layer_WithThreshold__GC0 PIN 328
INST Layer_WithThreshold__GC0 PIN 329: GENOME Layer_WithThreshold__GC0 PIN 329
INST Layer_WithThreshold__GC0 PIN 330: GENOME Layer_WithThreshold__GC0 PIN 330
INST Layer_WithThreshold__GC0 PIN 331: GENOME Layer_WithThreshold__GC0 PIN 331
INST Layer_WithThreshold__GC0 PIN 332: GENOME Layer_WithThreshold__GC0 PIN 332
INST Layer_WithThreshold__GC0 PIN 333: GENOME Layer_WithThreshold__GC0 PIN 333
INST Layer_WithThreshold__GC0 PIN 334: GENOME Layer_WithThreshold__GC0 PIN 334
INST Layer_WithThreshold__GC0 PIN 335: GENOME Layer_WithThreshold__GC0 PIN 335
INST Layer_WithThreshold__GC0 PIN 336: GENOME Layer_WithThreshold__GC0 PIN 336
INST Layer_WithThreshold__GC0 PIN 337: GENOME Layer_WithThreshold__GC0 PIN 337
INST Layer_WithThreshold__GC0 PIN 338: GENOME Layer_WithThreshold__GC0 PIN 338
INST Layer_WithThreshold__GC0 PIN 339: GENOME Layer_WithThreshold__GC0 PIN 339
INST Layer_WithThreshold__GC0 PIN 340: GENOME Layer_WithThreshold__GC0 PIN 340
INST Layer_WithThreshold__GC0 PIN 341: GENOME Layer_WithThreshold__GC0 PIN 341
INST Layer_WithThreshold__GC0 PIN 342: GENOME Layer_WithThreshold__GC0 PIN 342
INST Layer_WithThreshold__GC0 PIN 343: GENOME Layer_WithThreshold__GC0 PIN 343
INST Layer_WithThreshold__GC0 PIN 344: GENOME Layer_WithThreshold__GC0 PIN 344
INST Layer_WithThreshold__GC0 PIN 345: GENOME Layer_WithThreshold__GC0 PIN 345
INST Layer_WithThreshold__GC0 PIN 346: GENOME Layer_WithThreshold__GC0 PIN 346
INST Layer_WithThreshold__GC0 PIN 347: GENOME Layer_WithThreshold__GC0 PIN 347
INST Layer_WithThreshold__GC0 PIN 348: GENOME Layer_WithThreshold__GC0 PIN 348
INST Layer_WithThreshold__GC0 PIN 349: GENOME Layer_WithThreshold__GC0 PIN 349
INST Layer_WithThreshold__GC0 PIN 350: GENOME Layer_WithThreshold__GC0 PIN 350
INST Layer_WithThreshold__GC0 PIN 351: GENOME Layer_WithThreshold__GC0 PIN 351
INST Layer_WithThreshold__GC0 PIN 352: GENOME Layer_WithThreshold__GC0 PIN 352
INST Layer_WithThreshold__GC0 PIN 353: GENOME Layer_WithThreshold__GC0 PIN 353
INST Layer_WithThreshold__GC0 PIN 354: GENOME Layer_WithThreshold__GC0 PIN 354
INST Layer_WithThreshold__GC0 PIN 355: GENOME Layer_WithThreshold__GC0 PIN 355
INST Layer_WithThreshold__GC0 PIN 356: GENOME Layer_WithThreshold__GC0 PIN 356
INST Layer_WithThreshold__GC0 PIN 357: GENOME Layer_WithThreshold__GC0 PIN 357
INST Layer_WithThreshold__GC0 PIN 358: GENOME Layer_WithThreshold__GC0 PIN 358
INST Layer_WithThreshold__GC0 PIN 359: GENOME Layer_WithThreshold__GC0 PIN 359
INST Layer_WithThreshold__GC0 PIN 360: GENOME Layer_WithThreshold__GC0 PIN 360
INST Layer_WithThreshold__GC0 PIN 361: GENOME Layer_WithThreshold__GC0 PIN 361
INST Layer_WithThreshold__GC0 PIN 362: GENOME Layer_WithThreshold__GC0 PIN 362
INST Layer_WithThreshold__GC0 PIN 363: GENOME Layer_WithThreshold__GC0 PIN 363
INST Layer_WithThreshold__GC0 PIN 364: GENOME Layer_WithThreshold__GC0 PIN 364
INST Layer_WithThreshold__GC0 PIN 365: GENOME Layer_WithThreshold__GC0 PIN 365
INST Layer_WithThreshold__GC0 PIN 366: GENOME Layer_WithThreshold__GC0 PIN 366
INST Layer_WithThreshold__GC0 PIN 367: GENOME Layer_WithThreshold__GC0 PIN 367
INST Layer_WithThreshold__GC0 PIN 368: GENOME Layer_WithThreshold__GC0 PIN 368
INST Layer_WithThreshold__GC0 PIN 369: GENOME Layer_WithThreshold__GC0 PIN 369
INST Layer_WithThreshold__GC0 PIN 370: GENOME Layer_WithThreshold__GC0 PIN 370
INST Layer_WithThreshold__GC0 PIN 371: GENOME Layer_WithThreshold__GC0 PIN 371
INST Layer_WithThreshold__GC0 PIN 372: GENOME Layer_WithThreshold__GC0 PIN 372
INST Layer_WithThreshold__GC0 PIN 373: GENOME Layer_WithThreshold__GC0 PIN 373
INST Layer_WithThreshold__GC0 PIN 374: GENOME Layer_WithThreshold__GC0 PIN 374
INST Layer_WithThreshold__GC0 PIN 375: GENOME Layer_WithThreshold__GC0 PIN 375
INST Layer_WithThreshold__GC0 PIN 376: GENOME Layer_WithThreshold__GC0 PIN 376
INST Layer_WithThreshold__GC0 PIN 377: GENOME Layer_WithThreshold__GC0 PIN 377
INST Layer_WithThreshold__GC0 PIN 378: GENOME Layer_WithThreshold__GC0 PIN 378
INST Layer_WithThreshold__GC0 PIN 379: GENOME Layer_WithThreshold__GC0 PIN 379
INST Layer_WithThreshold__GC0 PIN 380: GENOME Layer_WithThreshold__GC0 PIN 380
INST Layer_WithThreshold__GC0 PIN 381: GENOME Layer_WithThreshold__GC0 PIN 381
INST Layer_WithThreshold__GC0 PIN 382: GENOME Layer_WithThreshold__GC0 PIN 382
INST Layer_WithThreshold__GC0 PIN 383: GENOME Layer_WithThreshold__GC0 PIN 383
INST Layer_WithThreshold__GC0 PIN 384: GENOME Layer_WithThreshold__GC0 PIN 384
INST Layer_WithThreshold__GC0 PIN 385: GENOME Layer_WithThreshold__GC0 PIN 385
INST Layer_WithThreshold__GC0 PIN 386: GENOME Layer_WithThreshold__GC0 PIN 386
INST Layer_WithThreshold__GC0 PIN 387: GENOME Layer_WithThreshold__GC0 PIN 387
INST Layer_WithThreshold__GC0 PIN 388: GENOME Layer_WithThreshold__GC0 PIN 388
INST Layer_WithThreshold__GC0 PIN 389: GENOME Layer_WithThreshold__GC0 PIN 389
INST Layer_WithThreshold__GC0 PIN 390: GENOME Layer_WithThreshold__GC0 PIN 390
INST Layer_WithThreshold__GC0 PIN 391: GENOME Layer_WithThreshold__GC0 PIN 391
INST Layer_WithThreshold__GC0 PIN 392: GENOME Layer_WithThreshold__GC0 PIN 392
INST Layer_WithThreshold__GC0 PIN 393: GENOME Layer_WithThreshold__GC0 PIN 393
INST Layer_WithThreshold__GC0 PIN 394: GENOME Layer_WithThreshold__GC0 PIN 394
INST Layer_WithThreshold__GC0 PIN 395: GENOME Layer_WithThreshold__GC0 PIN 395
INST Layer_WithThreshold__GC0 PIN 396: GENOME Layer_WithThreshold__GC0 PIN 396
INST Layer_WithThreshold__GC0 PIN 397: GENOME Layer_WithThreshold__GC0 PIN 397
INST Layer_WithThreshold__GC0 PIN 398: GENOME Layer_WithThreshold__GC0 PIN 398
INST Layer_WithThreshold__GC0 PIN 399: GENOME Layer_WithThreshold__GC0 PIN 399
INST Layer_WithThreshold__GC0 PIN 400: GENOME Layer_WithThreshold__GC0 PIN 400
INST Layer_WithThreshold__GC0 PIN 401: GENOME Layer_WithThreshold__GC0 PIN 401
INST Layer_WithThreshold__GC0 PIN 402: GENOME Layer_WithThreshold__GC0 PIN 402
INST Layer_WithThreshold__GC0 PIN 403: GENOME Layer_WithThreshold__GC0 PIN 403
INST Layer_WithThreshold__GC0 PIN 473: INST NP_Layer_WithThreshold__GB1 PIN 133 TYPE 5
INST Layer_WithThreshold__GC0 PIN 474: INST NP_Layer_WithThreshold__GB1 PIN 134 TYPE 5
INST Layer_WithThreshold__GC0 PIN 475: INST NP_Layer_WithThreshold__GB1 PIN 135 TYPE 5
INST Layer_WithThreshold__GC0 PIN 476: INST NP_Layer_WithThreshold__GB1 PIN 136 TYPE 5
INST Layer_WithThreshold__GC0 PIN 477: INST NP_Layer_WithThreshold__GB1 PIN 137 TYPE 5
INST Layer_WithThreshold__GC0 PIN 478: INST NP_Layer_WithThreshold__GB1 PIN 138 TYPE 5
INST Layer_WithThreshold__GC0 PIN 479: INST NP_Layer_WithThreshold__GB1 PIN 139 TYPE 5
INST Layer_WithThreshold__GC0 PIN 480: INST NP_Layer_WithThreshold__GB1 PIN 140 TYPE 5
INST Layer_WithThreshold__GC0 PIN 481: INST NP_Layer_WithThreshold__GB1 PIN 141 TYPE 5
INST Layer_WithThreshold__GC0 PIN 482: INST NP_Layer_WithThreshold__GB1 PIN 142 TYPE 5
INST Layer_WithThreshold__GC0 PIN 483: INST NP_Layer_WithThreshold__GB1 PIN 93 TYPE 5
INST Layer_WithThreshold__GC0 PIN 484: INST NP_Layer_WithThreshold__GB1 PIN 94 TYPE 5
INST Layer_WithThreshold__GC0 PIN 485: INST NP_Layer_WithThreshold__GB1 PIN 95 TYPE 5
INST Layer_WithThreshold__GC0 PIN 486: INST NP_Layer_WithThreshold__GB1 PIN 96 TYPE 5
INST Layer_WithThreshold__GC0 PIN 487: INST NP_Layer_WithThreshold__GB1 PIN 97 TYPE 5
INST Layer_WithThreshold__GC0 PIN 488: INST NP_Layer_WithThreshold__GB1 PIN 98 TYPE 5
INST Layer_WithThreshold__GC0 PIN 489: INST NP_Layer_WithThreshold__GB1 PIN 99 TYPE 5
INST Layer_WithThreshold__GC0 PIN 490: INST NP_Layer_WithThreshold__GB1 PIN 100 TYPE 5
INST Layer_WithThreshold__GC0 PIN 491: INST NP_Layer_WithThreshold__GB1 PIN 101 TYPE 5
INST Layer_WithThreshold__GC0 PIN 492: INST NP_Layer_WithThreshold__GB1 PIN 102 TYPE 5
INST Layer_WithThreshold__GC0 PIN 493: INST NP_Layer_WithThreshold__GB1 PIN 83 TYPE 5
INST Layer_WithThreshold__GC0 PIN 494: INST NP_Layer_WithThreshold__GB1 PIN 84 TYPE 5
INST Layer_WithThreshold__GC0 PIN 495: INST NP_Layer_WithThreshold__GB1 PIN 85 TYPE 5
INST Layer_WithThreshold__GC0 PIN 496: INST NP_Layer_WithThreshold__GB1 PIN 86 TYPE 5
INST Layer_WithThreshold__GC0 PIN 497: INST NP_Layer_WithThreshold__GB1 PIN 87 TYPE 5
INST Layer_WithThreshold__GC0 PIN 498: INST NP_Layer_WithThreshold__GB1 PIN 88 TYPE 5
INST Layer_WithThreshold__GC0 PIN 499: INST NP_Layer_WithThreshold__GB1 PIN 89 TYPE 5
INST Layer_WithThreshold__GC0 PIN 500: INST NP_Layer_WithThreshold__GB1 PIN 90 TYPE 5
INST Layer_WithThreshold__GC0 PIN 501: INST NP_Layer_WithThreshold__GB1 PIN 91 TYPE 5
INST Layer_WithThreshold__GC0 PIN 502: INST NP_Layer_WithThreshold__GB1 PIN 92 TYPE 5
INST Layer_WithThreshold__GC0 PIN 503: INST NP_Layer_WithThreshold__GB1 PIN 73 TYPE 5
INST Layer_WithThreshold__GC0 PIN 504: INST NP_Layer_WithThreshold__GB1 PIN 74 TYPE 5
INST Layer_WithThreshold__GC0 PIN 505: INST NP_Layer_WithThreshold__GB1 PIN 75 TYPE 5
INST Layer_WithThreshold__GC0 PIN 506: INST NP_Layer_WithThreshold__GB1 PIN 76 TYPE 5
INST Layer_WithThreshold__GC0 PIN 507: INST NP_Layer_WithThreshold__GB1 PIN 77 TYPE 5
INST Layer_WithThreshold__GC0 PIN 508: INST NP_Layer_WithThreshold__GB1 PIN 78 TYPE 5
INST Layer_WithThreshold__GC0 PIN 509: INST NP_Layer_WithThreshold__GB1 PIN 79 TYPE 5
INST Layer_WithThreshold__GC0 PIN 510: INST NP_Layer_WithThreshold__GB1 PIN 80 TYPE 5
INST Layer_WithThreshold__GC0 PIN 511: INST NP_Layer_WithThreshold__GB1 PIN 81 TYPE 5
INST Layer_WithThreshold__GC0 PIN 512: INST NP_Layer_WithThreshold__GB1 PIN 82 TYPE 5
INST Layer_WithThreshold__GC0 PIN 513: INST NP_Layer_WithThreshold__GB1 PIN 63 TYPE 5
INST Layer_WithThreshold__GC0 PIN 514: INST NP_Layer_WithThreshold__GB1 PIN 64 TYPE 5
INST Layer_WithThreshold__GC0 PIN 515: INST NP_Layer_WithThreshold__GB1 PIN 65 TYPE 5
INST Layer_WithThreshold__GC0 PIN 516: INST NP_Layer_WithThreshold__GB1 PIN 66 TYPE 5
INST Layer_WithThreshold__GC0 PIN 517: INST NP_Layer_WithThreshold__GB1 PIN 67 TYPE 5
INST Layer_WithThreshold__GC0 PIN 518: INST NP_Layer_WithThreshold__GB1 PIN 68 TYPE 5
INST Layer_WithThreshold__GC0 PIN 519: INST NP_Layer_WithThreshold__GB1 PIN 69 TYPE 5
INST Layer_WithThreshold__GC0 PIN 520: INST NP_Layer_WithThreshold__GB1 PIN 70 TYPE 5
INST Layer_WithThreshold__GC0 PIN 521: INST NP_Layer_WithThreshold__GB1 PIN 71 TYPE 5
INST Layer_WithThreshold__GC0 PIN 522: INST NP_Layer_WithThreshold__GB1 PIN 72 TYPE 5
INST Layer_WithThreshold__GC0 PIN 523: INST NP_Layer_WithThreshold__GB1 PIN 53 TYPE 5
INST Layer_WithThreshold__GC0 PIN 524: INST NP_Layer_WithThreshold__GB1 PIN 54 TYPE 5
INST Layer_WithThreshold__GC0 PIN 525: INST NP_Layer_WithThreshold__GB1 PIN 55 TYPE 5
INST Layer_WithThreshold__GC0 PIN 526: INST NP_Layer_WithThreshold__GB1 PIN 56 TYPE 5
INST Layer_WithThreshold__GC0 PIN 527: INST NP_Layer_WithThreshold__GB1 PIN 57 TYPE 5
INST Layer_WithThreshold__GC0 PIN 528: INST NP_Layer_WithThreshold__GB1 PIN 58 TYPE 5
INST Layer_WithThreshold__GC0 PIN 529: INST NP_Layer_WithThreshold__GB1 PIN 59 TYPE 5
INST Layer_WithThreshold__GC0 PIN 530: INST NP_Layer_WithThreshold__GB1 PIN 60 TYPE 5
INST Layer_WithThreshold__GC0 PIN 531: INST NP_Layer_WithThreshold__GB1 PIN 61 TYPE 5
INST Layer_WithThreshold__GC0 PIN 532: INST NP_Layer_WithThreshold__GB1 PIN 62 TYPE 5
INST Layer_WithThreshold__GC0 PIN 533: INST NP_Layer_WithThreshold__GB1 PIN 43 TYPE 5
INST Layer_WithThreshold__GC0 PIN 534: INST NP_Layer_WithThreshold__GB1 PIN 44 TYPE 5
INST Layer_WithThreshold__GC0 PIN 535: INST NP_Layer_WithThreshold__GB1 PIN 45 TYPE 5
INST Layer_WithThreshold__GC0 PIN 536: INST NP_Layer_WithThreshold__GB1 PIN 46 TYPE 5
INST Layer_WithThreshold__GC0 PIN 537: INST NP_Layer_WithThreshold__GB1 PIN 47 TYPE 5
INST Layer_WithThreshold__GC0 PIN 538: INST NP_Layer_WithThreshold__GB1 PIN 48 TYPE 5
INST Layer_WithThreshold__GC0 PIN 539: INST NP_Layer_WithThreshold__GB1 PIN 49 TYPE 5
INST Layer_WithThreshold__GC0 PIN 540: INST NP_Layer_WithThreshold__GB1 PIN 50 TYPE 5
INST Layer_WithThreshold__GC0 PIN 541: INST NP_Layer_WithThreshold__GB1 PIN 51 TYPE 5
INST Layer_WithThreshold__GC0 PIN 542: INST NP_Layer_WithThreshold__GB1 PIN 52 TYPE 5
INST Layer_WithThreshold__GC0 PIN 543: INST NP_Layer_WithThreshold__GB1 PIN 0 TYPE 5
INST Layer_WithThreshold__GC0 PIN 544: INST NP_Layer_WithThreshold__GB1 PIN 1 TYPE 5
INST Layer_WithThreshold__GC0 PIN 545: INST NP_Layer_WithThreshold__GB1 PIN 2 TYPE 5
INST Layer_WithThreshold__GC0 PIN 546: INST NP_Layer_WithThreshold__GB1 PIN 3 TYPE 5
INST Layer_WithThreshold__GC0 PIN 547: INST NP_Layer_WithThreshold__GB1 PIN 4 TYPE 5
INST Layer_WithThreshold__GC0 PIN 548: INST NP_Layer_WithThreshold__GB1 PIN 5 TYPE 5
INST Layer_WithThreshold__GC0 PIN 549: INST NP_Layer_WithThreshold__GB1 PIN 6 TYPE 5
INST Layer_WithThreshold__GC0 PIN 550: INST NP_Layer_WithThreshold__GB1 PIN 7 TYPE 5
INST Layer_WithThreshold__GC0 PIN 551: INST NP_Layer_WithThreshold__GB1 PIN 8 TYPE 5
INST Layer_WithThreshold__GC0 PIN 552: INST NP_Layer_WithThreshold__GB1 PIN 9 TYPE 5
INST Layer_WithThreshold__GC0 PIN 553: INST NP_Layer_WithThreshold__GB0 PIN 817 TYPE 5
INST Layer_WithThreshold__GC0 PIN 554: INST NP_Layer_WithThreshold__GB0 PIN 818 TYPE 5
INST Layer_WithThreshold__GC0 PIN 555: INST NP_Layer_WithThreshold__GB0 PIN 819 TYPE 5
INST Layer_WithThreshold__GC0 PIN 556: INST NP_Layer_WithThreshold__GB0 PIN 820 TYPE 5
INST Layer_WithThreshold__GC0 PIN 557: INST NP_Layer_WithThreshold__GB0 PIN 821 TYPE 5
INST Layer_WithThreshold__GC0 PIN 558: INST NP_Layer_WithThreshold__GB0 PIN 822 TYPE 5
INST Layer_WithThreshold__GC0 PIN 559: INST NP_Layer_WithThreshold__GB0 PIN 823 TYPE 5
INST Layer_WithThreshold__GC0 PIN 560: INST NP_Layer_WithThreshold__GB0 PIN 824 TYPE 5
INST Layer_WithThreshold__GC0 PIN 561: INST NP_Layer_WithThreshold__GB0 PIN 825 TYPE 5
INST Layer_WithThreshold__GC0 PIN 562: INST NP_Layer_WithThreshold__GB0 PIN 826 TYPE 5
INST Layer_WithThreshold__GC0 PIN 563: INST NP_Layer_WithThreshold__GB0 PIN 704 TYPE 5
INST Layer_WithThreshold__GC0 PIN 564: INST NP_Layer_WithThreshold__GB0 PIN 705 TYPE 5
INST Layer_WithThreshold__GC0 PIN 565: INST NP_Layer_WithThreshold__GB0 PIN 706 TYPE 5
INST Layer_WithThreshold__GC0 PIN 566: INST NP_Layer_WithThreshold__GB0 PIN 707 TYPE 5
INST Layer_WithThreshold__GC0 PIN 567: INST NP_Layer_WithThreshold__GB0 PIN 708 TYPE 5
INST Layer_WithThreshold__GC0 PIN 568: INST NP_Layer_WithThreshold__GB0 PIN 709 TYPE 5
INST Layer_WithThreshold__GC0 PIN 569: INST NP_Layer_WithThreshold__GB0 PIN 710 TYPE 5
INST Layer_WithThreshold__GC0 PIN 570: INST NP_Layer_WithThreshold__GB0 PIN 711 TYPE 5
INST Layer_WithThreshold__GC0 PIN 571: INST NP_Layer_WithThreshold__GB0 PIN 712 TYPE 5
INST Layer_WithThreshold__GC0 PIN 572: INST NP_Layer_WithThreshold__GB0 PIN 713 TYPE 5
INST Layer_WithThreshold__GC0 PIN 573: INST NP_Layer_WithThreshold__GB1 PIN 123 TYPE 5
INST Layer_WithThreshold__GC0 PIN 574: INST NP_Layer_WithThreshold__GB1 PIN 124 TYPE 5
INST Layer_WithThreshold__GC0 PIN 575: INST NP_Layer_WithThreshold__GB1 PIN 125 TYPE 5
INST Layer_WithThreshold__GC0 PIN 576: INST NP_Layer_WithThreshold__GB1 PIN 126 TYPE 5
INST Layer_WithThreshold__GC0 PIN 577: INST NP_Layer_WithThreshold__GB1 PIN 127 TYPE 5
INST Layer_WithThreshold__GC0 PIN 578: INST NP_Layer_WithThreshold__GB1 PIN 128 TYPE 5
INST Layer_WithThreshold__GC0 PIN 579: INST NP_Layer_WithThreshold__GB1 PIN 129 TYPE 5
INST Layer_WithThreshold__GC0 PIN 580: INST NP_Layer_WithThreshold__GB1 PIN 130 TYPE 5
INST Layer_WithThreshold__GC0 PIN 581: INST NP_Layer_WithThreshold__GB1 PIN 131 TYPE 5
INST Layer_WithThreshold__GC0 PIN 582: INST NP_Layer_WithThreshold__GB1 PIN 132 TYPE 5
INST Layer_WithThreshold__GC0 PIN 583: INST NP_Layer_WithThreshold__GB1 PIN 113 TYPE 5
INST Layer_WithThreshold__GC0 PIN 584: INST NP_Layer_WithThreshold__GB1 PIN 114 TYPE 5
INST Layer_WithThreshold__GC0 PIN 585: INST NP_Layer_WithThreshold__GB1 PIN 115 TYPE 5
INST Layer_WithThreshold__GC0 PIN 586: INST NP_Layer_WithThreshold__GB1 PIN 116 TYPE 5
INST Layer_WithThreshold__GC0 PIN 587: INST NP_Layer_WithThreshold__GB1 PIN 117 TYPE 5
INST Layer_WithThreshold__GC0 PIN 588: INST NP_Layer_WithThreshold__GB1 PIN 118 TYPE 5
INST Layer_WithThreshold__GC0 PIN 589: INST NP_Layer_WithThreshold__GB1 PIN 119 TYPE 5
INST Layer_WithThreshold__GC0 PIN 590: INST NP_Layer_WithThreshold__GB1 PIN 120 TYPE 5
INST Layer_WithThreshold__GC0 PIN 591: INST NP_Layer_WithThreshold__GB1 PIN 121 TYPE 5
INST Layer_WithThreshold__GC0 PIN 592: INST NP_Layer_WithThreshold__GB1 PIN 122 TYPE 5
INST Layer_WithThreshold__GC0 PIN 593: INST NP_Layer_WithThreshold__GB1 PIN 103 TYPE 5
INST Layer_WithThreshold__GC0 PIN 594: INST NP_Layer_WithThreshold__GB1 PIN 104 TYPE 5
INST Layer_WithThreshold__GC0 PIN 595: INST NP_Layer_WithThreshold__GB1 PIN 105 TYPE 5
INST Layer_WithThreshold__GC0 PIN 596: INST NP_Layer_WithThreshold__GB1 PIN 106 TYPE 5
INST Layer_WithThreshold__GC0 PIN 597: INST NP_Layer_WithThreshold__GB1 PIN 107 TYPE 5
INST Layer_WithThreshold__GC0 PIN 598: INST NP_Layer_WithThreshold__GB1 PIN 108 TYPE 5
INST Layer_WithThreshold__GC0 PIN 599: INST NP_Layer_WithThreshold__GB1 PIN 109 TYPE 5
INST Layer_WithThreshold__GC0 PIN 600: INST NP_Layer_WithThreshold__GB1 PIN 110 TYPE 5
INST Layer_WithThreshold__GC0 PIN 601: INST NP_Layer_WithThreshold__GB1 PIN 111 TYPE 5
INST Layer_WithThreshold__GC0 PIN 602: INST NP_Layer_WithThreshold__GB1 PIN 112 TYPE 5
INST Layer_WithThreshold__GC0 PIN 603: INST NP_Layer_WithThreshold__GB0 PIN 747 TYPE 5
INST Layer_WithThreshold__GC0 PIN 604: INST NP_Layer_WithThreshold__GB0 PIN 748 TYPE 5
INST Layer_WithThreshold__GC0 PIN 605: INST NP_Layer_WithThreshold__GB0 PIN 749 TYPE 5
INST Layer_WithThreshold__GC0 PIN 606: INST NP_Layer_WithThreshold__GB0 PIN 750 TYPE 5
INST Layer_WithThreshold__GC0 PIN 607: INST NP_Layer_WithThreshold__GB0 PIN 751 TYPE 5
INST Layer_WithThreshold__GC0 PIN 608: INST NP_Layer_WithThreshold__GB0 PIN 752 TYPE 5
INST Layer_WithThreshold__GC0 PIN 609: INST NP_Layer_WithThreshold__GB0 PIN 753 TYPE 5
INST Layer_WithThreshold__GC0 PIN 610: INST NP_Layer_WithThreshold__GB0 PIN 754 TYPE 5
INST Layer_WithThreshold__GC0 PIN 611: INST NP_Layer_WithThreshold__GB0 PIN 755 TYPE 5
INST Layer_WithThreshold__GC0 PIN 612: INST NP_Layer_WithThreshold__GB0 PIN 756 TYPE 5
INST Layer_WithThreshold__GC0 PIN 613: INST NP_Layer_WithThreshold__GB0 PIN 757 TYPE 5
INST Layer_WithThreshold__GC0 PIN 614: INST NP_Layer_WithThreshold__GB0 PIN 758 TYPE 5
INST Layer_WithThreshold__GC0 PIN 615: INST NP_Layer_WithThreshold__GB0 PIN 759 TYPE 5
INST Layer_WithThreshold__GC0 PIN 616: INST NP_Layer_WithThreshold__GB0 PIN 760 TYPE 5
INST Layer_WithThreshold__GC0 PIN 617: INST NP_Layer_WithThreshold__GB0 PIN 761 TYPE 5
INST Layer_WithThreshold__GC0 PIN 618: INST NP_Layer_WithThreshold__GB0 PIN 762 TYPE 5
INST Layer_WithThreshold__GC0 PIN 619: INST NP_Layer_WithThreshold__GB0 PIN 763 TYPE 5
INST Layer_WithThreshold__GC0 PIN 620: INST NP_Layer_WithThreshold__GB0 PIN 764 TYPE 5
INST Layer_WithThreshold__GC0 PIN 621: INST NP_Layer_WithThreshold__GB0 PIN 765 TYPE 5
INST Layer_WithThreshold__GC0 PIN 622: INST NP_Layer_WithThreshold__GB0 PIN 766 TYPE 5
INST Layer_WithThreshold__GC0 PIN 623: INST NP_Layer_WithThreshold__GB0 PIN 767 TYPE 5
INST Layer_WithThreshold__GC0 PIN 624: INST NP_Layer_WithThreshold__GB0 PIN 768 TYPE 5
INST Layer_WithThreshold__GC0 PIN 625: INST NP_Layer_WithThreshold__GB0 PIN 769 TYPE 5
INST Layer_WithThreshold__GC0 PIN 626: INST NP_Layer_WithThreshold__GB0 PIN 770 TYPE 5
INST Layer_WithThreshold__GC0 PIN 627: INST NP_Layer_WithThreshold__GB0 PIN 771 TYPE 5
INST Layer_WithThreshold__GC0 PIN 628: INST NP_Layer_WithThreshold__GB0 PIN 772 TYPE 5
INST Layer_WithThreshold__GC0 PIN 629: INST NP_Layer_WithThreshold__GB0 PIN 773 TYPE 5
INST Layer_WithThreshold__GC0 PIN 630: INST NP_Layer_WithThreshold__GB0 PIN 774 TYPE 5
INST Layer_WithThreshold__GC0 PIN 631: INST NP_Layer_WithThreshold__GB0 PIN 775 TYPE 5
INST Layer_WithThreshold__GC0 PIN 632: INST NP_Layer_WithThreshold__GB0 PIN 776 TYPE 5
INST Layer_WithThreshold__GC0 PIN 633: INST NP_Layer_WithThreshold__GB0 PIN 777 TYPE 5
INST Layer_WithThreshold__GC0 PIN 634: INST NP_Layer_WithThreshold__GB0 PIN 778 TYPE 5
INST Layer_WithThreshold__GC0 PIN 635: INST NP_Layer_WithThreshold__GB0 PIN 779 TYPE 5
INST Layer_WithThreshold__GC0 PIN 636: INST NP_Layer_WithThreshold__GB0 PIN 780 TYPE 5
INST Layer_WithThreshold__GC0 PIN 637: INST NP_Layer_WithThreshold__GB0 PIN 781 TYPE 5
INST Layer_WithThreshold__GC0 PIN 638: INST NP_Layer_WithThreshold__GB0 PIN 782 TYPE 5
INST Layer_WithThreshold__GC0 PIN 639: INST NP_Layer_WithThreshold__GB0 PIN 783 TYPE 5
INST Layer_WithThreshold__GC0 PIN 640: INST NP_Layer_WithThreshold__GB0 PIN 784 TYPE 5
INST Layer_WithThreshold__GC0 PIN 641: INST NP_Layer_WithThreshold__GB0 PIN 785 TYPE 5
INST Layer_WithThreshold__GC0 PIN 642: INST NP_Layer_WithThreshold__GB0 PIN 786 TYPE 5
INST Layer_WithThreshold__GC0 PIN 643: INST NP_Layer_WithThreshold__GB0 PIN 787 TYPE 5
INST Layer_WithThreshold__GC0 PIN 644: INST NP_Layer_WithThreshold__GB0 PIN 788 TYPE 5
INST Layer_WithThreshold__GC0 PIN 645: INST NP_Layer_WithThreshold__GB0 PIN 789 TYPE 5
INST Layer_WithThreshold__GC0 PIN 646: INST NP_Layer_WithThreshold__GB0 PIN 790 TYPE 5
INST Layer_WithThreshold__GC0 PIN 647: INST NP_Layer_WithThreshold__GB0 PIN 791 TYPE 5
INST Layer_WithThreshold__GC0 PIN 648: INST NP_Layer_WithThreshold__GB0 PIN 792 TYPE 5
INST Layer_WithThreshold__GC0 PIN 649: INST NP_Layer_WithThreshold__GB0 PIN 793 TYPE 5
INST Layer_WithThreshold__GC0 PIN 650: INST NP_Layer_WithThreshold__GB0 PIN 794 TYPE 5
INST Layer_WithThreshold__GC0 PIN 651: INST NP_Layer_WithThreshold__GB0 PIN 795 TYPE 5
INST Layer_WithThreshold__GC0 PIN 652: INST NP_Layer_WithThreshold__GB0 PIN 796 TYPE 5
INST Layer_WithThreshold__GC0 PIN 653: INST NP_Layer_WithThreshold__GB0 PIN 797 TYPE 5
INST Layer_WithThreshold__GC0 PIN 654: INST NP_Layer_WithThreshold__GB0 PIN 798 TYPE 5
INST Layer_WithThreshold__GC0 PIN 655: INST NP_Layer_WithThreshold__GB0 PIN 799 TYPE 5
INST Layer_WithThreshold__GC0 PIN 656: INST NP_Layer_WithThreshold__GB0 PIN 800 TYPE 5
INST Layer_WithThreshold__GC0 PIN 657: INST NP_Layer_WithThreshold__GB0 PIN 801 TYPE 5
INST Layer_WithThreshold__GC0 PIN 658: INST NP_Layer_WithThreshold__GB0 PIN 802 TYPE 5
INST Layer_WithThreshold__GC0 PIN 659: INST NP_Layer_WithThreshold__GB0 PIN 803 TYPE 5
INST Layer_WithThreshold__GC0 PIN 660: INST NP_Layer_WithThreshold__GB0 PIN 804 TYPE 5
INST Layer_WithThreshold__GC0 PIN 661: INST NP_Layer_WithThreshold__GB0 PIN 805 TYPE 5
INST Layer_WithThreshold__GC0 PIN 662: INST NP_Layer_WithThreshold__GB0 PIN 806 TYPE 5
INST Layer_WithThreshold__GC0 PIN 663: INST NP_Layer_WithThreshold__GB0 PIN 807 TYPE 5
INST Layer_WithThreshold__GC0 PIN 664: INST NP_Layer_WithThreshold__GB0 PIN 808 TYPE 5
INST Layer_WithThreshold__GC0 PIN 665: INST NP_Layer_WithThreshold__GB0 PIN 809 TYPE 5
INST Layer_WithThreshold__GC0 PIN 666: INST NP_Layer_WithThreshold__GB0 PIN 810 TYPE 5
INST Layer_WithThreshold__GC0 PIN 667: INST NP_Layer_WithThreshold__GB0 PIN 811 TYPE 5
INST Layer_WithThreshold__GC0 PIN 668: INST NP_Layer_WithThreshold__GB0 PIN 812 TYPE 5
INST Layer_WithThreshold__GC0 PIN 669: INST NP_Layer_WithThreshold__GB0 PIN 813 TYPE 5
INST Layer_WithThreshold__GC0 PIN 670: INST NP_Layer_WithThreshold__GB0 PIN 814 TYPE 5
INST Layer_WithThreshold__GC0 PIN 671: INST NP_Layer_WithThreshold__GB0 PIN 815 TYPE 5
INST Layer_WithThreshold__GC0 PIN 672: INST NP_Layer_WithThreshold__GB0 PIN 816 TYPE 5
INST Layer_WithThreshold__GC0 PIN 673: INST NP_Layer_WithThreshold__GB0 PIN 837 TYPE 5
INST Layer_WithThreshold__GC0 PIN 674: INST NP_Layer_WithThreshold__GB0 PIN 838 TYPE 5
INST Layer_WithThreshold__GC0 PIN 675: INST NP_Layer_WithThreshold__GB0 PIN 839 TYPE 5
INST Layer_WithThreshold__GC0 PIN 676: INST NP_Layer_WithThreshold__GB0 PIN 840 TYPE 5
INST Layer_WithThreshold__GC0 PIN 677: INST NP_Layer_WithThreshold__GB0 PIN 841 TYPE 5
INST Layer_WithThreshold__GC0 PIN 678: INST NP_Layer_WithThreshold__GB0 PIN 842 TYPE 5
INST Layer_WithThreshold__GC0 PIN 679: INST NP_Layer_WithThreshold__GB0 PIN 843 TYPE 5
INST Layer_WithThreshold__GC0 PIN 680: INST NP_Layer_WithThreshold__GB0 PIN 844 TYPE 5
INST Layer_WithThreshold__GC0 PIN 681: INST NP_Layer_WithThreshold__GB0 PIN 845 TYPE 5
INST Layer_WithThreshold__GC0 PIN 682: INST NP_Layer_WithThreshold__GB0 PIN 846 TYPE 5
INST Layer_WithThreshold__GC0 PIN 683: INST NP_Layer_WithThreshold__GB0 PIN 827 TYPE 5
INST Layer_WithThreshold__GC0 PIN 684: INST NP_Layer_WithThreshold__GB0 PIN 828 TYPE 5
INST Layer_WithThreshold__GC0 PIN 685: INST NP_Layer_WithThreshold__GB0 PIN 829 TYPE 5
INST Layer_WithThreshold__GC0 PIN 686: INST NP_Layer_WithThreshold__GB0 PIN 830 TYPE 5
INST Layer_WithThreshold__GC0 PIN 687: INST NP_Layer_WithThreshold__GB0 PIN 831 TYPE 5
INST Layer_WithThreshold__GC0 PIN 688: INST NP_Layer_WithThreshold__GB0 PIN 832 TYPE 5
INST Layer_WithThreshold__GC0 PIN 689: INST NP_Layer_WithThreshold__GB0 PIN 833 TYPE 5
INST Layer_WithThreshold__GC0 PIN 690: INST NP_Layer_WithThreshold__GB0 PIN 834 TYPE 5
INST Layer_WithThreshold__GC0 PIN 691: INST NP_Layer_WithThreshold__GB0 PIN 835 TYPE 5
INST Layer_WithThreshold__GC0 PIN 692: INST NP_Layer_WithThreshold__GB0 PIN 836 TYPE 5
INST Layer_WithThreshold__GC0 PIN 693: INST NP_Layer_WithThreshold__GB2 PIN 0 TYPE 5
INST Layer_WithThreshold__GC0 PIN 694: INST NP_Layer_WithThreshold__GB2 PIN 1 TYPE 5
INST Layer_WithThreshold__GC0 PIN 695: INST NP_Layer_WithThreshold__GB2 PIN 2 TYPE 5
INST Layer_WithThreshold__GC0 PIN 696: INST NP_Layer_WithThreshold__GB2 PIN 3 TYPE 5
INST Layer_WithThreshold__GC0 PIN 697: INST NP_Layer_WithThreshold__GB2 PIN 4 TYPE 5
INST Layer_WithThreshold__GC0 PIN 698: INST NP_Layer_WithThreshold__GB2 PIN 5 TYPE 5
INST Layer_WithThreshold__GC0 PIN 699: INST NP_Layer_WithThreshold__GB2 PIN 6 TYPE 5
INST Layer_WithThreshold__GC0 PIN 700: INST NP_Layer_WithThreshold__GB2 PIN 7 TYPE 5
INST Layer_WithThreshold__GC0 PIN 701: INST NP_Layer_WithThreshold__GB2 PIN 8 TYPE 5
INST Layer_WithThreshold__GC0 PIN 702: INST NP_Layer_WithThreshold__GB2 PIN 9 TYPE 5
INST Layer_WithThreshold__GC0 PIN 703: INST NP_Layer_WithThreshold__GB2 PIN 179 TYPE 5
INST Layer_WithThreshold__GC0 PIN 704: INST NP_Layer_WithThreshold__GB2 PIN 180 TYPE 5
INST Layer_WithThreshold__GC0 PIN 705: INST NP_Layer_WithThreshold__GB2 PIN 181 TYPE 5
INST Layer_WithThreshold__GC0 PIN 706: INST NP_Layer_WithThreshold__GB2 PIN 182 TYPE 5
INST Layer_WithThreshold__GC0 PIN 707: INST NP_Layer_WithThreshold__GB2 PIN 183 TYPE 5
INST Layer_WithThreshold__GC0 PIN 708: INST NP_Layer_WithThreshold__GB2 PIN 184 TYPE 5
INST Layer_WithThreshold__GC0 PIN 709: INST NP_Layer_WithThreshold__GB2 PIN 185 TYPE 5
INST Layer_WithThreshold__GC0 PIN 710: INST NP_Layer_WithThreshold__GB2 PIN 186 TYPE 5
INST Layer_WithThreshold__GC0 PIN 711: INST NP_Layer_WithThreshold__GB2 PIN 187 TYPE 5
INST Layer_WithThreshold__GC0 PIN 712: INST NP_Layer_WithThreshold__GB2 PIN 188 TYPE 5
INST Layer_WithThreshold__GC0 PIN 713: INST NP_Layer_WithThreshold__GB2 PIN 189 TYPE 5
INST Layer_WithThreshold__GC0 PIN 714: INST NP_Layer_WithThreshold__GB2 PIN 190 TYPE 5
INST Layer_WithThreshold__GC0 PIN 715: INST NP_Layer_WithThreshold__GB2 PIN 191 TYPE 5
INST Layer_WithThreshold__GC0 PIN 716: INST NP_Layer_WithThreshold__GB2 PIN 192 TYPE 5
INST Layer_WithThreshold__GC0 PIN 717: INST NP_Layer_WithThreshold__GB2 PIN 193 TYPE 5
INST Layer_WithThreshold__GC0 PIN 718: INST NP_Layer_WithThreshold__GB2 PIN 194 TYPE 5
INST Layer_WithThreshold__GC0 PIN 719: INST NP_Layer_WithThreshold__GB2 PIN 195 TYPE 5
INST Layer_WithThreshold__GC0 PIN 720: INST NP_Layer_WithThreshold__GB2 PIN 196 TYPE 5
INST Layer_WithThreshold__GC0 PIN 721: INST NP_Layer_WithThreshold__GB2 PIN 197 TYPE 5
INST Layer_WithThreshold__GC0 PIN 722: INST NP_Layer_WithThreshold__GB2 PIN 198 TYPE 5
INST Layer_WithThreshold__GC0 PIN 723: INST NP_Layer_WithThreshold__GB2 PIN 199 TYPE 5
INST Layer_WithThreshold__GC0 PIN 724: INST NP_Layer_WithThreshold__GB2 PIN 200 TYPE 5
INST Layer_WithThreshold__GC0 PIN 725: INST NP_Layer_WithThreshold__GB2 PIN 201 TYPE 5
INST Layer_WithThreshold__GC0 PIN 726: INST NP_Layer_WithThreshold__GB2 PIN 202 TYPE 5
INST Layer_WithThreshold__GC0 PIN 727: INST NP_Layer_WithThreshold__GB2 PIN 203 TYPE 5
INST Layer_WithThreshold__GC0 PIN 728: INST NP_Layer_WithThreshold__GB2 PIN 204 TYPE 5
INST Layer_WithThreshold__GC0 PIN 729: INST NP_Layer_WithThreshold__GB2 PIN 205 TYPE 5
INST Layer_WithThreshold__GC0 PIN 730: INST NP_Layer_WithThreshold__GB2 PIN 206 TYPE 5
INST Layer_WithThreshold__GC0 PIN 731: INST NP_Layer_WithThreshold__GB2 PIN 207 TYPE 5
INST Layer_WithThreshold__GC0 PIN 732: INST NP_Layer_WithThreshold__GB2 PIN 208 TYPE 5
INST Layer_WithThreshold__GC0 PIN 733: INST NP_Layer_WithThreshold__GB2 PIN 209 TYPE 5
INST Layer_WithThreshold__GC0 PIN 734: INST NP_Layer_WithThreshold__GB2 PIN 210 TYPE 5
INST Layer_WithThreshold__GC0 PIN 735: INST NP_Layer_WithThreshold__GB2 PIN 211 TYPE 5
INST Layer_WithThreshold__GC0 PIN 736: INST NP_Layer_WithThreshold__GB2 PIN 212 TYPE 5
INST Layer_WithThreshold__GC0 PIN 737: INST NP_Layer_WithThreshold__GB2 PIN 213 TYPE 5
INST Layer_WithThreshold__GC0 PIN 738: INST NP_Layer_WithThreshold__GB2 PIN 214 TYPE 5
INST Layer_WithThreshold__GC0 PIN 739: INST NP_Layer_WithThreshold__GB2 PIN 215 TYPE 5
INST Layer_WithThreshold__GC0 PIN 740: INST NP_Layer_WithThreshold__GB2 PIN 216 TYPE 5
INST Layer_WithThreshold__GC0 PIN 741: INST NP_Layer_WithThreshold__GB2 PIN 217 TYPE 5
INST Layer_WithThreshold__GC0 PIN 742: INST NP_Layer_WithThreshold__GB2 PIN 218 TYPE 5
INST Layer_WithThreshold__GC0 PIN 743: INST NP_Layer_WithThreshold__GB2 PIN 219 TYPE 5
INST Layer_WithThreshold__GC0 PIN 744: INST NP_Layer_WithThreshold__GB2 PIN 220 TYPE 5
INST Layer_WithThreshold__GC0 PIN 745: INST NP_Layer_WithThreshold__GB2 PIN 221 TYPE 5
INST Layer_WithThreshold__GC0 PIN 746: INST NP_Layer_WithThreshold__GB2 PIN 222 TYPE 5
INST Layer_WithThreshold__GC0 PIN 747: INST NP_Layer_WithThreshold__GB2 PIN 223 TYPE 5
INST Layer_WithThreshold__GC0 PIN 748: INST NP_Layer_WithThreshold__GB2 PIN 224 TYPE 5
INST Layer_WithThreshold__GC0 PIN 749: INST NP_Layer_WithThreshold__GB2 PIN 225 TYPE 5
INST Layer_WithThreshold__GC0 PIN 750: INST NP_Layer_WithThreshold__GB2 PIN 226 TYPE 5
INST Layer_WithThreshold__GC0 PIN 751: INST NP_Layer_WithThreshold__GB2 PIN 227 TYPE 5
INST Layer_WithThreshold__GC0 PIN 752: INST NP_Layer_WithThreshold__GB2 PIN 228 TYPE 5
INST Layer_WithThreshold__GC0 PIN 753: INST NP_Layer_WithThreshold__GB2 PIN 229 TYPE 5
INST Layer_WithThreshold__GC0 PIN 754: INST NP_Layer_WithThreshold__GB2 PIN 230 TYPE 5
INST Layer_WithThreshold__GC0 PIN 755: INST NP_Layer_WithThreshold__GB2 PIN 231 TYPE 5
INST Layer_WithThreshold__GC0 PIN 756: INST NP_Layer_WithThreshold__GB2 PIN 232 TYPE 5
INST Layer_WithThreshold__GC0 PIN 757: INST NP_Layer_WithThreshold__GB2 PIN 233 TYPE 5
INST Layer_WithThreshold__GC0 PIN 758: INST NP_Layer_WithThreshold__GB2 PIN 234 TYPE 5
INST Layer_WithThreshold__GC0 PIN 759: INST NP_Layer_WithThreshold__GB2 PIN 235 TYPE 5
INST Layer_WithThreshold__GC0 PIN 760: INST NP_Layer_WithThreshold__GB2 PIN 236 TYPE 5
INST Layer_WithThreshold__GC0 PIN 761: INST NP_Layer_WithThreshold__GB2 PIN 237 TYPE 5
INST Layer_WithThreshold__GC0 PIN 762: INST NP_Layer_WithThreshold__GB2 PIN 238 TYPE 5
INST Layer_WithThreshold__GC0 PIN 763: INST NP_Layer_WithThreshold__GB2 PIN 239 TYPE 5
INST Layer_WithThreshold__GC0 PIN 764: INST NP_Layer_WithThreshold__GB2 PIN 240 TYPE 5
INST Layer_WithThreshold__GC0 PIN 765: INST NP_Layer_WithThreshold__GB2 PIN 241 TYPE 5
INST Layer_WithThreshold__GC0 PIN 766: INST NP_Layer_WithThreshold__GB2 PIN 242 TYPE 5
INST Layer_WithThreshold__GC0 PIN 767: INST NP_Layer_WithThreshold__GB2 PIN 243 TYPE 5
INST Layer_WithThreshold__GC0 PIN 768: INST NP_Layer_WithThreshold__GB2 PIN 244 TYPE 5
INST Layer_WithThreshold__GC0 PIN 769: INST NP_Layer_WithThreshold__GB2 PIN 245 TYPE 5
INST Layer_WithThreshold__GC0 PIN 770: INST NP_Layer_WithThreshold__GB2 PIN 246 TYPE 5
INST Layer_WithThreshold__GC0 PIN 771: INST NP_Layer_WithThreshold__GB2 PIN 247 TYPE 5
INST Layer_WithThreshold__GC0 PIN 772: INST NP_Layer_WithThreshold__GB2 PIN 248 TYPE 5
INST Layer_WithThreshold__GC0 PIN 773: INST NP_Layer_WithThreshold__GB2 PIN 249 TYPE 5
INST Layer_WithThreshold__GC0 PIN 774: INST NP_Layer_WithThreshold__GB2 PIN 250 TYPE 5
INST Layer_WithThreshold__GC0 PIN 775: INST NP_Layer_WithThreshold__GB2 PIN 251 TYPE 5
INST Layer_WithThreshold__GC0 PIN 776: INST NP_Layer_WithThreshold__GB2 PIN 252 TYPE 5
INST Layer_WithThreshold__GC0 PIN 777: INST NP_Layer_WithThreshold__GB2 PIN 253 TYPE 5
INST Layer_WithThreshold__GC0 PIN 778: INST NP_Layer_WithThreshold__GB2 PIN 254 TYPE 5
INST Layer_WithThreshold__GC0 PIN 779: INST NP_Layer_WithThreshold__GB2 PIN 255 TYPE 5
INST Layer_WithThreshold__GC0 PIN 780: INST NP_Layer_WithThreshold__GB2 PIN 256 TYPE 5
INST Layer_WithThreshold__GC0 PIN 781: INST NP_Layer_WithThreshold__GB2 PIN 257 TYPE 5
INST Layer_WithThreshold__GC0 PIN 782: INST NP_Layer_WithThreshold__GB2 PIN 258 TYPE 5
INST Layer_WithThreshold__GC0 PIN 783: INST NP_Layer_WithThreshold__GB2 PIN 369 TYPE 5
INST Layer_WithThreshold__GC0 PIN 784: INST NP_Layer_WithThreshold__GB2 PIN 370 TYPE 5
INST Layer_WithThreshold__GC0 PIN 785: INST NP_Layer_WithThreshold__GB2 PIN 371 TYPE 5
INST Layer_WithThreshold__GC0 PIN 786: INST NP_Layer_WithThreshold__GB2 PIN 372 TYPE 5
INST Layer_WithThreshold__GC0 PIN 787: INST NP_Layer_WithThreshold__GB2 PIN 373 TYPE 5
INST Layer_WithThreshold__GC0 PIN 788: INST NP_Layer_WithThreshold__GB2 PIN 374 TYPE 5
INST Layer_WithThreshold__GC0 PIN 789: INST NP_Layer_WithThreshold__GB2 PIN 375 TYPE 5
INST Layer_WithThreshold__GC0 PIN 790: INST NP_Layer_WithThreshold__GB2 PIN 376 TYPE 5
INST Layer_WithThreshold__GC0 PIN 791: INST NP_Layer_WithThreshold__GB2 PIN 377 TYPE 5
INST Layer_WithThreshold__GC0 PIN 792: INST NP_Layer_WithThreshold__GB2 PIN 378 TYPE 5
INST Layer_WithThreshold__GC0 PIN 793: INST NP_Layer_WithThreshold__GB1 PIN 32 TYPE 5
INST Layer_WithThreshold__GC0 PIN 794: INST NP_Layer_WithThreshold__GB1 PIN 33 TYPE 5
INST Layer_WithThreshold__GC0 PIN 795: INST NP_Layer_WithThreshold__GB1 PIN 34 TYPE 5
INST Layer_WithThreshold__GC0 PIN 796: INST NP_Layer_WithThreshold__GB1 PIN 35 TYPE 5
INST Layer_WithThreshold__GC0 PIN 797: INST NP_Layer_WithThreshold__GB1 PIN 36 TYPE 5
INST Layer_WithThreshold__GC0 PIN 798: INST NP_Layer_WithThreshold__GB1 PIN 37 TYPE 5
INST Layer_WithThreshold__GC0 PIN 799: INST NP_Layer_WithThreshold__GB1 PIN 38 TYPE 5
INST Layer_WithThreshold__GC0 PIN 800: INST NP_Layer_WithThreshold__GB1 PIN 39 TYPE 5
INST Layer_WithThreshold__GC0 PIN 801: INST NP_Layer_WithThreshold__GB0 PIN 736 TYPE 5
INST Layer_WithThreshold__GC0 PIN 802: INST NP_Layer_WithThreshold__GB0 PIN 737 TYPE 5
INST Layer_WithThreshold__GC0 PIN 803: INST NP_Layer_WithThreshold__GB1 PIN 40 TYPE 5
INST Layer_WithThreshold__GC0 PIN 804: INST NP_Layer_WithThreshold__GB1 PIN 41 TYPE 5
INST Layer_WithThreshold__GC0 PIN 805: INST NP_Layer_WithThreshold__GB1 PIN 42 TYPE 5
INST Layer_WithThreshold__GC0 PIN 806: INST NP_Layer_WithThreshold__GB0 PIN 738 TYPE 5
INST Layer_WithThreshold__GC0 PIN 807: INST NP_Layer_WithThreshold__GB0 PIN 739 TYPE 5
INST Layer_WithThreshold__GC0 PIN 808: INST NP_Layer_WithThreshold__GB0 PIN 740 TYPE 5
INST Layer_WithThreshold__GC0 PIN 809: INST NP_Layer_WithThreshold__GB0 PIN 741 TYPE 5
INST Layer_WithThreshold__GC0 PIN 810: INST NP_Layer_WithThreshold__GB0 PIN 742 TYPE 5
INST Layer_WithThreshold__GC0 PIN 811: INST NP_Layer_WithThreshold__GB0 PIN 743 TYPE 5
INST Layer_WithThreshold__GC0 PIN 812: INST NP_Layer_WithThreshold__GB0 PIN 744 TYPE 5
INST Layer_WithThreshold__GC0 PIN 813: INST NP_Layer_WithThreshold__GB0 PIN 745 TYPE 5
INST Layer_WithThreshold__GC0 PIN 814: INST NP_Layer_WithThreshold__GB0 PIN 746 TYPE 5
INST Layer_WithThreshold__GC0 PIN 815: INST NP_Layer_WithThreshold__GB2 PIN 30 TYPE 5
INST Layer_WithThreshold__GC0 PIN 816: INST NP_Layer_WithThreshold__GB2 PIN 31 TYPE 5
INST Layer_WithThreshold__GC0 PIN 817: INST NP_Layer_WithThreshold__GB2 PIN 32 TYPE 5
INST Layer_WithThreshold__GC0 PIN 818: INST NP_Layer_WithThreshold__GB2 PIN 33 TYPE 5
INST Layer_WithThreshold__GC0 PIN 819: INST NP_Layer_WithThreshold__GB2 PIN 34 TYPE 5
INST Layer_WithThreshold__GC0 PIN 820: INST NP_Layer_WithThreshold__GB2 PIN 35 TYPE 5
INST Layer_WithThreshold__GC0 PIN 821: INST NP_Layer_WithThreshold__GB2 PIN 36 TYPE 5
INST Layer_WithThreshold__GC0 PIN 822: INST NP_Layer_WithThreshold__GB2 PIN 37 TYPE 5
INST Layer_WithThreshold__GC0 PIN 823: INST NP_Layer_WithThreshold__GB2 PIN 38 TYPE 5
INST Layer_WithThreshold__GC0 PIN 824: INST NP_Layer_WithThreshold__GB2 PIN 39 TYPE 5
INST bnn_fcc_timing__GC0 PIN 86: GENOME bnn_fcc_timing__GC0 PIN 86
INST bnn_fcc_timing__GC0 PIN 89: GENOME bnn_fcc_timing__GC0 PIN 89
INST bnn_fcc_timing__GC0 PIN 90: GENOME bnn_fcc_timing__GC0 PIN 90
INST bnn_fcc_timing__GC0 PIN 91: GENOME bnn_fcc_timing__GC0 PIN 91
INST bnn_fcc_timing__GC0 PIN 92: GENOME bnn_fcc_timing__GC0 PIN 92
INST bnn_fcc_timing__GC0 PIN 93: GENOME bnn_fcc_timing__GC0 PIN 93
INST bnn_fcc_timing__GC0 PIN 94: GENOME bnn_fcc_timing__GC0 PIN 94
INST bnn_fcc_timing__GC0 PIN 95: GENOME bnn_fcc_timing__GC0 PIN 95
INST bnn_fcc_timing__GC0 PIN 97: GENOME bnn_fcc_timing__GC0 PIN 97
INST bnn_fcc_timing__GC0 PIN 98: GENOME bnn_fcc_timing__GC0 PIN 98
INST bnn_fcc_timing__GC0 PIN 99: GENOME bnn_fcc_timing__GC0 PIN 99
INST bnn_fcc_timing__GC0 PIN 100: GENOME bnn_fcc_timing__GC0 PIN 100
INST bnn_fcc_timing__GC0 PIN 101: GENOME bnn_fcc_timing__GC0 PIN 101
INST bnn_fcc_timing__GC0 PIN 102: GENOME bnn_fcc_timing__GC0 PIN 102
INST bnn_fcc_timing__GC0 PIN 103: GENOME bnn_fcc_timing__GC0 PIN 103
INST bnn_fcc_timing__GC0 PIN 105: GENOME bnn_fcc_timing__GC0 PIN 105
INST bnn_fcc_timing__GC0 PIN 106: GENOME bnn_fcc_timing__GC0 PIN 106
INST bnn_fcc_timing__GC0 PIN 107: GENOME bnn_fcc_timing__GC0 PIN 107
INST bnn_fcc_timing__GC0 PIN 108: GENOME bnn_fcc_timing__GC0 PIN 108
INST bnn_fcc_timing__GC0 PIN 109: GENOME bnn_fcc_timing__GC0 PIN 109
INST bnn_fcc_timing__GC0 PIN 110: GENOME bnn_fcc_timing__GC0 PIN 110
INST bnn_fcc_timing__GC0 PIN 111: GENOME bnn_fcc_timing__GC0 PIN 111
INST bnn_fcc_timing__GC0 PIN 113: GENOME bnn_fcc_timing__GC0 PIN 113
INST bnn_fcc_timing__GC0 PIN 114: GENOME bnn_fcc_timing__GC0 PIN 114
INST bnn_fcc_timing__GC0 PIN 115: GENOME bnn_fcc_timing__GC0 PIN 115
INST bnn_fcc_timing__GC0 PIN 116: GENOME bnn_fcc_timing__GC0 PIN 116
INST bnn_fcc_timing__GC0 PIN 117: GENOME bnn_fcc_timing__GC0 PIN 117
INST bnn_fcc_timing__GC0 PIN 118: GENOME bnn_fcc_timing__GC0 PIN 118
INST bnn_fcc_timing__GC0 PIN 119: GENOME bnn_fcc_timing__GC0 PIN 119
INST bnn_fcc_timing__GC0 PIN 121: GENOME bnn_fcc_timing__GC0 PIN 121
INST bnn_fcc_timing__GC0 PIN 122: GENOME bnn_fcc_timing__GC0 PIN 122
INST bnn_fcc_timing__GC0 PIN 123: GENOME bnn_fcc_timing__GC0 PIN 123
INST bnn_fcc_timing__GC0 PIN 124: GENOME bnn_fcc_timing__GC0 PIN 124
INST bnn_fcc_timing__GC0 PIN 125: GENOME bnn_fcc_timing__GC0 PIN 125
INST bnn_fcc_timing__GC0 PIN 126: GENOME bnn_fcc_timing__GC0 PIN 126
INST bnn_fcc_timing__GC0 PIN 127: GENOME bnn_fcc_timing__GC0 PIN 127
INST bnn_fcc_timing__GC0 PIN 129: GENOME bnn_fcc_timing__GC0 PIN 129
INST bnn_fcc_timing__GC0 PIN 130: GENOME bnn_fcc_timing__GC0 PIN 130
INST bnn_fcc_timing__GC0 PIN 131: GENOME bnn_fcc_timing__GC0 PIN 131
INST bnn_fcc_timing__GC0 PIN 132: GENOME bnn_fcc_timing__GC0 PIN 132
INST bnn_fcc_timing__GC0 PIN 133: GENOME bnn_fcc_timing__GC0 PIN 133
INST bnn_fcc_timing__GC0 PIN 134: GENOME bnn_fcc_timing__GC0 PIN 134
INST bnn_fcc_timing__GC0 PIN 135: GENOME bnn_fcc_timing__GC0 PIN 135
INST bnn_fcc_timing__GC0 PIN 137: GENOME bnn_fcc_timing__GC0 PIN 137
INST bnn_fcc_timing__GC0 PIN 138: GENOME bnn_fcc_timing__GC0 PIN 138
INST bnn_fcc_timing__GC0 PIN 139: GENOME bnn_fcc_timing__GC0 PIN 139
INST bnn_fcc_timing__GC0 PIN 140: GENOME bnn_fcc_timing__GC0 PIN 140
INST bnn_fcc_timing__GC0 PIN 141: GENOME bnn_fcc_timing__GC0 PIN 141
INST bnn_fcc_timing__GC0 PIN 142: GENOME bnn_fcc_timing__GC0 PIN 142
INST bnn_fcc_timing__GC0 PIN 143: GENOME bnn_fcc_timing__GC0 PIN 143
INST bnn_fcc_timing__GC0 PIN 145: GENOME bnn_fcc_timing__GC0 PIN 145
INST bnn_fcc_timing__GC0 PIN 146: GENOME bnn_fcc_timing__GC0 PIN 146
INST bnn_fcc_timing__GC0 PIN 147: GENOME bnn_fcc_timing__GC0 PIN 147
INST bnn_fcc_timing__GC0 PIN 148: GENOME bnn_fcc_timing__GC0 PIN 148
INST bnn_fcc_timing__GC0 PIN 149: GENOME bnn_fcc_timing__GC0 PIN 149
INST bnn_fcc_timing__GC0 PIN 150: GENOME bnn_fcc_timing__GC0 PIN 150
INST bnn_fcc_timing__GC0 PIN 151: GENOME bnn_fcc_timing__GC0 PIN 151
INST bnn_fcc_timing__GC0 PIN 166: GENOME bnn_fcc_timing__GC0 PIN 166
INST bnn_fcc_timing__GC0 PIN 167: GENOME bnn_fcc_timing__GC0 PIN 167
INST bnn_fcc_timing__GC0 PIN 168: GENOME bnn_fcc_timing__GC0 PIN 168
INST bnn_fcc_timing__GC0 PIN 169: GENOME bnn_fcc_timing__GC0 PIN 169
INST bnn_fcc_timing__GC0 PIN 174: GENOME bnn_fcc_timing__GC0 PIN 174
INST bnn_fcc_timing__GC0 PIN 175: GENOME bnn_fcc_timing__GC0 PIN 175 INST bnn_fcc__GC0 PIN 80 TYPE 5
INST bnn_fcc_timing__GC0 PIN 165: GENOME bnn_fcc_timing__GC0 PIN 165
GENOME NON_GENOME PIN 2: GENOME NON_GENOME PIN 12
GENOME NON_GENOME PIN 12: GENOME NON_GENOME PIN 2
GENOME NON_GENOME PIN 165: GENOME NON_GENOME PIN 175
GENOME NON_GENOME PIN 175: GENOME NON_GENOME PIN 165
INST bnn_fcc_timing__GC0 PIN 249: INST NON_GENOME PIN 88 TYPE 5
INST bnn_fcc_timing__GC0 PIN 252: INST NON_GENOME PIN 91 TYPE 5
INST bnn_fcc_timing__GC0 PIN 253: INST NON_GENOME PIN 92 TYPE 5
INST bnn_fcc_timing__GC0 PIN 254: INST NON_GENOME PIN 93 TYPE 5
INST bnn_fcc_timing__GC0 PIN 255: INST NON_GENOME PIN 94 TYPE 5
INST bnn_fcc_timing__GC0 PIN 256: INST NON_GENOME PIN 95 TYPE 5
INST bnn_fcc_timing__GC0 PIN 257: INST NON_GENOME PIN 96 TYPE 5
INST bnn_fcc_timing__GC0 PIN 258: INST NON_GENOME PIN 97 TYPE 5
INST bnn_fcc_timing__GC0 PIN 260: INST NON_GENOME PIN 99 TYPE 5
INST bnn_fcc_timing__GC0 PIN 261: INST NON_GENOME PIN 100 TYPE 5
INST bnn_fcc_timing__GC0 PIN 262: INST NON_GENOME PIN 101 TYPE 5
INST bnn_fcc_timing__GC0 PIN 263: INST NON_GENOME PIN 102 TYPE 5
INST bnn_fcc_timing__GC0 PIN 264: INST NON_GENOME PIN 103 TYPE 5
INST bnn_fcc_timing__GC0 PIN 265: INST NON_GENOME PIN 104 TYPE 5
INST bnn_fcc_timing__GC0 PIN 266: INST NON_GENOME PIN 105 TYPE 5
INST bnn_fcc_timing__GC0 PIN 268: INST NON_GENOME PIN 107 TYPE 5
INST bnn_fcc_timing__GC0 PIN 269: INST NON_GENOME PIN 108 TYPE 5
INST bnn_fcc_timing__GC0 PIN 270: INST NON_GENOME PIN 109 TYPE 5
INST bnn_fcc_timing__GC0 PIN 271: INST NON_GENOME PIN 110 TYPE 5
INST bnn_fcc_timing__GC0 PIN 272: INST NON_GENOME PIN 111 TYPE 5
INST bnn_fcc_timing__GC0 PIN 273: INST NON_GENOME PIN 112 TYPE 5
INST bnn_fcc_timing__GC0 PIN 274: INST NON_GENOME PIN 113 TYPE 5
INST bnn_fcc_timing__GC0 PIN 276: INST NON_GENOME PIN 115 TYPE 5
INST bnn_fcc_timing__GC0 PIN 277: INST NON_GENOME PIN 116 TYPE 5
INST bnn_fcc_timing__GC0 PIN 278: INST NON_GENOME PIN 117 TYPE 5
INST bnn_fcc_timing__GC0 PIN 279: INST NON_GENOME PIN 118 TYPE 5
INST bnn_fcc_timing__GC0 PIN 280: INST NON_GENOME PIN 119 TYPE 5
INST bnn_fcc_timing__GC0 PIN 281: INST NON_GENOME PIN 120 TYPE 5
INST bnn_fcc_timing__GC0 PIN 282: INST NON_GENOME PIN 121 TYPE 5
INST bnn_fcc_timing__GC0 PIN 284: INST NON_GENOME PIN 123 TYPE 5
INST bnn_fcc_timing__GC0 PIN 285: INST NON_GENOME PIN 124 TYPE 5
INST bnn_fcc_timing__GC0 PIN 286: INST NON_GENOME PIN 125 TYPE 5
INST bnn_fcc_timing__GC0 PIN 287: INST NON_GENOME PIN 126 TYPE 5
INST bnn_fcc_timing__GC0 PIN 288: INST NON_GENOME PIN 127 TYPE 5
INST bnn_fcc_timing__GC0 PIN 289: INST NON_GENOME PIN 128 TYPE 5
INST bnn_fcc_timing__GC0 PIN 290: INST NON_GENOME PIN 129 TYPE 5
INST bnn_fcc_timing__GC0 PIN 292: INST NON_GENOME PIN 131 TYPE 5
INST bnn_fcc_timing__GC0 PIN 293: INST NON_GENOME PIN 132 TYPE 5
INST bnn_fcc_timing__GC0 PIN 294: INST NON_GENOME PIN 133 TYPE 5
INST bnn_fcc_timing__GC0 PIN 295: INST NON_GENOME PIN 134 TYPE 5
INST bnn_fcc_timing__GC0 PIN 296: INST NON_GENOME PIN 135 TYPE 5
INST bnn_fcc_timing__GC0 PIN 297: INST NON_GENOME PIN 136 TYPE 5
INST bnn_fcc_timing__GC0 PIN 298: INST NON_GENOME PIN 137 TYPE 5
INST bnn_fcc_timing__GC0 PIN 300: INST NON_GENOME PIN 139 TYPE 5
INST bnn_fcc_timing__GC0 PIN 301: INST NON_GENOME PIN 140 TYPE 5
INST bnn_fcc_timing__GC0 PIN 302: INST NON_GENOME PIN 141 TYPE 5
INST bnn_fcc_timing__GC0 PIN 303: INST NON_GENOME PIN 142 TYPE 5
INST bnn_fcc_timing__GC0 PIN 304: INST NON_GENOME PIN 143 TYPE 5
INST bnn_fcc_timing__GC0 PIN 305: INST NON_GENOME PIN 144 TYPE 5
INST bnn_fcc_timing__GC0 PIN 306: INST NON_GENOME PIN 145 TYPE 5
INST bnn_fcc_timing__GC0 PIN 308: INST NON_GENOME PIN 147 TYPE 5
INST bnn_fcc_timing__GC0 PIN 309: INST NON_GENOME PIN 148 TYPE 5
INST bnn_fcc_timing__GC0 PIN 310: INST NON_GENOME PIN 149 TYPE 5
INST bnn_fcc_timing__GC0 PIN 311: INST NON_GENOME PIN 150 TYPE 5
INST bnn_fcc_timing__GC0 PIN 312: INST NON_GENOME PIN 151 TYPE 5
INST bnn_fcc_timing__GC0 PIN 313: INST NON_GENOME PIN 152 TYPE 5
INST bnn_fcc_timing__GC0 PIN 314: INST NON_GENOME PIN 153 TYPE 5
INST BNN_Layer_NoStallInput__GB1 PIN 121: GENOME BNN_Layer_NoStallInput__GB1 PIN 121
INST bnn_fcc_timing__GC0 PIN 3: INST NON_GENOME PIN 3 TYPE 0 GENOME bnn_fcc_timing__GC0 PIN 3
INST bnn_fcc_timing__GC0 PIN 4: INST NON_GENOME PIN 4 TYPE 0 GENOME bnn_fcc_timing__GC0 PIN 4
INST bnn_fcc_timing__GC0 PIN 5: INST NON_GENOME PIN 5 TYPE 0 GENOME bnn_fcc_timing__GC0 PIN 5
INST bnn_fcc_timing__GC0 PIN 6: INST NON_GENOME PIN 6 TYPE 0 GENOME bnn_fcc_timing__GC0 PIN 6
INST bnn_fcc_timing__GC0 PIN 11: INST NON_GENOME PIN 11 TYPE 1 GENOME bnn_fcc_timing__GC0 PIN 11
INST bnn_fcc_timing__GC0 PIN 2: INST bnn_fcc_timing__GC0 PIN 12 TYPE 2 INST NON_GENOME PIN 12 TYPE 4
INST bnn_fcc_timing__GC0 PIN 12: GENOME bnn_fcc_timing__GC0 PIN 12
