Copyright 1986-2021 Xilinx, Inc. All Rights Reserved.
---------------------------------------------------------------------------------------------------------------------------------------------------
| Tool Version : Vivado v.2021.2 (lin64) Build 3367213 Tue Oct 19 02:47:39 MDT 2021
| Date         : Sun Apr  5 23:45:42 2026
| Host         : ece-lnx-10 running 64-bit Red Hat Enterprise Linux release 8.10 (Ootpa)
| Command      : report_design_analysis -congestion -file /ecel/UFAD/miguel.sanchez1/BNN_Contest/Apple_comp/openflex/build_vivado/outputs/cong.rpt
| Design       : bnn_fcc_timing
| Device       : xcu250
| Design State : Fully Placed
---------------------------------------------------------------------------------------------------------------------------------------------------

Report Design Analysis

Table of Contents
-----------------
1. Placer Final Level Congestion Reporting
2. Router Initial Congestion
3. SLR Net Crossing Reporting

1. Placer Final Level Congestion Reporting
------------------------------------------

+-----------+------+-------+--------+---------------+---------------+-----+--------+------+------+------+------+-----+-------+-----+------------+
| Direction | Type | Level | Window | Combined LUTs | Avg LUT Input | LUT | LUTRAM | Flop | MUXF | RAMB | URAM | DSP | CARRY | SRL | Cell Names |
+-----------+------+-------+--------+---------------+---------------+-----+--------+------+------+------+------+-----+-------+-----+------------+
* No congestion windows are found above level 5


2. Router Initial Congestion
----------------------------

+-----------+------+-------+--------+---------------+---------------+-----+--------+------+------+------+------+-----+-------+-----+------------+-------------+
| Direction | Type | Level | Window | Combined LUTs | Avg LUT Input | LUT | LUTRAM | Flop | MUXF | RAMB | URAM | DSP | CARRY | SRL | Cell Names | Sub Windows |
+-----------+------+-------+--------+---------------+---------------+-----+--------+------+------+------+------+-----+-------+-----+------------+-------------+
* No effective congestion windows are found above level 5


3. SLR Net Crossing Reporting
-----------------------------

+------------+-----------------------------+-------------+-------------+-------------+-------------+-------------+-------------+
| Cell Names | Number of Nets crossing SLR | 0 - 1 Cuts  | 0 - 2 Cuts  | 0 - 3 Cuts  | 1 - 2 Cuts  | 1 - 3 Cuts  | 2 - 3 Cuts  |
+------------+-----------------------------+-------------+-------------+-------------+-------------+-------------+-------------+
* Information not available. There are no nets crossing SLRs.


