Copyright 1986-2021 Xilinx, Inc. All Rights Reserved.
---------------------------------------------------------------------------------------------
| Tool Version     : Vivado v.2021.2 (lin64) Build 3367213 Tue Oct 19 02:47:39 MDT 2021
| Date             : Fri Apr 17 21:54:55 2026
| Host             : ece-lnx-10 running 64-bit Red Hat Enterprise Linux release 8.10 (Ootpa)
| Command          : report_power -file ./outputs/post_route_power.rpt
| Design           : bnn_fcc_timing
| Device           : xcu250-figd2104-2L-e
| Design State     : routed
| Grade            : extended
| Process          : typical
| Characterization : Production
---------------------------------------------------------------------------------------------

Power Report

Table of Contents
-----------------
1. Summary
1.1 On-Chip Components
1.2 Power Supply Summary
1.3 Confidence Level
2. Settings
2.1 Environment
2.2 Clock Constraints
3. Detailed Reports
3.1 By Hierarchy

1. Summary
----------

+--------------------------+--------------+
| Total On-Chip Power (W)  | 8.667        |
| Design Power Budget (W)  | Unspecified* |
| Power Budget Margin (W)  | NA           |
| Dynamic (W)              | 5.612        |
| Device Static (W)        | 3.055        |
| Effective TJA (C/W)      | 0.5          |
| Max Ambient (C)          | 95.5         |
| Junction Temperature (C) | 29.5         |
| Confidence Level         | Medium       |
| Setting File             | ---          |
| Simulation Activity File | ---          |
| Design Nets Matched      | NA           |
+--------------------------+--------------+
* Specify Design Power Budget using, set_operating_conditions -design_power_budget <value in Watts>


1.1 On-Chip Components
----------------------

+--------------------------+-----------+----------+-----------+-----------------+
| On-Chip                  | Power (W) | Used     | Available | Utilization (%) |
+--------------------------+-----------+----------+-----------+-----------------+
| Clocks                   |     0.800 |        3 |       --- |             --- |
| CLB Logic                |     1.310 |    53055 |       --- |             --- |
|   LUT as Logic           |     0.917 |    14885 |   1728000 |            0.86 |
|   Register               |     0.287 |    34101 |   3456000 |            0.99 |
|   LUT as Distributed RAM |     0.052 |      488 |    791040 |            0.06 |
|   LUT as Shift Register  |     0.046 |      225 |    791040 |            0.03 |
|   CARRY8                 |     0.008 |      257 |    216000 |            0.12 |
|   Others                 |     0.000 |     1988 |       --- |             --- |
|   F7/F8 Muxes            |     0.000 |       73 |   1728000 |           <0.01 |
| Signals                  |     1.843 |    38684 |       --- |             --- |
| Block RAM                |     1.658 |       53 |      2688 |            1.97 |
| Static Power             |     3.055 |          |           |                 |
| Total                    |     8.667 |          |           |                 |
+--------------------------+-----------+----------+-----------+-----------------+


1.2 Power Supply Summary
------------------------

+------------+-------------+-----------+-------------+------------+-------------+-------------+------------+
| Source     | Voltage (V) | Total (A) | Dynamic (A) | Static (A) | Powerup (A) | Budget (A)  | Margin (A) |
+------------+-------------+-----------+-------------+------------+-------------+-------------+------------+
| Vccint     |       0.850 |     7.792 |       6.508 |      1.283 |       NA    | Unspecified | NA         |
| Vccint_io  |       0.850 |     0.144 |       0.000 |      0.144 |       NA    | Unspecified | NA         |
| Vccbram    |       0.850 |     0.116 |       0.093 |      0.022 |       NA    | Unspecified | NA         |
| Vccaux     |       1.800 |     0.876 |       0.000 |      0.876 |       NA    | Unspecified | NA         |
| Vccaux_io  |       1.800 |     0.104 |       0.000 |      0.104 |       NA    | Unspecified | NA         |
| Vcco33     |       3.300 |     0.000 |       0.000 |      0.000 |       NA    | Unspecified | NA         |
| Vcco25     |       2.500 |     0.000 |       0.000 |      0.000 |       NA    | Unspecified | NA         |
| Vcco18     |       1.800 |     0.000 |       0.000 |      0.000 |       NA    | Unspecified | NA         |
| Vcco15     |       1.500 |     0.000 |       0.000 |      0.000 |       NA    | Unspecified | NA         |
| Vcco135    |       1.350 |     0.000 |       0.000 |      0.000 |       NA    | Unspecified | NA         |
| Vcco12     |       1.200 |     0.000 |       0.000 |      0.000 |       NA    | Unspecified | NA         |
| Vcco10     |       1.000 |     0.000 |       0.000 |      0.000 |       NA    | Unspecified | NA         |
| Vccadc     |       1.800 |     0.032 |       0.000 |      0.032 |       NA    | Unspecified | NA         |
| MGTYAVcc   |       0.900 |     0.000 |       0.000 |      0.000 |       NA    | Unspecified | NA         |
| MGTYAVtt   |       1.200 |     0.000 |       0.000 |      0.000 |       NA    | Unspecified | NA         |
| MGTYVccaux |       1.800 |     0.000 |       0.000 |      0.000 |       NA    | Unspecified | NA         |
+------------+-------------+-----------+-------------+------------+-------------+-------------+------------+


1.3 Confidence Level
--------------------

+-----------------------------+------------+------------------------------------------------+------------------------------------------------------------------------------------------------------------+
| User Input Data             | Confidence | Details                                        | Action                                                                                                     |
+-----------------------------+------------+------------------------------------------------+------------------------------------------------------------------------------------------------------------+
| Design implementation state | High       | Design is routed                               |                                                                                                            |
| Clock nodes activity        | High       | User specified more than 95% of clocks         |                                                                                                            |
| I/O nodes activity          | High       | User specified more than 95% of inputs         |                                                                                                            |
| Internal nodes activity     | Medium     | User specified less than 25% of internal nodes | Provide missing internal nodes activity with simulation results or by editing the "By Resource Type" views |
| Device models               | High       | Device models are Production                   |                                                                                                            |
|                             |            |                                                |                                                                                                            |
| Overall confidence level    | Medium     |                                                |                                                                                                            |
+-----------------------------+------------+------------------------------------------------+------------------------------------------------------------------------------------------------------------+


2. Settings
-----------

2.1 Environment
---------------

+-----------------------+--------------------------+
| Ambient Temp (C)      | 25.0                     |
| ThetaJA (C/W)         | 0.5                      |
| Airflow (LFM)         | 250                      |
| Heat Sink             | medium (Medium Profile)  |
| ThetaSA (C/W)         | 0.7                      |
| Board Selection       | medium (10"x10")         |
| # of Board Layers     | 12to15 (12 to 15 Layers) |
| Board Temperature (C) | 25.0                     |
+-----------------------+--------------------------+


2.2 Clock Constraints
---------------------

+-------+--------+-----------------+
| Clock | Domain | Constraint (ns) |
+-------+--------+-----------------+
| clk   | clk    |             1.0 |
+-------+--------+-----------------+


3. Detailed Reports
-------------------

3.1 By Hierarchy
----------------

+--------------------------------------------------------+-----------+
| Name                                                   | Power (W) |
+--------------------------------------------------------+-----------+
| bnn_fcc_timing                                         |     5.612 |
|   DUT                                                  |     5.608 |
|     u_argmax                                           |     0.041 |
|     u_bnn_hidden                                       |     5.547 |
|       GEN_LAYERS[0].GEN_H0.GEN_H0_NONFINAL.u_bnn_layer |     3.158 |
|       GEN_LAYERS[1].GEN_HN.GEN_HN_NONFINAL.u_bnn_layer |     1.830 |
|       GEN_LAYERS[2].GEN_HN.GEN_HN_FINAL.u_bnn_layer    |     0.559 |
|     u_config_manager                                   |     0.007 |
|     u_input_layer_unit                                 |     0.014 |
|       u_input_fifo                                     |     0.012 |
+--------------------------------------------------------+-----------+


