Copyright 1986-2021 Xilinx, Inc. All Rights Reserved.
----------------------------------------------------------------------------------------------
| Tool Version      : Vivado v.2021.2 (lin64) Build 3367213 Tue Oct 19 02:47:39 MDT 2021
| Date              : Fri Apr 17 21:54:49 2026
| Host              : ece-lnx-10 running 64-bit Red Hat Enterprise Linux release 8.10 (Ootpa)
| Command           : report_timing_summary -file ./outputs/post_route_timing_summary.rpt
| Design            : bnn_fcc_timing
| Device            : xcu250-figd2104
| Speed File        : -2L  PRODUCTION 1.27 02-28-2020
| Temperature Grade : E
----------------------------------------------------------------------------------------------

Timing Summary Report

------------------------------------------------------------------------------------------------
| Timer Settings
| --------------
------------------------------------------------------------------------------------------------

  Enable Multi Corner Analysis               :  Yes
  Enable Pessimism Removal                   :  Yes
  Pessimism Removal Resolution               :  Nearest Common Node
  Enable Input Delay Default Clock           :  No
  Enable Preset / Clear Arcs                 :  No
  Disable Flight Delays                      :  No
  Ignore I/O Paths                           :  No
  Timing Early Launch at Borrowing Latches   :  No
  Borrow Time for Max Delay Exceptions       :  Yes
  Merge Timing Exceptions                    :  Yes

  Corner  Analyze    Analyze    
  Name    Max Paths  Min Paths  
  ------  ---------  ---------  
  Slow    Yes        Yes        
  Fast    Yes        Yes        


------------------------------------------------------------------------------------------------
| Report Methodology
| ------------------
------------------------------------------------------------------------------------------------

Rule       Severity  Description                    Violations  
---------  --------  -----------------------------  ----------  
TIMING-18  Warning   Missing input or output delay  161         

Note: This report is based on the most recent report_methodology run and may not be up-to-date. Run report_methodology on the current design for the latest report.



check_timing report

Table of Contents
-----------------
1. checking no_clock (0)
2. checking constant_clock (0)
3. checking pulse_width_clock (0)
4. checking unconstrained_internal_endpoints (0)
5. checking no_input_delay (93)
6. checking no_output_delay (8)
7. checking multiple_clock (0)
8. checking generated_clocks (0)
9. checking loops (0)
10. checking partial_input_delay (0)
11. checking partial_output_delay (0)
12. checking latch_loops (0)

1. checking no_clock (0)
------------------------
 There are 0 register/latch pins with no clock.


2. checking constant_clock (0)
------------------------------
 There are 0 register/latch pins with constant_clock.


3. checking pulse_width_clock (0)
---------------------------------
 There are 0 register/latch pins which need pulse_width check


4. checking unconstrained_internal_endpoints (0)
------------------------------------------------
 There are 0 pins that are not constrained for maximum delay.

 There are 0 pins that are not constrained for maximum delay due to constant clock.


5. checking no_input_delay (93)
-------------------------------
 There are 93 input ports with no input delay specified. (HIGH)

 There are 0 input ports with no input delay but user has a false path constraint.


6. checking no_output_delay (8)
-------------------------------
 There are 8 ports with no output delay specified. (HIGH)

 There are 0 ports with no output delay but user has a false path constraint

 There are 0 ports with no output delay but with a timing clock defined on it or propagating through it


7. checking multiple_clock (0)
------------------------------
 There are 0 register/latch pins with multiple clocks.


8. checking generated_clocks (0)
--------------------------------
 There are 0 generated clocks that are not connected to a clock source.


9. checking loops (0)
---------------------
 There are 0 combinational loops in the design.


10. checking partial_input_delay (0)
------------------------------------
 There are 0 input ports with partial input delay specified.


11. checking partial_output_delay (0)
-------------------------------------
 There are 0 ports with partial output delay specified.


12. checking latch_loops (0)
----------------------------
 There are 0 combinational latch loops in the design through latch input



------------------------------------------------------------------------------------------------
| Design Timing Summary
| ---------------------
------------------------------------------------------------------------------------------------

    WNS(ns)      TNS(ns)  TNS Failing Endpoints  TNS Total Endpoints      WHS(ns)      THS(ns)  THS Failing Endpoints  THS Total Endpoints     WPWS(ns)     TPWS(ns)  TPWS Failing Endpoints  TPWS Total Endpoints  
    -------      -------  ---------------------  -------------------      -------      -------  ---------------------  -------------------     --------     --------  ----------------------  --------------------  
     -0.059       -1.185                     81                48044        0.010        0.000                      0                48044       -0.569     -167.220                    1445                 35546  


Timing constraints are not met.


------------------------------------------------------------------------------------------------
| Clock Summary
| -------------
------------------------------------------------------------------------------------------------

Clock  Waveform(ns)         Period(ns)      Frequency(MHz)
-----  ------------         ----------      --------------
clk    {0.000 0.500}        1.000           1000.000        


------------------------------------------------------------------------------------------------
| Intra Clock Table
| -----------------
------------------------------------------------------------------------------------------------

Clock             WNS(ns)      TNS(ns)  TNS Failing Endpoints  TNS Total Endpoints      WHS(ns)      THS(ns)  THS Failing Endpoints  THS Total Endpoints     WPWS(ns)     TPWS(ns)  TPWS Failing Endpoints  TPWS Total Endpoints  
-----             -------      -------  ---------------------  -------------------      -------      -------  ---------------------  -------------------     --------     --------  ----------------------  --------------------  
clk                -0.059       -1.185                     81                48044        0.010        0.000                      0                48044       -0.569     -167.220                    1445                 35546  


------------------------------------------------------------------------------------------------
| Inter Clock Table
| -----------------
------------------------------------------------------------------------------------------------

From Clock    To Clock          WNS(ns)      TNS(ns)  TNS Failing Endpoints  TNS Total Endpoints      WHS(ns)      THS(ns)  THS Failing Endpoints  THS Total Endpoints  
----------    --------          -------      -------  ---------------------  -------------------      -------      -------  ---------------------  -------------------  


------------------------------------------------------------------------------------------------
| Other Path Groups Table
| -----------------------
------------------------------------------------------------------------------------------------

Path Group    From Clock    To Clock          WNS(ns)      TNS(ns)  TNS Failing Endpoints  TNS Total Endpoints      WHS(ns)      THS(ns)  THS Failing Endpoints  THS Total Endpoints  
----------    ----------    --------          -------      -------  ---------------------  -------------------      -------      -------  ---------------------  -------------------  


------------------------------------------------------------------------------------------------
| Timing Details
| --------------
------------------------------------------------------------------------------------------------


---------------------------------------------------------------------------------------------------
From Clock:  clk
  To Clock:  clk

Setup :           81  Failing Endpoints,  Worst Slack       -0.059ns,  Total Violation       -1.185ns
Hold  :            0  Failing Endpoints,  Worst Slack        0.010ns,  Total Violation        0.000ns
PW    :         1445  Failing Endpoints,  Worst Slack       -0.569ns,  Total Violation     -167.220ns
---------------------------------------------------------------------------------------------------


Max Delay Paths
--------------------------------------------------------------------------------------
Slack (VIOLATED) :        -0.059ns  (required time - arrival time)
  Source:                 DUT/u_bnn_hidden/GEN_LAYERS[0].GEN_H0.GEN_H0_NONFINAL.u_bnn_layer/u_input_buffer/bank1_full_r_reg/C
                            (rising edge-triggered cell FDCE clocked by clk  {rise@0.000ns fall@0.500ns period=1.000ns})
  Destination:            DUT/u_bnn_hidden/GEN_LAYERS[0].GEN_H0.GEN_H0_NONFINAL.u_bnn_layer/u_input_buffer/write_bank_sel_reg/D
                            (rising edge-triggered cell FDCE clocked by clk  {rise@0.000ns fall@0.500ns period=1.000ns})
  Path Group:             clk
  Path Type:              Setup (Max at Slow Process Corner)
  Requirement:            1.000ns  (clk rise@1.000ns - clk rise@0.000ns)
  Data Path Delay:        0.966ns  (logic 0.366ns (37.888%)  route 0.600ns (62.112%))
  Logic Levels:           3  (LUT3=1 LUT6=2)
  Clock Path Skew:        -0.082ns (DCD - SCD + CPR)
    Destination Clock Delay (DCD):    3.734ns = ( 4.734 - 1.000 ) 
    Source Clock Delay      (SCD):    4.186ns
    Clock Pessimism Removal (CPR):    0.370ns
  Clock Uncertainty:      0.035ns  ((TSJ^2 + TIJ^2)^1/2 + DJ) / 2 + PE
    Total System Jitter     (TSJ):    0.071ns
    Total Input Jitter      (TIJ):    0.000ns
    Discrete Jitter          (DJ):    0.000ns
    Phase Error              (PE):    0.000ns

    Location             Delay type                Incr(ns)  Path(ns)    Netlist Resource(s)
  -------------------------------------------------------------------    -------------------
                         (clock clk rise edge)        0.000     0.000 r  
                                                      0.000     0.000 r  clk (IN)
                         net (fo=35545, unset)        4.186     4.186    DUT/u_bnn_hidden/GEN_LAYERS[0].GEN_H0.GEN_H0_NONFINAL.u_bnn_layer/u_input_buffer/clk
    SLICE_X155Y805       FDCE                                         r  DUT/u_bnn_hidden/GEN_LAYERS[0].GEN_H0.GEN_H0_NONFINAL.u_bnn_layer/u_input_buffer/bank1_full_r_reg/C
  -------------------------------------------------------------------    -------------------
    SLICE_X155Y805       FDCE (Prop_HFF_SLICEL_C_Q)
                                                      0.079     4.265 f  DUT/u_bnn_hidden/GEN_LAYERS[0].GEN_H0.GEN_H0_NONFINAL.u_bnn_layer/u_input_buffer/bank1_full_r_reg/Q
                         net (fo=9, routed)           0.152     4.417    DUT/u_bnn_hidden/GEN_LAYERS[0].GEN_H0.GEN_H0_NONFINAL.u_bnn_layer/u_input_buffer/start_allowed_bank1
    SLICE_X155Y805       LUT3 (Prop_A6LUT_SLICEL_I1_O)
                                                      0.098     4.515 r  DUT/u_bnn_hidden/GEN_LAYERS[0].GEN_H0.GEN_H0_NONFINAL.u_bnn_layer/u_input_buffer/bank1_mem_wen_r_i_1/O
                         net (fo=3, routed)           0.285     4.800    DUT/u_bnn_hidden/GEN_LAYERS[0].GEN_H0.GEN_H0_NONFINAL.u_bnn_layer/u_input_buffer/p_15_in
    SLICE_X154Y804       LUT6 (Prop_A6LUT_SLICEM_I4_O)
                                                      0.090     4.890 r  DUT/u_bnn_hidden/GEN_LAYERS[0].GEN_H0.GEN_H0_NONFINAL.u_bnn_layer/u_input_buffer/write_bank_sel_i_4/O
                         net (fo=1, routed)           0.091     4.981    DUT/u_bnn_hidden/GEN_LAYERS[0].GEN_H0.GEN_H0_NONFINAL.u_bnn_layer/u_input_buffer/write_bank_sel_i_4_n_0
    SLICE_X154Y805       LUT6 (Prop_D6LUT_SLICEM_I4_O)
                                                      0.099     5.080 r  DUT/u_bnn_hidden/GEN_LAYERS[0].GEN_H0.GEN_H0_NONFINAL.u_bnn_layer/u_input_buffer/write_bank_sel_i_1/O
                         net (fo=1, routed)           0.072     5.152    DUT/u_bnn_hidden/GEN_LAYERS[0].GEN_H0.GEN_H0_NONFINAL.u_bnn_layer/u_input_buffer/write_bank_sel_i_1_n_0
    SLICE_X154Y805       FDCE                                         r  DUT/u_bnn_hidden/GEN_LAYERS[0].GEN_H0.GEN_H0_NONFINAL.u_bnn_layer/u_input_buffer/write_bank_sel_reg/D
  -------------------------------------------------------------------    -------------------

                         (clock clk rise edge)        1.000     1.000 r  
                                                      0.000     1.000 r  clk (IN)
                         net (fo=35545, unset)        3.734     4.734    DUT/u_bnn_hidden/GEN_LAYERS[0].GEN_H0.GEN_H0_NONFINAL.u_bnn_layer/u_input_buffer/clk
    SLICE_X154Y805       FDCE                                         r  DUT/u_bnn_hidden/GEN_LAYERS[0].GEN_H0.GEN_H0_NONFINAL.u_bnn_layer/u_input_buffer/write_bank_sel_reg/C
                         clock pessimism              0.370     5.104    
                         clock uncertainty           -0.035     5.068    
    SLICE_X154Y805       FDCE (Setup_DFF_SLICEM_C_D)
                                                      0.025     5.093    DUT/u_bnn_hidden/GEN_LAYERS[0].GEN_H0.GEN_H0_NONFINAL.u_bnn_layer/u_input_buffer/write_bank_sel_reg
  -------------------------------------------------------------------
                         required time                          5.093    
                         arrival time                          -5.152    
  -------------------------------------------------------------------
                         slack                                 -0.059    





Min Delay Paths
--------------------------------------------------------------------------------------
Slack (MET) :             0.010ns  (arrival time - required time)
  Source:                 DUT/u_bnn_hidden/GEN_LAYERS[2].GEN_HN.GEN_HN_FINAL.u_bnn_layer/u_layer/u_np_layer/GEN_NP[7].u_np_mem/u_np/u_dp/u_accum/din_r_reg[2]/C
                            (rising edge-triggered cell FDRE clocked by clk  {rise@0.000ns fall@0.500ns period=1.000ns})
  Destination:            DUT/u_bnn_hidden/GEN_LAYERS[2].GEN_HN.GEN_HN_FINAL.u_bnn_layer/u_layer/u_np_layer/GEN_NP[7].u_np_mem/u_np/u_dp/u_accum/din_ext_r_reg[2]/D
                            (rising edge-triggered cell FDRE clocked by clk  {rise@0.000ns fall@0.500ns period=1.000ns})
  Path Group:             clk
  Path Type:              Hold (Min at Slow Process Corner)
  Requirement:            0.000ns  (clk rise@0.000ns - clk rise@0.000ns)
  Data Path Delay:        0.169ns  (logic 0.059ns (34.911%)  route 0.110ns (65.089%))
  Logic Levels:           0  
  Clock Path Skew:        0.097ns (DCD - SCD - CPR)
    Destination Clock Delay (DCD):    4.320ns
    Source Clock Delay      (SCD):    3.844ns
    Clock Pessimism Removal (CPR):    0.378ns

    Location             Delay type                Incr(ns)  Path(ns)    Netlist Resource(s)
  -------------------------------------------------------------------    -------------------
                         (clock clk rise edge)        0.000     0.000 r  
                                                      0.000     0.000 r  clk (IN)
                         net (fo=35545, unset)        3.844     3.844    DUT/u_bnn_hidden/GEN_LAYERS[2].GEN_HN.GEN_HN_FINAL.u_bnn_layer/u_layer/u_np_layer/GEN_NP[7].u_np_mem/u_np/u_dp/u_accum/clk
    SLICE_X125Y740       FDRE                                         r  DUT/u_bnn_hidden/GEN_LAYERS[2].GEN_HN.GEN_HN_FINAL.u_bnn_layer/u_layer/u_np_layer/GEN_NP[7].u_np_mem/u_np/u_dp/u_accum/din_r_reg[2]/C
  -------------------------------------------------------------------    -------------------
    SLICE_X125Y740       FDRE (Prop_GFF_SLICEL_C_Q)
                                                      0.059     3.903 r  DUT/u_bnn_hidden/GEN_LAYERS[2].GEN_HN.GEN_HN_FINAL.u_bnn_layer/u_layer/u_np_layer/GEN_NP[7].u_np_mem/u_np/u_dp/u_accum/din_r_reg[2]/Q
                         net (fo=1, routed)           0.110     4.013    DUT/u_bnn_hidden/GEN_LAYERS[2].GEN_HN.GEN_HN_FINAL.u_bnn_layer/u_layer/u_np_layer/GEN_NP[7].u_np_mem/u_np/u_dp/u_accum/din_r[2]
    SLICE_X123Y742       FDRE                                         r  DUT/u_bnn_hidden/GEN_LAYERS[2].GEN_HN.GEN_HN_FINAL.u_bnn_layer/u_layer/u_np_layer/GEN_NP[7].u_np_mem/u_np/u_dp/u_accum/din_ext_r_reg[2]/D
  -------------------------------------------------------------------    -------------------

                         (clock clk rise edge)        0.000     0.000 r  
                                                      0.000     0.000 r  clk (IN)
                         net (fo=35545, unset)        4.320     4.320    DUT/u_bnn_hidden/GEN_LAYERS[2].GEN_HN.GEN_HN_FINAL.u_bnn_layer/u_layer/u_np_layer/GEN_NP[7].u_np_mem/u_np/u_dp/u_accum/clk
    SLICE_X123Y742       FDRE                                         r  DUT/u_bnn_hidden/GEN_LAYERS[2].GEN_HN.GEN_HN_FINAL.u_bnn_layer/u_layer/u_np_layer/GEN_NP[7].u_np_mem/u_np/u_dp/u_accum/din_ext_r_reg[2]/C
                         clock pessimism             -0.378     3.941    
    SLICE_X123Y742       FDRE (Hold_DFF2_SLICEL_C_D)
                                                      0.062     4.003    DUT/u_bnn_hidden/GEN_LAYERS[2].GEN_HN.GEN_HN_FINAL.u_bnn_layer/u_layer/u_np_layer/GEN_NP[7].u_np_mem/u_np/u_dp/u_accum/din_ext_r_reg[2]
  -------------------------------------------------------------------
                         required time                         -4.003    
                         arrival time                           4.013    
  -------------------------------------------------------------------
                         slack                                  0.010    





Pulse Width Checks
--------------------------------------------------------------------------------------
Clock Name:         clk
Waveform(ns):       { 0.000 0.500 }
Period(ns):         1.000
Sources:            { clk }

Check Type        Corner  Lib Pin             Reference Pin  Required(ns)  Actual(ns)  Slack(ns)  Location       Pin
Min Period        n/a     RAMB36E2/CLKARDCLK  n/a            1.569         1.000       -0.569     RAMB36_X9Y161  DUT/u_bnn_hidden/GEN_LAYERS[0].GEN_H0.GEN_H0_NONFINAL.u_bnn_layer/u_layer/u_np_layer/GEN_NP[0].u_np_mem/u_w_ram/u_xpm_memory_spram/xpm_memory_base_inst/gen_wr_a.gen_word_narrow.mem_reg/CLKARDCLK
Low Pulse Width   Slow    RAMB36E2/CLKARDCLK  n/a            0.542         0.500       -0.042     RAMB36_X9Y161  DUT/u_bnn_hidden/GEN_LAYERS[0].GEN_H0.GEN_H0_NONFINAL.u_bnn_layer/u_layer/u_np_layer/GEN_NP[0].u_np_mem/u_w_ram/u_xpm_memory_spram/xpm_memory_base_inst/gen_wr_a.gen_word_narrow.mem_reg/CLKARDCLK
High Pulse Width  Slow    RAMB36E2/CLKARDCLK  n/a            0.542         0.500       -0.042     RAMB36_X9Y161  DUT/u_bnn_hidden/GEN_LAYERS[0].GEN_H0.GEN_H0_NONFINAL.u_bnn_layer/u_layer/u_np_layer/GEN_NP[0].u_np_mem/u_w_ram/u_xpm_memory_spram/xpm_memory_base_inst/gen_wr_a.gen_word_narrow.mem_reg/CLKARDCLK



