#-----------------------------------------------------------
# Vivado v2021.2 (64-bit)
# SW Build 3367213 on Tue Oct 19 02:47:39 MDT 2021
# IP Build 3369179 on Thu Oct 21 08:25:16 MDT 2021
# Start of session at: Mon Apr  6 22:29:01 2026
# Process ID: 1685948
# Current directory: /ecel/UFAD/miguel.sanchez1/BNN_Contest/Apple_comp/openflex
# Command line: vivado -mode tcl
# Log file: /ecel/UFAD/miguel.sanchez1/BNN_Contest/Apple_comp/openflex/vivado.log
# Journal file: /ecel/UFAD/miguel.sanchez1/BNN_Contest/Apple_comp/openflex/vivado.jou
# Running On: ece-lnx-10, OS: Linux, CPU Frequency: 3192.499 MHz, CPU Physical cores: 24, Host memory: 100809 MB
#-----------------------------------------------------------
opencheckpoint post_route.dcp
invalid command name "opencheckpoint"
open_checkpoint post_route.dcp
Command: open_checkpoint post_route.dcp

Starting open_checkpoint Task

Time (s): cpu = 00:00:00.03 ; elapsed = 00:00:00.03 . Memory (MB): peak = 2934.031 ; gain = 0.000 ; free physical = 20781 ; free virtual = 62637
ERROR: [Common 17-69] Command failed: File '/ecel/UFAD/miguel.sanchez1/BNN_Contest/Apple_comp/openflex/post_route.dcp' does not exist
open_checkpoint build_vivado/outputs/post_route.dcp
Command: open_checkpoint build_vivado/outputs/post_route.dcp

Starting open_checkpoint Task

Time (s): cpu = 00:00:00 ; elapsed = 00:00:00 . Memory (MB): peak = 2934.031 ; gain = 0.000 ; free physical = 20862 ; free virtual = 62725
INFO: [Device 21-403] Loading part xcu250-figd2104-2L-e
Netlist sorting complete. Time (s): cpu = 00:00:00.41 ; elapsed = 00:00:00.42 . Memory (MB): peak = 3280.965 ; gain = 0.000 ; free physical = 19579 ; free virtual = 61445
INFO: [Netlist 29-17] Analyzing 1126 Unisim elements for replacement
INFO: [Netlist 29-28] Unisim Transformation completed in 0 CPU seconds
INFO: [Project 1-479] Netlist was created with Vivado 2021.2
INFO: [Project 1-570] Preparing netlist for logic optimization
INFO: [Timing 38-478] Restoring timing data from binary archive.
INFO: [Timing 38-479] Binary timing data restore complete.
INFO: [Project 1-856] Restoring constraints from binary archive.
INFO: [Project 1-853] Binary constraint restore complete.
Reading XDEF placement.
Reading placer database...
Reading XDEF routing.
Read XDEF File: Time (s): cpu = 00:00:02 ; elapsed = 00:00:02 . Memory (MB): peak = 3853.035 ; gain = 46.883 ; free physical = 19093 ; free virtual = 60959
Restored from archive | CPU: 2.240000 secs | Memory: 42.439354 MB |
Finished XDEF File Restore: Time (s): cpu = 00:00:02 ; elapsed = 00:00:02 . Memory (MB): peak = 3853.035 ; gain = 46.883 ; free physical = 19093 ; free virtual = 60959
Netlist sorting complete. Time (s): cpu = 00:00:00 ; elapsed = 00:00:00.01 . Memory (MB): peak = 4111.730 ; gain = 0.000 ; free physical = 18842 ; free virtual = 60710
INFO: [Project 1-111] Unisim Transformation Summary:
  A total of 869 instances were transformed.
  RAM16X1S => RAM32X1S (RAMS32): 864 instances
  RAM32M16 => RAM32M16 (RAMD32(x14), RAMS32(x2)): 5 instances

INFO: [Project 1-604] Checkpoint was created with Vivado v2021.2 (64-bit) build 3367213
open_checkpoint: Time (s): cpu = 00:00:31 ; elapsed = 00:00:38 . Memory (MB): peak = 4111.730 ; gain = 1177.699 ; free physical = 18842 ; free virtual = 60710
checkpoint_post_route
report_high_fanout_nets -fanout_greater_than 100 -file fanout.rpt
report_high_fanout_nets: Time (s): cpu = 00:00:00.23 ; elapsed = 00:00:00.38 . Memory (MB): peak = 4111.730 ; gain = 0.000 ; free physical = 18805 ; free virtual = 60680
/ecel/UFAD/miguel.sanchez1/BNN_Contest/Apple_comp/openflex/fanout.rpt
report_high_fanout_nets -fanout_greater_than 100 -file fanout.rpt
report_high_fanout_nets: Time (s): cpu = 00:00:00.24 ; elapsed = 00:00:00.38 . Memory (MB): peak = 4111.730 ; gain = 0.000 ; free physical = 18172 ; free virtual = 58690
/ecel/UFAD/miguel.sanchez1/BNN_Contest/Apple_comp/openflex/fanout.rpt
exit
INFO: [Common 17-206] Exiting Vivado at Mon Apr  6 23:36:31 2026...
