#-----------------------------------------------------------
# Vivado v2021.2 (64-bit)
# SW Build 3367213 on Tue Oct 19 02:47:39 MDT 2021
# IP Build 3369179 on Thu Oct 21 08:25:16 MDT 2021
# Start of session at: Sun Apr  5 23:40:11 2026
# Process ID: 3486467
# Current directory: /ecel/UFAD/miguel.sanchez1/BNN_Contest/Apple_comp/openflex
# Command line: vivado -mode tcl
# Log file: /ecel/UFAD/miguel.sanchez1/BNN_Contest/Apple_comp/openflex/vivado.log
# Journal file: /ecel/UFAD/miguel.sanchez1/BNN_Contest/Apple_comp/openflex/vivado.jou
# Running On: ece-lnx-10, OS: Linux, CPU Frequency: 3192.499 MHz, CPU Physical cores: 24, Host memory: 100809 MB
#-----------------------------------------------------------
open_checkpoint /ecel/UFAD/miguel.sanchez1/BNN_Contest/Apple_comp/openflex/build_vivado/outputs/<your_dcp_name>.dcp
Command: open_checkpoint /ecel/UFAD/miguel.sanchez1/BNN_Contest/Apple_comp/openflex/build_vivado/outputs/<your_dcp_name>.dcp

Starting open_checkpoint Task

Time (s): cpu = 00:00:00.02 ; elapsed = 00:00:00.03 . Memory (MB): peak = 2934.031 ; gain = 0.000 ; free physical = 11537 ; free virtual = 67901
ERROR: [Common 17-69] Command failed: File '/ecel/UFAD/miguel.sanchez1/BNN_Contest/Apple_comp/openflex/build_vivado/outputs/<your_dcp_name>.dcp' does not exist
open_checkpoint /ecel/UFAD/miguel.sanchez1/BNN_Contest/Apple_comp/openflex/build_vivado/outputs/post_route.dcp
Command: open_checkpoint /ecel/UFAD/miguel.sanchez1/BNN_Contest/Apple_comp/openflex/build_vivado/outputs/post_route.dcp

Starting open_checkpoint Task

Time (s): cpu = 00:00:00 ; elapsed = 00:00:00 . Memory (MB): peak = 2934.031 ; gain = 0.000 ; free physical = 11527 ; free virtual = 67891
INFO: [Device 21-403] Loading part xcu250-figd2104-2L-e
Netlist sorting complete. Time (s): cpu = 00:00:00.38 ; elapsed = 00:00:00.38 . Memory (MB): peak = 3278.965 ; gain = 0.000 ; free physical = 10260 ; free virtual = 66624
INFO: [Netlist 29-17] Analyzing 2120 Unisim elements for replacement
INFO: [Netlist 29-28] Unisim Transformation completed in 0 CPU seconds
INFO: [Project 1-479] Netlist was created with Vivado 2021.2
INFO: [Project 1-570] Preparing netlist for logic optimization
INFO: [Timing 38-478] Restoring timing data from binary archive.
INFO: [Timing 38-479] Binary timing data restore complete.
INFO: [Project 1-856] Restoring constraints from binary archive.
INFO: [Project 1-853] Binary constraint restore complete.
Reading XDEF placement.
Reading placer database...
Reading XDEF routing.
Read XDEF File: Time (s): cpu = 00:00:02 ; elapsed = 00:00:02 . Memory (MB): peak = 3847.949 ; gain = 45.883 ; free physical = 10063 ; free virtual = 66429
Restored from archive | CPU: 1.940000 secs | Memory: 41.234909 MB |
Finished XDEF File Restore: Time (s): cpu = 00:00:02 ; elapsed = 00:00:02 . Memory (MB): peak = 3847.949 ; gain = 45.883 ; free physical = 10063 ; free virtual = 66428
Netlist sorting complete. Time (s): cpu = 00:00:00 ; elapsed = 00:00:00 . Memory (MB): peak = 4109.621 ; gain = 0.000 ; free physical = 9823 ; free virtual = 66189
INFO: [Project 1-111] Unisim Transformation Summary:
  A total of 869 instances were transformed.
  RAM16X1S => RAM32X1S (RAMS32): 864 instances
  RAM32M16 => RAM32M16 (RAMD32(x14), RAMS32(x2)): 5 instances

INFO: [Project 1-604] Checkpoint was created with Vivado v2021.2 (64-bit) build 3367213
open_checkpoint: Time (s): cpu = 00:00:29 ; elapsed = 00:00:35 . Memory (MB): peak = 4109.621 ; gain = 1175.590 ; free physical = 9824 ; free virtual = 66189
checkpoint_post_route
report_design_analysis -congestion -detail -file /ecel/UFAD/miguel.sanchez1/BNN_Contest/Apple_comp/openflex/build_vivado/outputs/congestion_detail.rpt
ERROR: [Common 17-170] Unknown option '-detail', please type 'report_design_analysis -help' for usage info.
report_high_fanout_nets -max_nets 50 -timing -load_types -file /ecel/UFAD/miguel.sanchez1/BNN_Contest/Apple_comp/openflex/build_vivado/outputs/high_fanout.rpt
INFO: [Timing 38-91] UpdateTimingParams: Speed grade: -2L, Temperature grade: E, Delay Type: max.
INFO: [Timing 38-191] Multithreading enabled for timing update using a maximum of 8 CPUs
INFO: [Timing 38-78] ReportTimingParams: -max_paths 10 -nworst 1 -delay_type max -sort_by slack.
report_high_fanout_nets: Time (s): cpu = 00:00:18 ; elapsed = 00:00:09 . Memory (MB): peak = 4242.117 ; gain = 132.496 ; free physical = 9867 ; free virtual = 66238
report_high_fanout_nets: Time (s): cpu = 00:00:18 ; elapsed = 00:00:09 . Memory (MB): peak = 4242.117 ; gain = 132.496 ; free physical = 9867 ; free virtual = 66238
/ecel/UFAD/miguel.sanchez1/BNN_Contest/Apple_comp/openflex/build_vivado/outputs/high_fanout.rpt
report_route_status -file /ecel/UFAD/miguel.sanchez1/BNN_Contest/Apple_comp/openflex/build_vivado/outputs/route_status.rpt
report_design_analysis -congestion -file /ecel/UFAD/miguel.sanchez1/BNN_Contest/Apple_comp/openflex/build_vivado/outputs/cong.rpt
/ecel/UFAD/miguel.sanchez1/BNN_Contest/Apple_comp/openflex/build_vivado/outputs/cong.rpt
report_design_analysis -congestion
Copyright 1986-2021 Xilinx, Inc. All Rights Reserved.
-----------------------------------------------------------------------------------------
| Tool Version : Vivado v.2021.2 (lin64) Build 3367213 Tue Oct 19 02:47:39 MDT 2021
| Date         : Sun Apr  5 23:47:00 2026
| Host         : ece-lnx-10 running 64-bit Red Hat Enterprise Linux release 8.10 (Ootpa)
| Command      : report_design_analysis -congestion
| Design       : bnn_fcc_timing
| Device       : xcu250
| Design State : Fully Placed
-----------------------------------------------------------------------------------------

Report Design Analysis

Table of Contents
-----------------
1. Placer Final Level Congestion Reporting
2. Router Initial Congestion
3. SLR Net Crossing Reporting

1. Placer Final Level Congestion Reporting
------------------------------------------

+-----------+------+-------+--------+---------------+---------------+-----+--------+------+------+------+------+-----+-------+-----+------------+
| Direction | Type | Level | Window | Combined LUTs | Avg LUT Input | LUT | LUTRAM | Flop | MUXF | RAMB | URAM | DSP | CARRY | SRL | Cell Names |
+-----------+------+-------+--------+---------------+---------------+-----+--------+------+------+------+------+-----+-------+-----+------------+
* No congestion windows are found above level 5


2. Router Initial Congestion
----------------------------

+-----------+------+-------+--------+---------------+---------------+-----+--------+------+------+------+------+-----+-------+-----+------------+-------------+
| Direction | Type | Level | Window | Combined LUTs | Avg LUT Input | LUT | LUTRAM | Flop | MUXF | RAMB | URAM | DSP | CARRY | SRL | Cell Names | Sub Windows |
+-----------+------+-------+--------+---------------+---------------+-----+--------+------+------+------+------+-----+-------+-----+------------+-------------+
* No effective congestion windows are found above level 5


3. SLR Net Crossing Reporting
-----------------------------

+------------+-----------------------------+-------------+-------------+-------------+-------------+-------------+-------------+
| Cell Names | Number of Nets crossing SLR | 0 - 1 Cuts  | 0 - 2 Cuts  | 0 - 3 Cuts  | 1 - 2 Cuts  | 1 - 3 Cuts  | 2 - 3 Cuts  |
+------------+-----------------------------+-------------+-------------+-------------+-------------+-------------+-------------+
* Information not available. There are no nets crossing SLRs.


